09.12 19:48:48:       Rows was return: 0

09.12 19:48:48: [WEB-01 - OPEN] SMT.INCIDENT_PKG.PAUSE_CUR
p_sheet_id = 1032647 [in], o_cur = [inout]

09.12 19:48:48:       Rows was return: 0

09.12 19:48:48: [WEB-01 - OPEN] SMT.INCIDENT_PKG.STORAGE_2_0_CUR
p_sheet_id = 1032647 [in], o_cur = [inout]

09.12 19:48:48:       Rows was return: 0

09.12 19:48:48: [WEB-01 - OPEN] SMT.INCIDENT_PKG.ESCALATION_CUR
p_sheet_id = 1032647 [in], o_cur = [inout]

09.12 19:48:48:       Rows was return: 0

09.12 19:48:48: [WEB-01 - OPEN] SMT.INCIDENT_PKG.ACTION_CUR
p_sheet_id = 1032647 [in], o_cur = [inout]

09.12 19:48:49:       Rows was return: 0

09.12 19:48:49: [WEB-01 - OPEN] SMT.NSI_PKG.EQ_TREE_NEW_CUR
o_cur = [inout]

09.12 19:48:49:       Rows was return: 2748

09.12 19:48:49: SystemType: lvl = 1 : 11

09.12 19:48:49: [WEB-01 - OPEN] SMT.NSI_PKG.NSI_SOLUTION_TYPE_TREE
o_cur = [inout]

09.12 19:48:49:       Rows was return: 5

09.12 19:48:49: [WEB-01 - OPEN] SMT.INCIDENT_PKG.EQ_NEW_CLASSIF_CUR
p_sheet_id = 1032647 [in], o_cur = [inout]

09.12 19:48:49:       Rows was return: 1

09.12 19:48:49: System: parent_class_id = 974 AND lvl = 2 : 128

09.12 19:48:49: Unit: parent_class_id = 1560 AND lvl = 3 : 9

09.12 19:48:49: Detail: parent_class_id = 0 AND lvl = 4 : 64

09.12 19:48:49: [WEB-01 - OPEN] SMT.INCIDENT2_PKG.NRE_HISTORY_CUR
p_sheet_id = 1032647 [in], o_cur = [inout]

09.12 19:48:49:       Rows was return: 0

09.12 19:48:49: [WEB-01 - OPEN] SMT.INCIDENT2_PKG.NRE_EXREFUSAL_CUR
p_sheet_id = 1032647 [in], o_cur = [inout]

09.12 19:48:49:       Rows was return: 1

09.12 19:48:49: [WEB-01 - OPEN] SMT.INCIDENT2_PKG.NRE_CHRONO_CUR
p_sheet_id = 1032647 [in], o_cur = [inout]

09.12 19:48:49:       Rows was return: 1

09.12 19:57:28: [WEB-01 - OPEN] SMT.SMT_NSI_PKG.ENABLE_TABSHEET_CUR
p_state_id = 254 [in], o_cur = [inout]

09.12 19:57:30:       Rows was return: 6

09.12 19:57:30: [WEB-01 - OPEN] SMT.SMT_NSI_PKG.SMT_NSI_STATES_CUR
o_cur = [inout], o_default = 254 [inout]

09.12 19:57:31:       Rows was return: 2

09.12 19:57:31: [WEB-01 - OPEN] SMT.SMT_NSI2_PKG.NSI_DOC_LIST_CUR
o_cur = [inout]

09.12 19:57:31:       Rows was return: 11

09.12 19:57:32: [WEB-01 - OPEN] SMT.INCIDENT_PKG.INCIDENT_2_0_RECORD_SHEET
p_sheet_id = 1032650 [in], o_cur = [inout]

09.12 19:57:32:       Rows was return: 1

09.12 19:57:34: [WEB-01 - OPEN] SMT.INCIDENT_PKG.INCIDENT_RUNNING_CUR
p_sheet_id = 1032650 [in], o_cur = [inout]

09.12 19:57:34:       Rows was return: 1

09.12 19:57:34: [WEB-01 - OPEN] SMT.INCIDENT_PKG.TEAM_EXECUTOR_CUR
p_sheet_id = 1032650 [in], o_cur = [inout]

09.12 19:57:34:       Rows was return: 1

09.12 19:57:34: [WEB-01 - OPEN] SMT.INCIDENT_PKG.TEAM_LEADER_CUR
p_sheet_id = 1032650 [in], p_sign = 0 [in], o_cur = [inout]

09.12 19:57:34:       Rows was return: 0

09.12 19:57:34: [WEB-01 - OPEN] SMT.INCIDENT_PKG.TEAM_LEADER_CUR
p_sheet_id = 1032650 [in], p_sign = 1 [in], o_cur = [inout]

09.12 19:57:34:       Rows was return: 0

09.12 19:57:34: [WEB-01 - OPEN] SMT.INCIDENT_PKG.ATTACH_CUR
p_sheet_id = 1032650 [in], o_cur = [inout]

09.12 19:57:34:       Rows was return: 1

09.12 19:57:34: [WEB-01 - OPEN] SMT.TEST_PKG.RELATED_INCIDENT_CHILD_CUR
p_parent_sheet_id = 1032650 [in], o_cur = [inout]

09.12 19:57:34:       Rows was return: 0

09.12 19:57:34: [WEB-01 - OPEN] SMT.INCIDENT_PKG.PAUSE_CUR
p_sheet_id = 1032650 [in], o_cur = [inout]

09.12 19:57:34:       Rows was return: 0

09.12 19:57:34: [WEB-01 - OPEN] SMT.INCIDENT_PKG.STORAGE_2_0_CUR
p_sheet_id = 1032650 [in], o_cur = [inout]

09.12 19:57:34:       Rows was return: 0

09.12 19:57:34: [WEB-01 - OPEN] SMT.INCIDENT_PKG.ESCALATION_CUR
p_sheet_id = 1032650 [in], o_cur = [inout]

09.12 19:57:34:       Rows was return: 0

09.12 19:57:34: [WEB-01 - OPEN] SMT.INCIDENT_PKG.ACTION_CUR
p_sheet_id = 1032650 [in], o_cur = [inout]

09.12 19:57:35:       Rows was return: 0

09.12 19:57:35: [WEB-01 - OPEN] SMT.NSI_PKG.EQ_TREE_NEW_CUR
o_cur = [inout]

09.12 19:57:35:       Rows was return: 2748

09.12 19:57:35: SystemType: lvl = 1 : 11

09.12 19:57:35: [WEB-01 - OPEN] SMT.NSI_PKG.NSI_SOLUTION_TYPE_TREE
o_cur = [inout]

09.12 19:57:35:       Rows was return: 5

09.12 19:57:35: [WEB-01 - OPEN] SMT.INCIDENT_PKG.EQ_NEW_CLASSIF_CUR
p_sheet_id = 1032650 [in], o_cur = [inout]

09.12 19:57:35:       Rows was return: 1

09.12 19:57:35: System: parent_class_id = 503 AND lvl = 2 : 45

09.12 19:57:35: Unit: parent_class_id = 589 AND lvl = 3 : 9

09.12 19:57:35: Detail: parent_class_id = 0 AND lvl = 4 : 64

09.12 19:57:35: [WEB-01 - OPEN] SMT.INCIDENT2_PKG.NRE_HISTORY_CUR
p_sheet_id = 1032650 [in], o_cur = [inout]

09.12 19:57:35:       Rows was return: 0

09.12 19:57:35: [WEB-01 - OPEN] SMT.INCIDENT2_PKG.NRE_EXREFUSAL_CUR
p_sheet_id = 1032650 [in], o_cur = [inout]

09.12 19:57:36:       Rows was return: 1

09.12 19:57:36: [WEB-01 - OPEN] SMT.INCIDENT2_PKG.NRE_CHRONO_CUR
p_sheet_id = 1032650 [in], o_cur = [inout]

09.12 19:57:36:       Rows was return: 1

09.12 20:31:00: [WEB-01 - EXEC] SMT_ADM_PKG.ASUT_USER_STAT
p_id_user = 8458 [inout], p_type_s = Выход из ЕСМТ [in], p_id_session = 189482 [in], o_Err_Code = [inout], o_Err_Msg = [inout]

09.12 20:31:00: [WEB-01 - EXEC] SMT_ADM_PKG.ASUT_USER_STAT
p_id_user = 8458 [inout], p_type_s = Выход. Инциденты. [in], p_id_session = 189482 [in], o_Err_Code = [inout], o_Err_Msg = [inout]

09.12 20:32:09: [WEB-01 - EXEC] SMT.SMT_ADM_PKG.AUTHUSR
p_login = SuslovAA [in], p_pwd = VIAR1927 [in], p_kod_firm = [inout], p_firm_name = [inout], p_dol_name = [inout], p_user_id = [inout], p_access_pred_id = [inout], p_access_level_name = [inout], p_id_session = [inout], o_Err_Code = [inout], o_Err_Msg = [inout]

09.12 20:32:09: [WEB-01 - OPEN] SMT.ASUT_PERMISSION_PKG.GET_USER_FUNCTIONS
o_cur = [inout], i_asut_user_id = 8458 [in]

09.12 20:32:10:       Rows was return: 30

09.12 20:32:10: [WEB-01 - OPEN] SMT.U_USERS_ADMIN.U_USER_ADMIN_CUR
o_cur = [inout], p_user_id = 8458 [in]

09.12 20:32:10:       Rows was return: 42

09.12 20:32:10: [WEB-01 - OPEN] SMT.SMT_NSI_PKG.SMT_NSI_RESPONSIBLE_DPT_CUR
o_cur = [inout], o_default = 0 [inout]

09.12 20:32:10:       Rows was return: 307

09.12 20:32:10: [WEB-01 - OPEN] SMT.NSI_PKG.REASON_TREE_CUR
o_cur = [inout]

09.12 20:32:10:       Rows was return: 181

09.12 20:32:10: [WEB-01 - OPEN] SMT.NSI_PKG.NSI_UNIV_CUR
o_cur = [inout]

09.12 20:32:10:       Rows was return: 227

09.12 20:32:10: [WEB-01 - OPEN] SMT.NSI_PKG.TCH_FULL_LIST_CUR
o_cur = [inout]

09.12 20:32:11:       Rows was return: 1223

09.12 20:32:11: [WEB-01 - OPEN] SMT.SMT_NSI_PKG.SMT_NSI_DEPOT_PLAIN_CUR
p_road_kod = 0 [in], o_cur = [inout]

09.12 20:32:11:       Rows was return: 250

09.12 20:32:11: [WEB-01 - OPEN] SMT.NSI_PKG.NSI_STATION_CUR
o_cur = [inout]

09.12 20:32:12:       Rows was return: 15227

09.12 20:32:12: [WEB-01 - OPEN] SMT.NSI_PKG.NSI_PEREG_CUR
o_cur = [inout]

09.12 20:32:16:       Rows was return: 5919

09.12 20:32:16: [WEB-01 - OPEN] SMT.NSI_PKG.EQ_MFR_CUR
o_cur = [inout]

09.12 20:32:21:       Rows was return: 299

09.12 20:32:21: [WEB-01 - OPEN] SMT.SMT_REPORT_PKG.FIRM_TREE_CUR
p_id_user = 8458 [in], p_code_object = aIncident [in], o_cur = [inout]

09.12 20:32:22:       Rows was return: 241

09.12 20:32:22: [WEB-01 - OPEN] SMT.SMT_NSI_PKG.NSI_ENTER_DEPOT_REASON_CUR
o_cur = [inout]

09.12 20:32:22:       Rows was return: 21

09.12 20:32:22: [WEB-01 - OPEN] SMT.NSI_PKG.KASANT_STATE_SAFETY_CUR
o_cur = [inout]

09.12 20:32:22:       Rows was return: 727

09.12 20:32:22: [WEB-01 - OPEN] SMT.NSI_PKG.TCHR_FULL_LIST_CUR
o_cur = [inout]

09.12 20:32:22:       Rows was return: 233

09.12 20:32:22: [WEB-01 - OPEN] SMT.NSI_PKG.TCHR_LIST_CUR
p_id_user = 8458 [in], p_code_object = aIncident [in], o_cur = [inout]

09.12 20:32:23:       Rows was return: 225

09.12 20:32:23: [WEB-01 - OPEN] SMT.NSI_PKG.EQ_AGG_TYPE_CUR
o_cur = [inout]

09.12 20:32:23:       Rows was return: 101

09.12 20:32:25: [WEB-01 - OPEN] SMT.SMT_NSI_PKG.FTP_SETTINGS_CUR
o_cur = [inout]

09.12 20:32:25:       Rows was return: 1

09.12 20:32:25: [WEB-01 - OPEN] SMT.APP_NSI_PKG.FIRM_TREE_CUR
p_id_user = 8458 [in], p_code_object = aIncident [in], o_cur = [inout]

09.12 20:32:25:       Rows was return: 253

09.12 20:32:29: [WEB-01 - OPEN] SMT.SMT_NSI2_PKG.NSI_DOC_LIST_CUR
o_cur = [inout]

09.12 20:32:29:       Rows was return: 11

09.12 20:32:29: [WEB-01 - OPEN] SMT.NSI_PKG.LOC_SER_2_0_CUR
o_cur = [inout]

09.12 20:32:30:       Rows was return: 130

09.12 20:32:30: [WEB-01 - OPEN] SMT.SMT_NSI2_PKG.NOM_SER_LOC_CUR
o_cur = [inout], p_kod_ser = 0 [in]

09.12 20:32:30:       Rows was return: 1

09.12 20:32:30: [WEB-01 - EXEC] SMT_ADM_PKG.ASUT_USER_STAT
p_id_user = 8458 [inout], p_type_s = Вход. Инциденты. [in], p_id_session = 189483 [in], o_Err_Code = [inout], o_Err_Msg = [inout]

09.12 20:32:34: [WEB-01 - OPEN] SMT.INCIDENT2_PKG.INCIDENT_2_0_NLOC_SER_LIST_CUR
p_date_begin = 07.11.2019 [in], p_date_finish = 02.12.2019 [in], p_show_all = 1 [in], p_relation_type = 0 [in], p_access = 599003400 [in], p_kod_ser = 0 [in], p_nom_sec = -1 [in], p_nom_object = 0 [in], o_cur = [inout]

09.12 20:33:04:       Rows was return: 49

09.12 20:33:04: [WEB-01 - OPEN] SMT.INCIDENT2_PKG.INCIDENT_2_0_NLOC_SER_LIST_CUR
p_date_begin = 07.11.2019 [in], p_date_finish = 02.12.2019 [in], p_show_all = 1 [in], p_relation_type = 1 [in], p_access = 599003400 [in], p_kod_ser = 0 [in], p_nom_sec = -1 [in], p_nom_object = 0 [in], o_cur = [inout]

09.12 20:33:30:       Rows was return: 0

09.12 20:33:33: [WEB-01 - OPEN] SMT.SMT_NSI_PKG.ENABLE_TABSHEET_CUR
p_state_id = 254 [in], o_cur = [inout]

09.12 20:33:33:       Rows was return: 6

09.12 20:33:33: [WEB-01 - OPEN] SMT.SMT_NSI_PKG.SMT_NSI_STATES_CUR
o_cur = [inout], o_default = 254 [inout]

09.12 20:33:33:       Rows was return: 2

09.12 20:33:33: [WEB-01 - OPEN] SMT.SMT_NSI2_PKG.NSI_DOC_LIST_CUR
o_cur = [inout]

09.12 20:33:33:       Rows was return: 11

09.12 20:33:34: [WEB-01 - OPEN] SMT.INCIDENT_PKG.INCIDENT_2_0_RECORD_SHEET
p_sheet_id = 1032647 [in], o_cur = [inout]

09.12 20:33:37:       Rows was return: 1

09.12 20:33:38: [WEB-01 - OPEN] SMT.INCIDENT_PKG.INCIDENT_RUNNING_CUR
p_sheet_id = 1032647 [in], o_cur = [inout]

09.12 20:33:38:       Rows was return: 1

09.12 20:33:38: [WEB-01 - OPEN] SMT.INCIDENT_PKG.TEAM_EXECUTOR_CUR
p_sheet_id = 1032647 [in], o_cur = [inout]

09.12 20:33:38:       Rows was return: 1

09.12 20:33:38: [WEB-01 - OPEN] SMT.INCIDENT_PKG.TEAM_LEADER_CUR
p_sheet_id = 1032647 [in], p_sign = 0 [in], o_cur = [inout]

09.12 20:33:38:       Rows was return: 0

09.12 20:33:38: [WEB-01 - OPEN] SMT.INCIDENT_PKG.TEAM_LEADER_CUR
p_sheet_id = 1032647 [in], p_sign = 1 [in], o_cur = [inout]

09.12 20:33:38:       Rows was return: 0

09.12 20:33:38: [WEB-01 - OPEN] SMT.INCIDENT_PKG.ATTACH_CUR
p_sheet_id = 1032647 [in], o_cur = [inout]

09.12 20:33:38:       Rows was return: 1

09.12 20:33:38: [WEB-01 - OPEN] SMT.TEST_PKG.RELATED_INCIDENT_CHILD_CUR
p_parent_sheet_id = 1032647 [in], o_cur = [inout]

09.12 20:33:43:       Rows was return: 0

09.12 20:33:43: [WEB-01 - OPEN] SMT.INCIDENT_PKG.PAUSE_CUR
p_sheet_id = 1032647 [in], o_cur = [inout]

09.12 20:33:43:       Rows was return: 0

09.12 20:33:43: [WEB-01 - OPEN] SMT.INCIDENT_PKG.STORAGE_2_0_CUR
p_sheet_id = 1032647 [in], o_cur = [inout]

09.12 20:33:43:       Rows was return: 0

09.12 20:33:43: [WEB-01 - OPEN] SMT.INCIDENT_PKG.ESCALATION_CUR
p_sheet_id = 1032647 [in], o_cur = [inout]

09.12 20:33:43:       Rows was return: 0

09.12 20:33:43: [WEB-01 - OPEN] SMT.INCIDENT_PKG.ACTION_CUR
p_sheet_id = 1032647 [in], o_cur = [inout]

09.12 20:33:43:       Rows was return: 0

09.12 20:33:43: [WEB-01 - OPEN] SMT.NSI_PKG.EQ_TREE_NEW_CUR
o_cur = [inout]

09.12 20:33:43:       Rows was return: 2748

09.12 20:33:43: SystemType: lvl = 1 : 11

09.12 20:33:43: [WEB-01 - OPEN] SMT.NSI_PKG.NSI_SOLUTION_TYPE_TREE
o_cur = [inout]

09.12 20:33:48:       Rows was return: 5

09.12 20:33:48: [WEB-01 - OPEN] SMT.INCIDENT_PKG.EQ_NEW_CLASSIF_CUR
p_sheet_id = 1032647 [in], o_cur = [inout]

09.12 20:33:49:       Rows was return: 1

09.12 20:33:49: System: parent_class_id = 974 AND lvl = 2 : 128

09.12 20:33:49: Unit: parent_class_id = 1560 AND lvl = 3 : 9

09.12 20:33:49: Detail: parent_class_id = 0 AND lvl = 4 : 64

09.12 20:33:49: [WEB-01 - OPEN] SMT.INCIDENT2_PKG.NRE_HISTORY_CUR
p_sheet_id = 1032647 [in], o_cur = [inout]

09.12 20:33:49:       Rows was return: 0

09.12 20:33:49: [WEB-01 - OPEN] SMT.INCIDENT2_PKG.NRE_EXREFUSAL_CUR
p_sheet_id = 1032647 [in], o_cur = [inout]

09.12 20:33:49:       Rows was return: 1

09.12 20:33:49: [WEB-01 - OPEN] SMT.INCIDENT2_PKG.NRE_CHRONO_CUR
p_sheet_id = 1032647 [in], o_cur = [inout]

09.12 20:33:49:       Rows was return: 1

09.12 21:14:11: [WEB-01 - OPEN] SMT.INCIDENT2_PKG.INCIDENT_2_0_NLOC_SER_LIST_CUR
p_date_begin = 07.11.2019 [in], p_date_finish = 02.12.2019 [in], p_show_all = 1 [in], p_relation_type = 0 [in], p_access = 599003456 [in], p_kod_ser = 0 [in], p_nom_sec = -1 [in], p_nom_object = 0 [in], o_cur = [inout]

09.12 21:14:22:       Rows was return: 34

09.12 21:14:23: [WEB-01 - OPEN] SMT.INCIDENT2_PKG.INCIDENT_2_0_NLOC_SER_LIST_CUR
p_date_begin = 07.11.2019 [in], p_date_finish = 02.12.2019 [in], p_show_all = 1 [in], p_relation_type = 1 [in], p_access = 599003456 [in], p_kod_ser = 0 [in], p_nom_sec = -1 [in], p_nom_object = 0 [in], o_cur = [inout]

09.12 21:14:33:       Rows was return: 0

09.12 21:15:09: [WEB-01 - OPEN] SMT.SMT_NSI_PKG.ENABLE_TABSHEET_CUR
p_state_id = 3 [in], o_cur = [inout]

09.12 21:15:09:       Rows was return: 5

09.12 21:15:09: [WEB-01 - OPEN] SMT.SMT_NSI_PKG.SMT_NSI_STATES_CUR
o_cur = [inout], o_default = 3 [inout]

09.12 21:15:09:       Rows was return: 3

09.12 21:15:09: [WEB-01 - OPEN] SMT.SMT_NSI2_PKG.NSI_DOC_LIST_CUR
o_cur = [inout]

09.12 21:15:09:       Rows was return: 11

09.12 21:15:10: [WEB-01 - OPEN] SMT.INCIDENT_PKG.INCIDENT_2_0_RECORD_SHEET
p_sheet_id = 1032735 [in], o_cur = [inout]

09.12 21:15:10:       Rows was return: 1

09.12 21:15:11: [WEB-01 - OPEN] SMT.INCIDENT_PKG.INCIDENT_RUNNING_CUR
p_sheet_id = 1032735 [in], o_cur = [inout]

09.12 21:15:11:       Rows was return: 1

09.12 21:15:11: [WEB-01 - OPEN] SMT.INCIDENT_PKG.TEAM_EXECUTOR_CUR
p_sheet_id = 1032735 [in], o_cur = [inout]

09.12 21:15:11:       Rows was return: 0

09.12 21:15:11: [WEB-01 - OPEN] SMT.INCIDENT_PKG.TEAM_LEADER_CUR
p_sheet_id = 1032735 [in], p_sign = 0 [in], o_cur = [inout]

09.12 21:15:11:       Rows was return: 0

09.12 21:15:11: [WEB-01 - OPEN] SMT.INCIDENT_PKG.TEAM_LEADER_CUR
p_sheet_id = 1032735 [in], p_sign = 1 [in], o_cur = [inout]

09.12 21:15:11:       Rows was return: 0

09.12 21:15:11: [WEB-01 - OPEN] SMT.INCIDENT_PKG.ATTACH_CUR
p_sheet_id = 1032735 [in], o_cur = [inout]

09.12 21:15:11:       Rows was return: 0

09.12 21:15:11: [WEB-01 - OPEN] SMT.TEST_PKG.RELATED_INCIDENT_CHILD_CUR
p_parent_sheet_id = 1032735 [in], o_cur = [inout]

09.12 21:15:15:       Rows was return: 0

09.12 21:15:15: [WEB-01 - OPEN] SMT.INCIDENT_PKG.PAUSE_CUR
p_sheet_id = 1032735 [in], o_cur = [inout]

09.12 21:15:15:       Rows was return: 0

09.12 21:15:15: [WEB-01 - OPEN] SMT.INCIDENT_PKG.STORAGE_2_0_CUR
p_sheet_id = 1032735 [in], o_cur = [inout]

09.12 21:15:15:       Rows was return: 0

09.12 21:15:15: [WEB-01 - OPEN] SMT.INCIDENT_PKG.ESCALATION_CUR
p_sheet_id = 1032735 [in], o_cur = [inout]

09.12 21:15:15:       Rows was return: 0

09.12 21:15:15: [WEB-01 - OPEN] SMT.INCIDENT_PKG.ACTION_CUR
p_sheet_id = 1032735 [in], o_cur = [inout]

09.12 21:15:15:       Rows was return: 0

09.12 21:15:15: [WEB-01 - OPEN] SMT.NSI_PKG.EQ_TREE_NEW_CUR
o_cur = [inout]

09.12 21:15:16:       Rows was return: 2748

09.12 21:15:16: SystemType: lvl = 1 : 11

09.12 21:15:16: [WEB-01 - OPEN] SMT.NSI_PKG.NSI_SOLUTION_TYPE_TREE
o_cur = [inout]

09.12 21:15:16:       Rows was return: 5

09.12 21:15:16: [WEB-01 - OPEN] SMT.INCIDENT_PKG.EQ_NEW_CLASSIF_CUR
p_sheet_id = 1032735 [in], o_cur = [inout]

09.12 21:15:16:       Rows was return: 1

09.12 21:15:16: System: parent_class_id = 0 AND lvl = 2 : 36

09.12 21:15:16: Unit: parent_class_id = 0 AND lvl = 3 : 141

09.12 21:15:16: Detail: parent_class_id = 0 AND lvl = 4 : 64

09.12 21:15:16: [WEB-01 - OPEN] SMT.INCIDENT2_PKG.UNPLANNED_REPAIR_CUR
p_sheet_id = 1032735 [in], o_cur = [inout]

09.12 21:15:16:       Rows was return: 0

10.12 13:16:03: [WEB-01 - OPEN] SMT.SMT_NSI_PKG.ENABLE_TABSHEET_CUR
p_state_id = 3 [in], o_cur = [inout]

10.12 13:16:03:       Rows was return: 5

10.12 13:16:03: [WEB-01 - OPEN] SMT.SMT_NSI_PKG.SMT_NSI_STATES_CUR
o_cur = [inout], o_default = 3 [inout]

10.12 13:16:03:       Rows was return: 3

10.12 13:16:03: [WEB-01 - OPEN] SMT.SMT_NSI2_PKG.NSI_DOC_LIST_CUR
o_cur = [inout]

10.12 13:16:03:       Rows was return: 11

10.12 13:16:04: [WEB-01 - OPEN] SMT.INCIDENT_PKG.INCIDENT_2_0_RECORD_SHEET
p_sheet_id = 1032735 [in], o_cur = [inout]

10.12 13:16:04:       Rows was return: 1

10.12 13:16:05: [WEB-01 - OPEN] SMT.INCIDENT_PKG.INCIDENT_RUNNING_CUR
p_sheet_id = 1032735 [in], o_cur = [inout]

10.12 13:16:07:       Rows was return: 1

10.12 13:16:07: [WEB-01 - OPEN] SMT.INCIDENT_PKG.TEAM_EXECUTOR_CUR
p_sheet_id = 1032735 [in], o_cur = [inout]

10.12 13:16:08:       Rows was return: 0

10.12 13:16:08: [WEB-01 - OPEN] SMT.INCIDENT_PKG.TEAM_LEADER_CUR
p_sheet_id = 1032735 [in], p_sign = 0 [in], o_cur = [inout]

10.12 13:16:08:       Rows was return: 0

10.12 13:16:08: [WEB-01 - OPEN] SMT.INCIDENT_PKG.TEAM_LEADER_CUR
p_sheet_id = 1032735 [in], p_sign = 1 [in], o_cur = [inout]

10.12 13:16:08:       Rows was return: 0

10.12 13:16:08: [WEB-01 - OPEN] SMT.INCIDENT_PKG.ATTACH_CUR
p_sheet_id = 1032735 [in], o_cur = [inout]

10.12 13:16:08:       Rows was return: 0

10.12 13:16:08: [WEB-01 - OPEN] SMT.TEST_PKG.RELATED_INCIDENT_CHILD_CUR
p_parent_sheet_id = 1032735 [in], o_cur = [inout]

10.12 13:16:08:       Rows was return: 0

10.12 13:16:08: [WEB-01 - OPEN] SMT.INCIDENT_PKG.PAUSE_CUR
p_sheet_id = 1032735 [in], o_cur = [inout]

10.12 13:16:08:       Rows was return: 0

10.12 13:16:08: [WEB-01 - OPEN] SMT.INCIDENT_PKG.STORAGE_2_0_CUR
p_sheet_id = 1032735 [in], o_cur = [inout]

10.12 13:16:08:       Rows was return: 0

10.12 13:16:08: [WEB-01 - OPEN] SMT.INCIDENT_PKG.ESCALATION_CUR
p_sheet_id = 1032735 [in], o_cur = [inout]

10.12 13:16:08:       Rows was return: 0

10.12 13:16:08: [WEB-01 - OPEN] SMT.INCIDENT_PKG.ACTION_CUR
p_sheet_id = 1032735 [in], o_cur = [inout]

10.12 13:16:08:       Rows was return: 0

10.12 13:16:08: [WEB-01 - OPEN] SMT.NSI_PKG.EQ_TREE_NEW_CUR
o_cur = [inout]

10.12 13:16:08:       Rows was return: 2748

10.12 13:16:08: SystemType: lvl = 1 : 11

10.12 13:16:08: [WEB-01 - OPEN] SMT.NSI_PKG.NSI_SOLUTION_TYPE_TREE
o_cur = [inout]

10.12 13:16:08:       Rows was return: 5

10.12 13:16:08: [WEB-01 - OPEN] SMT.INCIDENT_PKG.EQ_NEW_CLASSIF_CUR
p_sheet_id = 1032735 [in], o_cur = [inout]

10.12 13:16:09:       Rows was return: 1

10.12 13:16:09: System: parent_class_id = 0 AND lvl = 2 : 36

10.12 13:16:09: Unit: parent_class_id = 0 AND lvl = 3 : 141

10.12 13:16:09: Detail: parent_class_id = 0 AND lvl = 4 : 64

10.12 13:16:09: [WEB-01 - OPEN] SMT.INCIDENT2_PKG.UNPLANNED_REPAIR_CUR
p_sheet_id = 1032735 [in], o_cur = [inout]

10.12 13:16:09:       Rows was return: 0

10.12 13:16:15: [WEB-01 - EXEC] SMT_ADM_PKG.ASUT_USER_STAT
p_id_user = 8458 [inout], p_type_s = Выход из ЕСМТ [in], p_id_session = 189483 [in], o_Err_Code = [inout], o_Err_Msg = [inout]

10.12 13:16:16: [WEB-01 - EXEC] SMT_ADM_PKG.ASUT_USER_STAT
p_id_user = 8458 [inout], p_type_s = Выход. Инциденты. [in], p_id_session = 189483 [in], o_Err_Code = [inout], o_Err_Msg = [inout]

10.12 13:16:25: [WEB-01 - EXEC] SMT.SMT_ADM_PKG.AUTHUSR
p_login = SuslovAA [in], p_pwd = VIAR1927 [in], p_kod_firm = [inout], p_firm_name = [inout], p_dol_name = [inout], p_user_id = [inout], p_access_pred_id = [inout], p_access_level_name = [inout], p_id_session = [inout], o_Err_Code = [inout], o_Err_Msg = [inout]

10.12 13:16:26: [WEB-01 - OPEN] SMT.ASUT_PERMISSION_PKG.GET_USER_FUNCTIONS
o_cur = [inout], i_asut_user_id = 8458 [in]

10.12 13:16:26:       Rows was return: 30

10.12 13:16:26: [WEB-01 - OPEN] SMT.U_USERS_ADMIN.U_USER_ADMIN_CUR
o_cur = [inout], p_user_id = 8458 [in]

10.12 13:16:26:       Rows was return: 42

10.12 13:16:26: [WEB-01 - OPEN] SMT.SMT_NSI_PKG.SMT_NSI_RESPONSIBLE_DPT_CUR
o_cur = [inout], o_default = 0 [inout]

10.12 13:16:26:       Rows was return: 307

10.12 13:16:26: [WEB-01 - OPEN] SMT.NSI_PKG.REASON_TREE_CUR
o_cur = [inout]

10.12 13:16:26:       Rows was return: 181

10.12 13:16:26: [WEB-01 - OPEN] SMT.NSI_PKG.NSI_UNIV_CUR
o_cur = [inout]

10.12 13:16:26:       Rows was return: 227

10.12 13:16:26: [WEB-01 - OPEN] SMT.NSI_PKG.TCH_FULL_LIST_CUR
o_cur = [inout]

10.12 13:16:26:       Rows was return: 1223

10.12 13:16:26: [WEB-01 - OPEN] SMT.SMT_NSI_PKG.SMT_NSI_DEPOT_PLAIN_CUR
p_road_kod = 0 [in], o_cur = [inout]

10.12 13:16:27:       Rows was return: 250

10.12 13:16:27: [WEB-01 - OPEN] SMT.NSI_PKG.NSI_STATION_CUR
o_cur = [inout]

10.12 13:16:28:       Rows was return: 15227

10.12 13:16:28: [WEB-01 - OPEN] SMT.NSI_PKG.NSI_PEREG_CUR
o_cur = [inout]

10.12 13:16:29:       Rows was return: 5919

10.12 13:16:29: [WEB-01 - OPEN] SMT.NSI_PKG.EQ_MFR_CUR
o_cur = [inout]

10.12 13:16:29:       Rows was return: 299

10.12 13:16:29: [WEB-01 - OPEN] SMT.SMT_REPORT_PKG.FIRM_TREE_CUR
p_id_user = 8458 [in], p_code_object = aIncident [in], o_cur = [inout]

10.12 13:16:30:       Rows was return: 242

10.12 13:16:30: [WEB-01 - OPEN] SMT.SMT_NSI_PKG.NSI_ENTER_DEPOT_REASON_CUR
o_cur = [inout]

10.12 13:16:30:       Rows was return: 21

10.12 13:16:30: [WEB-01 - OPEN] SMT.NSI_PKG.KASANT_STATE_SAFETY_CUR
o_cur = [inout]

10.12 13:16:30:       Rows was return: 727

10.12 13:16:30: [WEB-01 - OPEN] SMT.NSI_PKG.TCHR_FULL_LIST_CUR
o_cur = [inout]

10.12 13:16:30:       Rows was return: 232

10.12 13:16:30: [WEB-01 - OPEN] SMT.NSI_PKG.TCHR_LIST_CUR
p_id_user = 8458 [in], p_code_object = aIncident [in], o_cur = [inout]

10.12 13:16:31:       Rows was return: 226

10.12 13:16:31: [WEB-01 - OPEN] SMT.NSI_PKG.EQ_AGG_TYPE_CUR
o_cur = [inout]

10.12 13:16:31:       Rows was return: 101

10.12 13:16:33: [WEB-01 - OPEN] SMT.SMT_NSI_PKG.FTP_SETTINGS_CUR
o_cur = [inout]

10.12 13:16:33:       Rows was return: 1

10.12 13:16:33: [WEB-01 - OPEN] SMT.APP_NSI_PKG.FIRM_TREE_CUR
p_id_user = 8458 [in], p_code_object = aIncident [in], o_cur = [inout]

10.12 13:16:33:       Rows was return: 253

10.12 13:16:36: [WEB-01 - OPEN] SMT.SMT_NSI2_PKG.NSI_DOC_LIST_CUR
o_cur = [inout]

10.12 13:16:36:       Rows was return: 11

10.12 13:16:36: [WEB-01 - OPEN] SMT.NSI_PKG.LOC_SER_2_0_CUR
o_cur = [inout]

10.12 13:16:36:       Rows was return: 130

10.12 13:16:36: [WEB-01 - OPEN] SMT.SMT_NSI2_PKG.NOM_SER_LOC_CUR
o_cur = [inout], p_kod_ser = 0 [in]

10.12 13:16:36:       Rows was return: 1

10.12 13:16:37: [WEB-01 - EXEC] SMT_ADM_PKG.ASUT_USER_STAT
p_id_user = 8458 [inout], p_type_s = Вход. Инциденты. [in], p_id_session = 189539 [in], o_Err_Code = [inout], o_Err_Msg = [inout]

10.12 13:16:39: [WEB-01 - OPEN] SMT.INCIDENT2_PKG.INCIDENT_2_0_NLOC_SER_LIST_CUR
p_date_begin = 07.11.2019 [in], p_date_finish = 02.12.2019 [in], p_show_all = 1 [in], p_relation_type = 0 [in], p_access = 599003456 [in], p_kod_ser = 0 [in], p_nom_sec = -1 [in], p_nom_object = 0 [in], o_cur = [inout]

10.12 13:18:02:       Rows was return: 31

10.12 13:18:02: [WEB-01 - OPEN] SMT.INCIDENT2_PKG.INCIDENT_2_0_NLOC_SER_LIST_CUR
p_date_begin = 07.11.2019 [in], p_date_finish = 02.12.2019 [in], p_show_all = 1 [in], p_relation_type = 1 [in], p_access = 599003456 [in], p_kod_ser = 0 [in], p_nom_sec = -1 [in], p_nom_object = 0 [in], o_cur = [inout]

10.12 13:18:12:       Rows was return: 0

10.12 13:19:02: [WEB-01 - OPEN] SMT.SMT_NSI_PKG.ENABLE_TABSHEET_CUR
p_state_id = 3 [in], o_cur = [inout]

10.12 13:19:05:       Rows was return: 5

10.12 13:19:05: [WEB-01 - OPEN] SMT.SMT_NSI_PKG.SMT_NSI_STATES_CUR
o_cur = [inout], o_default = 3 [inout]

10.12 13:19:05:       Rows was return: 3

10.12 13:19:05: [WEB-01 - OPEN] SMT.SMT_NSI2_PKG.NSI_DOC_LIST_CUR
o_cur = [inout]

10.12 13:19:05:       Rows was return: 11

10.12 13:19:06: [WEB-01 - OPEN] SMT.INCIDENT_PKG.INCIDENT_2_0_RECORD_SHEET
p_sheet_id = 1031932 [in], o_cur = [inout]

10.12 13:19:06:       Rows was return: 1

10.12 13:19:07: [WEB-01 - OPEN] SMT.SMT_LOC_PARK_PKG.RUNNING_CUR
p_kod_ser_asoup = 226 [in], p_nom_tpe = 785 [in], p_idx = 2 [in], p_date = 26.11.2019 15:16:00 [in], o_cur = [inout]

10.12 13:19:07:       Rows was return: 1

10.12 13:19:07: [WEB-01 - EXEC] SMT.INCIDENT_PKG.INCIDENT_RUNNING_IU
p_sheet_id = 1031932 [in], p_build_date = 18.07.1971 [in], p_build_firm = 0 [in], p_build_running = 5995484 [in], p_build_running_sut = 17663 [in], p_kr_date = 24.01.2012 [in], p_kr_firm = 31816 [in], p_kr_running = 966450 [in], p_kr_running_sut = 2133 [in], p_sr_date = 25.04.2019 [in], p_sr_firm = 31816 [in], p_sr_running = 48394 [in], p_sr_running_sut = 143 [in], p_tr3_date = 25.04.2019 [in], p_tr3_firm = 31816 [in], p_tr3_running = 48394 [in], p_tr3_running_sut = 143 [in], p_tr2_date = 25.04.2019 [in], p_tr2_firm = 31816 [in], p_tr2_running = 48394 [in], p_tr2_running_sut = 143 [in], p_tr1_date = 25.04.2019 [in], p_tr1_firm = 31816 [in], p_tr1_running = 48394 [in], p_tr1_running_sut = 143 [in], p_to3_date = 25.04.2019 [in], p_to3_firm = 31816 [in], p_to3_running = 48394 [in], p_to3_running_sut = 143 [in], p_to2_date = 25.11.2019 12:19:00 [in], p_to2_firm = 366175 [in], p_to2_running = 220 [in], p_to2_running_sut = 20 [in], o_Err_Code = [inout], o_Err_Msg = [inout]

10.12 13:19:08: [WEB-01 - OPEN] SMT.INCIDENT_PKG.TEAM_EXECUTOR_CUR
p_sheet_id = 1031932 [in], o_cur = [inout]

10.12 13:19:08:       Rows was return: 0

10.12 13:19:08: [WEB-01 - OPEN] SMT.INCIDENT_PKG.TEAM_LEADER_CUR
p_sheet_id = 1031932 [in], p_sign = 0 [in], o_cur = [inout]

10.12 13:19:08:       Rows was return: 0

10.12 13:19:08: [WEB-01 - OPEN] SMT.INCIDENT_PKG.TEAM_LEADER_CUR
p_sheet_id = 1031932 [in], p_sign = 1 [in], o_cur = [inout]

10.12 13:19:08:       Rows was return: 0

10.12 13:19:08: [WEB-01 - OPEN] SMT.INCIDENT_PKG.ATTACH_CUR
p_sheet_id = 1031932 [in], o_cur = [inout]

10.12 13:19:08:       Rows was return: 0

10.12 13:19:08: [WEB-01 - OPEN] SMT.TEST_PKG.RELATED_INCIDENT_CHILD_CUR
p_parent_sheet_id = 1031932 [in], o_cur = [inout]

10.12 13:19:08:       Rows was return: 0

10.12 13:19:08: [WEB-01 - OPEN] SMT.INCIDENT_PKG.PAUSE_CUR
p_sheet_id = 1031932 [in], o_cur = [inout]

10.12 13:19:08:       Rows was return: 0

10.12 13:19:08: [WEB-01 - OPEN] SMT.INCIDENT_PKG.STORAGE_2_0_CUR
p_sheet_id = 1031932 [in], o_cur = [inout]

10.12 13:19:08:       Rows was return: 0

10.12 13:19:08: [WEB-01 - OPEN] SMT.INCIDENT_PKG.ESCALATION_CUR
p_sheet_id = 1031932 [in], o_cur = [inout]

10.12 13:19:08:       Rows was return: 0

10.12 13:19:08: [WEB-01 - OPEN] SMT.INCIDENT_PKG.ACTION_CUR
p_sheet_id = 1031932 [in], o_cur = [inout]

10.12 13:19:08:       Rows was return: 0

10.12 13:19:08: [WEB-01 - OPEN] SMT.NSI_PKG.EQ_TREE_NEW_CUR
o_cur = [inout]

10.12 13:19:08:       Rows was return: 2748

10.12 13:19:08: SystemType: lvl = 1 : 11

10.12 13:19:08: [WEB-01 - OPEN] SMT.NSI_PKG.NSI_SOLUTION_TYPE_TREE
o_cur = [inout]

10.12 13:19:09:       Rows was return: 5

10.12 13:19:09: [WEB-01 - OPEN] SMT.INCIDENT_PKG.EQ_NEW_CLASSIF_CUR
p_sheet_id = 1031932 [in], o_cur = [inout]

10.12 13:19:09:       Rows was return: 1

10.12 13:19:09: System: parent_class_id = 0 AND lvl = 2 : 36

10.12 13:19:09: Unit: parent_class_id = 0 AND lvl = 3 : 141

10.12 13:19:09: Detail: parent_class_id = 0 AND lvl = 4 : 64

10.12 13:19:09: [WEB-01 - OPEN] SMT.INCIDENT2_PKG.UNPLANNED_REPAIR_CUR
p_sheet_id = 1031932 [in], o_cur = [inout]

10.12 13:19:09:       Rows was return: 0

10.12 13:21:25: [WEB-01 - OPEN] SMT.INCIDENT2_PKG.INCIDENT_2_0_NLOC_SER_LIST_CUR
p_date_begin = 07.11.2019 [in], p_date_finish = 02.12.2019 [in], p_show_all = 1 [in], p_relation_type = 0 [in], p_access = 599003456 [in], p_kod_ser = 0 [in], p_nom_sec = -1 [in], p_nom_object = 0 [in], o_cur = [inout]

10.12 13:21:35:       Rows was return: 31

10.12 13:21:35: [WEB-01 - OPEN] SMT.INCIDENT2_PKG.INCIDENT_2_0_NLOC_SER_LIST_CUR
p_date_begin = 07.11.2019 [in], p_date_finish = 02.12.2019 [in], p_show_all = 1 [in], p_relation_type = 1 [in], p_access = 599003456 [in], p_kod_ser = 0 [in], p_nom_sec = -1 [in], p_nom_object = 0 [in], o_cur = [inout]

10.12 13:21:46:       Rows was return: 0

10.12 13:36:38: [WEB-01 - OPEN] SMT.INCIDENT2_PKG.INCIDENT_2_0_NLOC_SER_LIST_CUR
p_date_begin = 07.11.2019 [in], p_date_finish = 02.12.2019 [in], p_show_all = 1 [in], p_relation_type = 0 [in], p_access = 599003217 [in], p_kod_ser = 0 [in], p_nom_sec = -1 [in], p_nom_object = 0 [in], o_cur = [inout]

10.12 13:37:03:       Rows was return: 100

10.12 13:37:03: [WEB-01 - OPEN] SMT.INCIDENT2_PKG.INCIDENT_2_0_NLOC_SER_LIST_CUR
p_date_begin = 07.11.2019 [in], p_date_finish = 02.12.2019 [in], p_show_all = 1 [in], p_relation_type = 1 [in], p_access = 599003217 [in], p_kod_ser = 0 [in], p_nom_sec = -1 [in], p_nom_object = 0 [in], o_cur = [inout]

10.12 13:37:29:       Rows was return: 0

10.12 13:41:13: [WEB-01 - OPEN] SMT.SMT_NSI_PKG.ENABLE_TABSHEET_CUR
p_state_id = 10 [in], o_cur = [inout]

10.12 13:41:13:       Rows was return: 16

10.12 13:41:13: [WEB-01 - OPEN] SMT.SMT_NSI_PKG.SMT_NSI_STATES_CUR
o_cur = [inout], o_default = 10 [inout]

10.12 13:41:13:       Rows was return: 1

10.12 13:41:13: [WEB-01 - OPEN] SMT.SMT_NSI2_PKG.NSI_DOC_LIST_CUR
o_cur = [inout]

10.12 13:41:13:       Rows was return: 11

10.12 13:41:14: [WEB-01 - OPEN] SMT.INCIDENT_PKG.INCIDENT_2_0_RECORD_SHEET
p_sheet_id = 1032996 [in], o_cur = [inout]

10.12 13:41:14:       Rows was return: 1

10.12 13:41:15: [WEB-01 - OPEN] SMT.INCIDENT_PKG.INCIDENT_RUNNING_CUR
p_sheet_id = 1032996 [in], o_cur = [inout]

10.12 13:41:15:       Rows was return: 1

10.12 13:41:15: [WEB-01 - OPEN] SMT.INCIDENT_PKG.TEAM_EXECUTOR_CUR
p_sheet_id = 1032996 [in], o_cur = [inout]

10.12 13:41:15:       Rows was return: 1

10.12 13:41:15: [WEB-01 - OPEN] SMT.INCIDENT_PKG.TEAM_LEADER_CUR
p_sheet_id = 1032996 [in], p_sign = 0 [in], o_cur = [inout]

10.12 13:41:15:       Rows was return: 1

10.12 13:41:15: [WEB-01 - OPEN] SMT.INCIDENT_PKG.TEAM_LEADER_CUR
p_sheet_id = 1032996 [in], p_sign = 1 [in], o_cur = [inout]

10.12 13:41:15:       Rows was return: 1

10.12 13:41:15: [WEB-01 - OPEN] SMT.INCIDENT_PKG.ATTACH_CUR
p_sheet_id = 1032996 [in], o_cur = [inout]

10.12 13:41:16:       Rows was return: 1

10.12 13:41:16: [WEB-01 - OPEN] SMT.TEST_PKG.RELATED_INCIDENT_CHILD_CUR
p_parent_sheet_id = 1032996 [in], o_cur = [inout]

10.12 13:41:16:       Rows was return: 0

10.12 13:41:16: [WEB-01 - OPEN] SMT.INCIDENT_PKG.PAUSE_CUR
p_sheet_id = 1032996 [in], o_cur = [inout]

10.12 13:41:16:       Rows was return: 0

10.12 13:41:16: [WEB-01 - OPEN] SMT.INCIDENT_PKG.STORAGE_2_0_CUR
p_sheet_id = 1032996 [in], o_cur = [inout]

10.12 13:41:16:       Rows was return: 0

10.12 13:41:16: [WEB-01 - OPEN] SMT.INCIDENT_PKG.ESCALATION_CUR
p_sheet_id = 1032996 [in], o_cur = [inout]

10.12 13:41:16:       Rows was return: 0

10.12 13:41:16: [WEB-01 - OPEN] SMT.INCIDENT_PKG.ACTION_CUR
p_sheet_id = 1032996 [in], o_cur = [inout]

10.12 13:41:16:       Rows was return: 1

10.12 13:41:16: [WEB-01 - OPEN] SMT.NSI_PKG.EQ_TREE_NEW_CUR
o_cur = [inout]

10.12 13:41:16:       Rows was return: 2748

10.12 13:41:16: SystemType: lvl = 1 : 11

10.12 13:41:16: [WEB-01 - OPEN] SMT.NSI_PKG.NSI_SOLUTION_TYPE_TREE
o_cur = [inout]

10.12 13:41:16:       Rows was return: 5

10.12 13:41:16: [WEB-01 - OPEN] SMT.INCIDENT_PKG.EQ_NEW_CLASSIF_CUR
p_sheet_id = 1032996 [in], o_cur = [inout]

10.12 13:41:16:       Rows was return: 1

10.12 13:41:16: System: parent_class_id = 974 AND lvl = 2 : 128

10.12 13:41:16: Unit: parent_class_id = 1553 AND lvl = 3 : 6

10.12 13:41:16: Detail: parent_class_id = 1555 AND lvl = 4 : 0

10.12 13:41:16: [WEB-01 - OPEN] SMT.INCIDENT2_PKG.UNPLANNED_REPAIR_CUR
p_sheet_id = 1032996 [in], o_cur = [inout]

10.12 13:41:16:       Rows was return: 0

12.12 11:12:52: [WEB-01 - EXEC] SMT_ADM_PKG.ASUT_USER_STAT
p_id_user = 8458 [inout], p_type_s = Выход из ЕСМТ [in], p_id_session = 189539 [in], o_Err_Code = [inout], o_Err_Msg = [inout]

12.12 11:12:52: [WEB-01 - EXEC] SMT_ADM_PKG.ASUT_USER_STAT
p_id_user = 8458 [inout], p_type_s = Выход. Инциденты. [in], p_id_session = 189539 [in], o_Err_Code = [inout], o_Err_Msg = [inout]

12.12 11:13:02: [WEB-01 - EXEC] SMT.SMT_ADM_PKG.AUTHUSR
p_login = SuslovAA [in], p_pwd = VIAR1927 [in], p_kod_firm = [inout], p_firm_name = [inout], p_dol_name = [inout], p_user_id = [inout], p_access_pred_id = [inout], p_access_level_name = [inout], p_id_session = [inout], o_Err_Code = [inout], o_Err_Msg = [inout]

12.12 11:13:03: [WEB-01 - OPEN] SMT.ASUT_PERMISSION_PKG.GET_USER_FUNCTIONS
o_cur = [inout], i_asut_user_id = 8458 [in]

12.12 11:13:03:       Rows was return: 30

12.12 11:13:03: [WEB-01 - OPEN] SMT.U_USERS_ADMIN.U_USER_ADMIN_CUR
o_cur = [inout], p_user_id = 8458 [in]

12.12 11:13:03:       Rows was return: 42

12.12 11:13:03: [WEB-01 - OPEN] SMT.SMT_NSI_PKG.SMT_NSI_RESPONSIBLE_DPT_CUR
o_cur = [inout], o_default = 0 [inout]

12.12 11:13:03:       Rows was return: 307

12.12 11:13:03: [WEB-01 - OPEN] SMT.NSI_PKG.REASON_TREE_CUR
o_cur = [inout]

12.12 11:13:03:       Rows was return: 181

12.12 11:13:03: [WEB-01 - OPEN] SMT.NSI_PKG.NSI_UNIV_CUR
o_cur = [inout]

12.12 11:13:03:       Rows was return: 227

12.12 11:13:03: [WEB-01 - OPEN] SMT.NSI_PKG.TCH_FULL_LIST_CUR
o_cur = [inout]

12.12 11:13:04:       Rows was return: 1223

12.12 11:13:04: [WEB-01 - OPEN] SMT.SMT_NSI_PKG.SMT_NSI_DEPOT_PLAIN_CUR
p_road_kod = 0 [in], o_cur = [inout]

12.12 11:13:07:       Rows was return: 250

12.12 11:13:07: [WEB-01 - OPEN] SMT.NSI_PKG.NSI_STATION_CUR
o_cur = [inout]

12.12 11:13:08:       Rows was return: 15227

12.12 11:13:08: [WEB-01 - OPEN] SMT.NSI_PKG.NSI_PEREG_CUR
o_cur = [inout]

12.12 11:13:11:       Rows was return: 5919

12.12 11:13:11: [WEB-01 - OPEN] SMT.NSI_PKG.EQ_MFR_CUR
o_cur = [inout]

12.12 11:13:11:       Rows was return: 299

12.12 11:13:11: [WEB-01 - OPEN] SMT.SMT_REPORT_PKG.FIRM_TREE_CUR
p_id_user = 8458 [in], p_code_object = aIncident [in], o_cur = [inout]

12.12 11:13:12:       Rows was return: 243

12.12 11:13:12: [WEB-01 - OPEN] SMT.SMT_NSI_PKG.NSI_ENTER_DEPOT_REASON_CUR
o_cur = [inout]

12.12 11:13:12:       Rows was return: 21

12.12 11:13:12: [WEB-01 - OPEN] SMT.NSI_PKG.KASANT_STATE_SAFETY_CUR
o_cur = [inout]

12.12 11:13:12:       Rows was return: 727

12.12 11:13:12: [WEB-01 - OPEN] SMT.NSI_PKG.TCHR_FULL_LIST_CUR
o_cur = [inout]

12.12 11:13:12:       Rows was return: 231

12.12 11:13:12: [WEB-01 - OPEN] SMT.NSI_PKG.TCHR_LIST_CUR
p_id_user = 8458 [in], p_code_object = aIncident [in], o_cur = [inout]

12.12 11:13:12:       Rows was return: 228

12.12 11:13:12: [WEB-01 - OPEN] SMT.NSI_PKG.EQ_AGG_TYPE_CUR
o_cur = [inout]

12.12 11:13:13:       Rows was return: 101

12.12 11:13:26: [WEB-01 - OPEN] SMT.SMT_NSI_PKG.FTP_SETTINGS_CUR
o_cur = [inout]

12.12 11:13:28:       Rows was return: 1

12.12 11:13:28: [WEB-01 - OPEN] SMT.APP_NSI_PKG.FIRM_TREE_CUR
p_id_user = 8458 [in], p_code_object = aIncident [in], o_cur = [inout]

12.12 11:13:28:       Rows was return: 253

12.12 11:13:31: [WEB-01 - OPEN] SMT.SMT_NSI2_PKG.NSI_DOC_LIST_CUR
o_cur = [inout]

12.12 11:13:31:       Rows was return: 11

12.12 11:13:31: [WEB-01 - OPEN] SMT.NSI_PKG.LOC_SER_2_0_CUR
o_cur = [inout]

12.12 11:13:31:       Rows was return: 130

12.12 11:13:31: [WEB-01 - OPEN] SMT.SMT_NSI2_PKG.NOM_SER_LOC_CUR
o_cur = [inout], p_kod_ser = 0 [in]

12.12 11:13:31:       Rows was return: 1

12.12 11:13:32: [WEB-01 - EXEC] SMT_ADM_PKG.ASUT_USER_STAT
p_id_user = 8458 [inout], p_type_s = Вход. Инциденты. [in], p_id_session = 189665 [in], o_Err_Code = [inout], o_Err_Msg = [inout]

12.12 11:13:50: [WEB-01 - OPEN] SMT.INCIDENT2_PKG.INCIDENT_2_0_NLOC_SER_LIST_CUR
p_date_begin = 07.11.2019 [in], p_date_finish = 02.12.2019 [in], p_show_all = 1 [in], p_relation_type = 0 [in], p_access = 599003391 [in], p_kod_ser = 0 [in], p_nom_sec = -1 [in], p_nom_object = 0 [in], o_cur = [inout]

12.12 11:14:08:       Rows was return: 85

12.12 11:14:08: [WEB-01 - OPEN] SMT.INCIDENT2_PKG.INCIDENT_2_0_NLOC_SER_LIST_CUR
p_date_begin = 07.11.2019 [in], p_date_finish = 02.12.2019 [in], p_show_all = 1 [in], p_relation_type = 1 [in], p_access = 599003391 [in], p_kod_ser = 0 [in], p_nom_sec = -1 [in], p_nom_object = 0 [in], o_cur = [inout]

12.12 11:14:27:       Rows was return: 0

12.12 11:14:49: [WEB-01 - OPEN] SMT.INCIDENT2_PKG.INCIDENT_2_0_NLOC_SER_LIST_CUR
p_date_begin = 22.04.2019 [in], p_date_finish = 27.04.2019 [in], p_show_all = 1 [in], p_relation_type = 0 [in], p_access = 599003391 [in], p_kod_ser = 0 [in], p_nom_sec = -1 [in], p_nom_object = 0 [in], o_cur = [inout]

12.12 11:15:07:       Rows was return: 26

12.12 11:15:07: [WEB-01 - OPEN] SMT.INCIDENT2_PKG.INCIDENT_2_0_NLOC_SER_LIST_CUR
p_date_begin = 22.04.2019 [in], p_date_finish = 27.04.2019 [in], p_show_all = 1 [in], p_relation_type = 1 [in], p_access = 599003391 [in], p_kod_ser = 0 [in], p_nom_sec = -1 [in], p_nom_object = 0 [in], o_cur = [inout]

12.12 11:15:24:       Rows was return: 0

12.12 11:15:27: [WEB-01 - OPEN] SMT.SMT_NSI_PKG.ENABLE_TABSHEET_CUR
p_state_id = 10 [in], o_cur = [inout]

12.12 11:15:27:       Rows was return: 16

12.12 11:15:27: [WEB-01 - OPEN] SMT.SMT_NSI_PKG.SMT_NSI_STATES_CUR
o_cur = [inout], o_default = 10 [inout]

12.12 11:15:27:       Rows was return: 1

12.12 11:15:27: [WEB-01 - OPEN] SMT.SMT_NSI2_PKG.NSI_DOC_LIST_CUR
o_cur = [inout]

12.12 11:15:27:       Rows was return: 11

12.12 11:15:28: [WEB-01 - OPEN] SMT.INCIDENT_PKG.INCIDENT_2_0_RECORD_SHEET
p_sheet_id = 964219 [in], o_cur = [inout]

12.12 11:15:28:       Rows was return: 1

12.12 11:15:29: [WEB-01 - OPEN] SMT.INCIDENT_PKG.INCIDENT_RUNNING_CUR
p_sheet_id = 964219 [in], o_cur = [inout]

12.12 11:15:29:       Rows was return: 1

12.12 11:15:29: [WEB-01 - OPEN] SMT.INCIDENT_PKG.TEAM_EXECUTOR_CUR
p_sheet_id = 964219 [in], o_cur = [inout]

12.12 11:15:29:       Rows was return: 1

12.12 11:15:29: [WEB-01 - OPEN] SMT.INCIDENT_PKG.TEAM_LEADER_CUR
p_sheet_id = 964219 [in], p_sign = 0 [in], o_cur = [inout]

12.12 11:15:29:       Rows was return: 1

12.12 11:15:29: [WEB-01 - OPEN] SMT.INCIDENT_PKG.TEAM_LEADER_CUR
p_sheet_id = 964219 [in], p_sign = 1 [in], o_cur = [inout]

12.12 11:15:29:       Rows was return: 1

12.12 11:15:29: [WEB-01 - OPEN] SMT.INCIDENT_PKG.ATTACH_CUR
p_sheet_id = 964219 [in], o_cur = [inout]

12.12 11:15:29:       Rows was return: 1

12.12 11:15:29: [WEB-01 - OPEN] SMT.TEST_PKG.RELATED_INCIDENT_CHILD_CUR
p_parent_sheet_id = 964219 [in], o_cur = [inout]

12.12 11:15:29:       Rows was return: 0

12.12 11:15:29: [WEB-01 - OPEN] SMT.INCIDENT_PKG.PAUSE_CUR
p_sheet_id = 964219 [in], o_cur = [inout]

12.12 11:15:29:       Rows was return: 0

12.12 11:15:29: [WEB-01 - OPEN] SMT.INCIDENT_PKG.STORAGE_2_0_CUR
p_sheet_id = 964219 [in], o_cur = [inout]

12.12 11:15:29:       Rows was return: 0

12.12 11:15:29: [WEB-01 - OPEN] SMT.INCIDENT_PKG.ESCALATION_CUR
p_sheet_id = 964219 [in], o_cur = [inout]

12.12 11:15:29:       Rows was return: 0

12.12 11:15:29: [WEB-01 - OPEN] SMT.INCIDENT_PKG.ACTION_CUR
p_sheet_id = 964219 [in], o_cur = [inout]

12.12 11:15:30:       Rows was return: 1

12.12 11:15:30: [WEB-01 - OPEN] SMT.NSI_PKG.EQ_TREE_NEW_CUR
o_cur = [inout]

12.12 11:15:30:       Rows was return: 2748

12.12 11:15:30: SystemType: lvl = 1 : 11

12.12 11:15:30: [WEB-01 - OPEN] SMT.NSI_PKG.NSI_SOLUTION_TYPE_TREE
o_cur = [inout]

12.12 11:15:30:       Rows was return: 5

12.12 11:15:30: [WEB-01 - OPEN] SMT.INCIDENT_PKG.EQ_NEW_CLASSIF_CUR
p_sheet_id = 964219 [in], o_cur = [inout]

12.12 11:15:30:       Rows was return: 1

12.12 11:15:30: System: parent_class_id = 974 AND lvl = 2 : 128

12.12 11:15:30: Unit: parent_class_id = 1560 AND lvl = 3 : 9

12.12 11:15:30: Detail: parent_class_id = 1564 AND lvl = 4 : 0

12.12 11:15:30: [WEB-01 - OPEN] SMT.INCIDENT2_PKG.UNPLANNED_REPAIR_CUR
p_sheet_id = 964219 [in], o_cur = [inout]

12.12 11:15:30:       Rows was return: 0

12.12 11:15:40: [WEB-01 - OPEN] SMT.SMT_NSI_PKG.ENABLE_TABSHEET_CUR
p_state_id = 10 [in], o_cur = [inout]

12.12 11:15:40:       Rows was return: 16

12.12 11:15:40: [WEB-01 - OPEN] SMT.SMT_NSI_PKG.SMT_NSI_STATES_CUR
o_cur = [inout], o_default = 10 [inout]

12.12 11:15:40:       Rows was return: 1

12.12 11:15:40: [WEB-01 - OPEN] SMT.SMT_NSI2_PKG.NSI_DOC_LIST_CUR
o_cur = [inout]

12.12 11:15:40:       Rows was return: 11

12.12 11:15:41: [WEB-01 - OPEN] SMT.INCIDENT_PKG.INCIDENT_2_0_RECORD_SHEET
p_sheet_id = 964219 [in], o_cur = [inout]

12.12 11:15:41:       Rows was return: 1

12.12 11:15:42: [WEB-01 - OPEN] SMT.INCIDENT_PKG.INCIDENT_RUNNING_CUR
p_sheet_id = 964219 [in], o_cur = [inout]

12.12 11:15:42:       Rows was return: 1

12.12 11:15:42: [WEB-01 - OPEN] SMT.INCIDENT_PKG.TEAM_EXECUTOR_CUR
p_sheet_id = 964219 [in], o_cur = [inout]

12.12 11:15:42:       Rows was return: 1

12.12 11:15:42: [WEB-01 - OPEN] SMT.INCIDENT_PKG.TEAM_LEADER_CUR
p_sheet_id = 964219 [in], p_sign = 0 [in], o_cur = [inout]

12.12 11:15:42:       Rows was return: 1

12.12 11:15:42: [WEB-01 - OPEN] SMT.INCIDENT_PKG.TEAM_LEADER_CUR
p_sheet_id = 964219 [in], p_sign = 1 [in], o_cur = [inout]

12.12 11:15:42:       Rows was return: 1

12.12 11:15:42: [WEB-01 - OPEN] SMT.INCIDENT_PKG.ATTACH_CUR
p_sheet_id = 964219 [in], o_cur = [inout]

12.12 11:15:42:       Rows was return: 1

12.12 11:15:42: [WEB-01 - OPEN] SMT.TEST_PKG.RELATED_INCIDENT_CHILD_CUR
p_parent_sheet_id = 964219 [in], o_cur = [inout]

12.12 11:15:42:       Rows was return: 0

12.12 11:15:42: [WEB-01 - OPEN] SMT.INCIDENT_PKG.PAUSE_CUR
p_sheet_id = 964219 [in], o_cur = [inout]

12.12 11:15:43:       Rows was return: 0

12.12 11:15:43: [WEB-01 - OPEN] SMT.INCIDENT_PKG.STORAGE_2_0_CUR
p_sheet_id = 964219 [in], o_cur = [inout]

12.12 11:15:43:       Rows was return: 0

12.12 11:15:43: [WEB-01 - OPEN] SMT.INCIDENT_PKG.ESCALATION_CUR
p_sheet_id = 964219 [in], o_cur = [inout]

12.12 11:15:43:       Rows was return: 0

12.12 11:15:43: [WEB-01 - OPEN] SMT.INCIDENT_PKG.ACTION_CUR
p_sheet_id = 964219 [in], o_cur = [inout]

12.12 11:15:43:       Rows was return: 1

12.12 11:15:43: [WEB-01 - OPEN] SMT.NSI_PKG.EQ_TREE_NEW_CUR
o_cur = [inout]

12.12 11:15:43:       Rows was return: 2748

12.12 11:15:43: SystemType: lvl = 1 : 11

12.12 11:15:43: [WEB-01 - OPEN] SMT.NSI_PKG.NSI_SOLUTION_TYPE_TREE
o_cur = [inout]

12.12 11:15:49:       Rows was return: 5

12.12 11:15:49: [WEB-01 - OPEN] SMT.INCIDENT_PKG.EQ_NEW_CLASSIF_CUR
p_sheet_id = 964219 [in], o_cur = [inout]

12.12 11:15:51:       Rows was return: 1

12.12 11:15:51: System: parent_class_id = 974 AND lvl = 2 : 128

12.12 11:15:51: Unit: parent_class_id = 1560 AND lvl = 3 : 9

12.12 11:15:51: Detail: parent_class_id = 1564 AND lvl = 4 : 0

12.12 11:15:51: [WEB-01 - OPEN] SMT.INCIDENT2_PKG.UNPLANNED_REPAIR_CUR
p_sheet_id = 964219 [in], o_cur = [inout]

12.12 11:15:51:       Rows was return: 0

12.12 11:43:28: [WEB-01 - EXEC] SMT_ADM_PKG.ASUT_USER_STAT
p_id_user = 8458 [inout], p_type_s = Выход из ЕСМТ [in], p_id_session = 189665 [in], o_Err_Code = [inout], o_Err_Msg = [inout]

12.12 11:43:28: [WEB-01 - EXEC] SMT_ADM_PKG.ASUT_USER_STAT
p_id_user = 8458 [inout], p_type_s = Выход. Инциденты. [in], p_id_session = 189665 [in], o_Err_Code = [inout], o_Err_Msg = [inout]

12.12 11:43:38: [WEB-01 - EXEC] SMT.SMT_ADM_PKG.AUTHUSR
p_login = SuslovAA [in], p_pwd = VIAR1927 [in], p_kod_firm = [inout], p_firm_name = [inout], p_dol_name = [inout], p_user_id = [inout], p_access_pred_id = [inout], p_access_level_name = [inout], p_id_session = [inout], o_Err_Code = [inout], o_Err_Msg = [inout]

12.12 11:43:39: [WEB-01 - OPEN] SMT.ASUT_PERMISSION_PKG.GET_USER_FUNCTIONS
o_cur = [inout], i_asut_user_id = 8458 [in]

12.12 11:43:40:       Rows was return: 30

12.12 11:43:40: [WEB-01 - OPEN] SMT.U_USERS_ADMIN.U_USER_ADMIN_CUR
o_cur = [inout], p_user_id = 8458 [in]

12.12 11:43:40:       Rows was return: 42

12.12 11:43:40: [WEB-01 - OPEN] SMT.SMT_NSI_PKG.SMT_NSI_RESPONSIBLE_DPT_CUR
o_cur = [inout], o_default = 0 [inout]

12.12 11:43:40:       Rows was return: 307

12.12 11:43:40: [WEB-01 - OPEN] SMT.NSI_PKG.REASON_TREE_CUR
o_cur = [inout]

12.12 11:43:40:       Rows was return: 181

12.12 11:43:40: [WEB-01 - OPEN] SMT.NSI_PKG.NSI_UNIV_CUR
o_cur = [inout]

12.12 11:43:40:       Rows was return: 227

12.12 11:43:40: [WEB-01 - OPEN] SMT.NSI_PKG.TCH_FULL_LIST_CUR
o_cur = [inout]

12.12 11:43:40:       Rows was return: 1223

12.12 11:43:40: [WEB-01 - OPEN] SMT.SMT_NSI_PKG.SMT_NSI_DEPOT_PLAIN_CUR
p_road_kod = 0 [in], o_cur = [inout]

12.12 11:43:40:       Rows was return: 250

12.12 11:43:40: [WEB-01 - OPEN] SMT.NSI_PKG.NSI_STATION_CUR
o_cur = [inout]

12.12 11:43:41:       Rows was return: 15227

12.12 11:43:41: [WEB-01 - OPEN] SMT.NSI_PKG.NSI_PEREG_CUR
o_cur = [inout]

12.12 11:43:41:       Rows was return: 5919

12.12 11:43:41: [WEB-01 - OPEN] SMT.NSI_PKG.EQ_MFR_CUR
o_cur = [inout]

12.12 11:43:42:       Rows was return: 299

12.12 11:43:42: [WEB-01 - OPEN] SMT.SMT_REPORT_PKG.FIRM_TREE_CUR
p_id_user = 8458 [in], p_code_object = aIncident [in], o_cur = [inout]

12.12 11:43:42:       Rows was return: 243

12.12 11:43:42: [WEB-01 - OPEN] SMT.SMT_NSI_PKG.NSI_ENTER_DEPOT_REASON_CUR
o_cur = [inout]

12.12 11:43:42:       Rows was return: 21

12.12 11:43:42: [WEB-01 - OPEN] SMT.NSI_PKG.KASANT_STATE_SAFETY_CUR
o_cur = [inout]

12.12 11:43:42:       Rows was return: 727

12.12 11:43:42: [WEB-01 - OPEN] SMT.NSI_PKG.TCHR_FULL_LIST_CUR
o_cur = [inout]

12.12 11:43:42:       Rows was return: 231

12.12 11:43:42: [WEB-01 - OPEN] SMT.NSI_PKG.TCHR_LIST_CUR
p_id_user = 8458 [in], p_code_object = aIncident [in], o_cur = [inout]

12.12 11:43:43:       Rows was return: 228

12.12 11:43:43: [WEB-01 - OPEN] SMT.NSI_PKG.EQ_AGG_TYPE_CUR
o_cur = [inout]

12.12 11:43:43:       Rows was return: 101

12.12 11:44:12: [WEB-01 - OPEN] SMT.SMT_NSI_PKG.FTP_SETTINGS_CUR
o_cur = [inout]

12.12 11:44:12:       Rows was return: 1

12.12 11:44:12: [WEB-01 - OPEN] SMT.APP_NSI_PKG.FIRM_TREE_CUR
p_id_user = 8458 [in], p_code_object = aIncident [in], o_cur = [inout]

12.12 11:44:12:       Rows was return: 253

12.12 11:44:16: [WEB-01 - OPEN] SMT.SMT_NSI2_PKG.NSI_DOC_LIST_CUR
o_cur = [inout]

12.12 11:44:18:       Rows was return: 11

12.12 11:44:19: [WEB-01 - OPEN] SMT.NSI_PKG.LOC_SER_2_0_CUR
o_cur = [inout]

12.12 11:44:19:       Rows was return: 130

12.12 11:44:19: [WEB-01 - OPEN] SMT.SMT_NSI2_PKG.NOM_SER_LOC_CUR
o_cur = [inout], p_kod_ser = 0 [in]

12.12 11:44:19:       Rows was return: 1

12.12 11:44:19: [WEB-01 - EXEC] SMT_ADM_PKG.ASUT_USER_STAT
p_id_user = 8458 [inout], p_type_s = Вход. Инциденты. [in], p_id_session = 189667 [in], o_Err_Code = [inout], o_Err_Msg = [inout]

12.12 11:44:22: [WEB-01 - OPEN] SMT.INCIDENT2_PKG.INCIDENT_2_0_NLOC_SER_LIST_CUR
p_date_begin = 22.04.2019 [in], p_date_finish = 27.04.2019 [in], p_show_all = 1 [in], p_relation_type = 0 [in], p_access = 599003391 [in], p_kod_ser = 0 [in], p_nom_sec = -1 [in], p_nom_object = 0 [in], o_cur = [inout]

12.12 11:44:41:       Rows was return: 26

12.12 11:44:41: [WEB-01 - OPEN] SMT.INCIDENT2_PKG.INCIDENT_2_0_NLOC_SER_LIST_CUR
p_date_begin = 22.04.2019 [in], p_date_finish = 27.04.2019 [in], p_show_all = 1 [in], p_relation_type = 1 [in], p_access = 599003391 [in], p_kod_ser = 0 [in], p_nom_sec = -1 [in], p_nom_object = 0 [in], o_cur = [inout]

12.12 11:45:00:       Rows was return: 0

12.12 11:53:21: [WEB-01 - EXEC] SMT_ADM_PKG.ASUT_USER_STAT
p_id_user = 8458 [inout], p_type_s = Выход из ЕСМТ [in], p_id_session = 189667 [in], o_Err_Code = [inout], o_Err_Msg = [inout]

12.12 11:53:21: [WEB-01 - EXEC] SMT_ADM_PKG.ASUT_USER_STAT
p_id_user = 8458 [inout], p_type_s = Выход. Инциденты. [in], p_id_session = 189667 [in], o_Err_Code = [inout], o_Err_Msg = [inout]

12.12 11:53:38: [WEB-01 - EXEC] SMT.SMT_ADM_PKG.AUTHUSR
p_login = SuslovAA [in], p_pwd = VIAR1927 [in], p_kod_firm = [inout], p_firm_name = [inout], p_dol_name = [inout], p_user_id = [inout], p_access_pred_id = [inout], p_access_level_name = [inout], p_id_session = [inout], o_Err_Code = [inout], o_Err_Msg = [inout]

12.12 11:53:39: [WEB-01 - OPEN] SMT.ASUT_PERMISSION_PKG.GET_USER_FUNCTIONS
o_cur = [inout], i_asut_user_id = 8458 [in]

12.12 11:53:39:       Rows was return: 30

12.12 11:53:39: [WEB-01 - OPEN] SMT.U_USERS_ADMIN.U_USER_ADMIN_CUR
o_cur = [inout], p_user_id = 8458 [in]

12.12 11:53:39:       Rows was return: 42

12.12 11:53:39: [WEB-01 - OPEN] SMT.SMT_NSI_PKG.SMT_NSI_RESPONSIBLE_DPT_CUR
o_cur = [inout], o_default = 0 [inout]

1: Log file rotated to 12_12_19_11_53_39.log
