23.05 15:27:42: [WEB-01 - EXEC] SMT.SMT_ADM_PKG.AUTHUSR
p_login = Novikov [in], p_pwd = Novikov [in], p_kod_firm = [inout], p_firm_name = [inout], p_dol_name = [inout], p_user_id = [inout], p_access_pred_id = [inout], p_access_level_name = [inout], p_id_session = [inout], o_Err_Code = [inout], o_Err_Msg = [inout]

23.05 15:27:43: [WEB-01 - OPEN] SMT.ASUT_PERMISSION_PKG.GET_USER_FUNCTIONS
o_cur = [inout], i_asut_user_id = 3761 [in]

23.05 15:27:43:       Rows was return: 29

23.05 15:27:44: [WEB-01 - OPEN] SMT.U_USERS_ADMIN.U_USER_ADMIN_CUR
o_cur = [inout], p_user_id = 3761 [in]

23.05 15:27:44:       Rows was return: 44

23.05 15:27:44: [WEB-01 - OPEN] SMT.SMT_NSI_PKG.SMT_NSI_RESPONSIBLE_DPT_CUR
o_cur = [inout], o_default = 0 [inout]

23.05 15:27:44:       Rows was return: 164

23.05 15:27:44: [WEB-01 - OPEN] SMT.NSI_PKG.REASON_TREE_CUR
o_cur = [inout]

23.05 15:27:44:       Rows was return: 176

23.05 15:27:44: [WEB-01 - OPEN] SMT.NSI_PKG.NSI_UNIV_CUR
o_cur = [inout]

23.05 15:27:44:       Rows was return: 222

23.05 15:27:44: [WEB-01 - OPEN] SMT.NSI_PKG.TCH_FULL_LIST_CUR
o_cur = [inout]

23.05 15:27:44:       Rows was return: 1223

23.05 15:27:44: [WEB-01 - OPEN] SMT.SMT_NSI_PKG.SMT_NSI_DEPOT_PLAIN_CUR
p_road_kod = 0 [in], o_cur = [inout]

23.05 15:27:44:       Rows was return: 250

23.05 15:27:44: [WEB-01 - OPEN] SMT.NSI_PKG.NSI_STATION_CUR
o_cur = [inout]

23.05 15:27:45:       Rows was return: 15227

23.05 15:27:45: [WEB-01 - OPEN] SMT.NSI_PKG.NSI_PEREG_CUR
o_cur = [inout]

23.05 15:27:46:       Rows was return: 5919

23.05 15:27:46: [WEB-01 - OPEN] SMT.NSI_PKG.EQ_MFR_CUR
o_cur = [inout]

23.05 15:27:46:       Rows was return: 299

23.05 15:27:46: [WEB-01 - OPEN] SMT.SMT_REPORT_PKG.FIRM_TREE_CUR
p_id_user = 3761 [in], p_code_object = aIncident [in], o_cur = [inout]

23.05 15:27:46:       Rows was return: 257

23.05 15:27:46: [WEB-01 - OPEN] SMT.SMT_NSI_PKG.NSI_ENTER_DEPOT_REASON_CUR
o_cur = [inout]

23.05 15:27:47:       Rows was return: 20

23.05 15:27:47: [WEB-01 - OPEN] SMT.NSI_PKG.KASANT_STATE_SAFETY_CUR
o_cur = [inout]

23.05 15:27:47:       Rows was return: 727

23.05 15:27:47: [WEB-01 - OPEN] SMT.NSI_PKG.TCHR_FULL_LIST_CUR
o_cur = [inout]

23.05 15:27:47:       Rows was return: 238

23.05 15:27:47: [WEB-01 - OPEN] SMT.NSI_PKG.TCHR_LIST_CUR
p_id_user = 3761 [in], p_code_object = aIncident [in], o_cur = [inout]

23.05 15:27:47:       Rows was return: 236

23.05 15:27:47: [WEB-01 - OPEN] SMT.NSI_PKG.EQ_AGG_TYPE_CUR
o_cur = [inout]

23.05 15:27:47:       Rows was return: 101

23.05 15:27:50: [WEB-01 - OPEN] SMT.SMT_NSI_PKG.FTP_SETTINGS_CUR
o_cur = [inout]

23.05 15:27:50:       Rows was return: 1

23.05 15:27:50: [WEB-01 - OPEN] SMT.APP_NSI_PKG.FIRM_TREE_CUR
p_id_user = 3761 [in], p_code_object = aIncident [in], o_cur = [inout]

23.05 15:27:50:       Rows was return: 259

23.05 15:27:50: [WEB-01 - OPEN] SMT.SMT_NSI2_PKG.NSI_DOC_LIST_CUR
o_cur = [inout]

23.05 15:27:51:       Rows was return: 11

23.05 15:27:51: [WEB-01 - OPEN] SMT.NSI_PKG.LOC_SER_2_0_CUR
o_cur = [inout]

23.05 15:27:51:       Rows was return: 130

23.05 15:27:51: [WEB-01 - OPEN] SMT.SMT_NSI2_PKG.NOM_SER_LOC_CUR
o_cur = [inout], p_kod_ser = 0 [in]

23.05 15:27:51:       Rows was return: 1

23.05 15:27:52: [WEB-01 - EXEC] SMT_ADM_PKG.ASUT_USER_STAT
p_id_user = 3761 [inout], p_type_s = Вход. Инциденты. [in], p_id_session = 22115 [in], o_Err_Code = [inout], o_Err_Msg = [inout]

23.05 15:27:54: [WEB-01 - OPEN] SMT.INCIDENT2_PKG.INCIDENT_2_0_NLOC_SER_LIST_CUR
p_date_begin = 23.05.2016 [in], p_date_finish = 23.05.2016 [in], p_show_all = 1 [in], p_relation_type = 0 [in], p_access = 599002692 [in], p_kod_ser = 0 [in], p_nom_sec = -1 [in], p_nom_object = 0 [in], o_cur = [inout]

23.05 15:27:57:       Rows was return: 100

23.05 15:27:57: [WEB-01 - OPEN] SMT.INCIDENT2_PKG.INCIDENT_2_0_NLOC_SER_LIST_CUR
p_date_begin = 23.05.2016 [in], p_date_finish = 23.05.2016 [in], p_show_all = 1 [in], p_relation_type = 1 [in], p_access = 599002692 [in], p_kod_ser = 0 [in], p_nom_sec = -1 [in], p_nom_object = 0 [in], o_cur = [inout]

23.05 15:27:58:       Rows was return: 0

23.05 15:27:58: [WEB-01 - OPEN] SMT.REPORT_PKG.RCV_INCIDENT_DYNAMIC_CUR
p_date_begin = 23.05.2016 [in], p_date_finish = 23.05.2016 [in], p_type_period = 1 [in], p_id_user = 3761 [in], p_code_object = aIncident [in], o_cur = [inout]

23.05 15:27:58:       Rows was return: 31

23.05 15:28:05: [WEB-01 - EXEC] SMT_ADM_PKG.ASUT_USER_STAT
p_id_user = 3761 [inout], p_type_s = Выход. Инциденты. [in], p_id_session = 22115 [in], o_Err_Code = [inout], o_Err_Msg = [inout]

23.05 15:28:09: [WEB-01 - EXEC] SMT_ADM_PKG.ASUT_USER_STAT
p_id_user = 3761 [inout], p_type_s = Выход из ЕСМТ [in], p_id_session = 22115 [in], o_Err_Code = [inout], o_Err_Msg = [inout]

23.05 15:28:09: ShowAppException TDMMain: Unknown error...

23.05 15:28:38: [WEB-01 - EXEC] SMT.SMT_ADM_PKG.AUTHUSR
p_login = Novikov [in], p_pwd = Novikov [in], p_kod_firm = [inout], p_firm_name = [inout], p_dol_name = [inout], p_user_id = [inout], p_access_pred_id = [inout], p_access_level_name = [inout], p_id_session = [inout], o_Err_Code = [inout], o_Err_Msg = [inout]

23.05 15:28:39: [WEB-01 - OPEN] SMT.ASUT_PERMISSION_PKG.GET_USER_FUNCTIONS
o_cur = [inout], i_asut_user_id = 3761 [in]

23.05 15:28:39:       Rows was return: 29

23.05 15:28:39: [WEB-01 - OPEN] SMT.U_USERS_ADMIN.U_USER_ADMIN_CUR
o_cur = [inout], p_user_id = 3761 [in]

23.05 15:28:39:       Rows was return: 44

23.05 15:28:39: [WEB-01 - OPEN] SMT.SMT_NSI_PKG.SMT_NSI_RESPONSIBLE_DPT_CUR
o_cur = [inout], o_default = 0 [inout]

23.05 15:28:40:       Rows was return: 164

23.05 15:28:40: [WEB-01 - OPEN] SMT.NSI_PKG.REASON_TREE_CUR
o_cur = [inout]

23.05 15:28:40:       Rows was return: 176

23.05 15:28:40: [WEB-01 - OPEN] SMT.NSI_PKG.NSI_UNIV_CUR
o_cur = [inout]

23.05 15:28:40:       Rows was return: 222

23.05 15:28:40: [WEB-01 - OPEN] SMT.NSI_PKG.TCH_FULL_LIST_CUR
o_cur = [inout]

23.05 15:28:40:       Rows was return: 1223

23.05 15:28:40: [WEB-01 - OPEN] SMT.SMT_NSI_PKG.SMT_NSI_DEPOT_PLAIN_CUR
p_road_kod = 0 [in], o_cur = [inout]

23.05 15:28:40:       Rows was return: 250

23.05 15:28:40: [WEB-01 - OPEN] SMT.NSI_PKG.NSI_STATION_CUR
o_cur = [inout]

23.05 15:28:41:       Rows was return: 15227

23.05 15:28:41: [WEB-01 - OPEN] SMT.NSI_PKG.NSI_PEREG_CUR
o_cur = [inout]

23.05 15:28:42:       Rows was return: 5919

23.05 15:28:42: [WEB-01 - OPEN] SMT.NSI_PKG.EQ_MFR_CUR
o_cur = [inout]

23.05 15:28:42:       Rows was return: 299

23.05 15:28:42: [WEB-01 - OPEN] SMT.SMT_REPORT_PKG.FIRM_TREE_CUR
p_id_user = 3761 [in], p_code_object = aIncident [in], o_cur = [inout]

23.05 15:28:42:       Rows was return: 257

23.05 15:28:42: [WEB-01 - OPEN] SMT.SMT_NSI_PKG.NSI_ENTER_DEPOT_REASON_CUR
o_cur = [inout]

23.05 15:28:42:       Rows was return: 20

23.05 15:28:42: [WEB-01 - OPEN] SMT.NSI_PKG.KASANT_STATE_SAFETY_CUR
o_cur = [inout]

23.05 15:28:42:       Rows was return: 727

23.05 15:28:42: [WEB-01 - OPEN] SMT.NSI_PKG.TCHR_FULL_LIST_CUR
o_cur = [inout]

23.05 15:28:42:       Rows was return: 238

23.05 15:28:42: [WEB-01 - OPEN] SMT.NSI_PKG.TCHR_LIST_CUR
p_id_user = 3761 [in], p_code_object = aIncident [in], o_cur = [inout]

23.05 15:28:43:       Rows was return: 236

23.05 15:28:43: [WEB-01 - OPEN] SMT.NSI_PKG.EQ_AGG_TYPE_CUR
o_cur = [inout]

23.05 15:28:43:       Rows was return: 101

23.05 15:28:47: [WEB-01 - OPEN] SMT.SMT_NSI_PKG.FTP_SETTINGS_CUR
o_cur = [inout]

23.05 15:28:47:       Rows was return: 1

23.05 15:28:47: [WEB-01 - OPEN] SMT.APP_NSI_PKG.FIRM_TREE_CUR
p_id_user = 3761 [in], p_code_object = aIncident [in], o_cur = [inout]

23.05 15:28:48:       Rows was return: 259

23.05 15:28:48: [WEB-01 - OPEN] SMT.SMT_NSI2_PKG.NSI_DOC_LIST_CUR
o_cur = [inout]

23.05 15:28:48:       Rows was return: 11

23.05 15:28:48: [WEB-01 - OPEN] SMT.NSI_PKG.LOC_SER_2_0_CUR
o_cur = [inout]

23.05 15:28:49:       Rows was return: 130

23.05 15:28:49: [WEB-01 - OPEN] SMT.SMT_NSI2_PKG.NOM_SER_LOC_CUR
o_cur = [inout], p_kod_ser = 0 [in]

23.05 15:28:49:       Rows was return: 1

23.05 15:28:49: [WEB-01 - EXEC] SMT_ADM_PKG.ASUT_USER_STAT
p_id_user = 3761 [inout], p_type_s = Вход. Инциденты. [in], p_id_session = 22116 [in], o_Err_Code = [inout], o_Err_Msg = [inout]

23.05 15:28:51: [WEB-01 - OPEN] SMT.INCIDENT2_PKG.INCIDENT_2_0_NLOC_SER_LIST_CUR
p_date_begin = 23.05.2016 [in], p_date_finish = 23.05.2016 [in], p_show_all = 1 [in], p_relation_type = 0 [in], p_access = 599002692 [in], p_kod_ser = 0 [in], p_nom_sec = -1 [in], p_nom_object = 0 [in], o_cur = [inout]

23.05 15:28:53:       Rows was return: 100

23.05 15:28:53: [WEB-01 - OPEN] SMT.INCIDENT2_PKG.INCIDENT_2_0_NLOC_SER_LIST_CUR
p_date_begin = 23.05.2016 [in], p_date_finish = 23.05.2016 [in], p_show_all = 1 [in], p_relation_type = 1 [in], p_access = 599002692 [in], p_kod_ser = 0 [in], p_nom_sec = -1 [in], p_nom_object = 0 [in], o_cur = [inout]

23.05 15:28:54:       Rows was return: 0

23.05 15:28:54: [WEB-01 - OPEN] SMT.REPORT_PKG.RCV_INCIDENT_DYNAMIC_CUR
p_date_begin = 23.05.2016 [in], p_date_finish = 23.05.2016 [in], p_type_period = 1 [in], p_id_user = 3761 [in], p_code_object = aIncident [in], o_cur = [inout]

23.05 15:28:54:       Rows was return: 31

23.05 15:29:08: [WEB-01 - OPEN] SMT.SMT_NSI_PKG.ENABLE_TABSHEET_CUR
p_state_id = 254 [in], o_cur = [inout]

23.05 15:29:08:       Rows was return: 6

23.05 15:29:08: [WEB-01 - OPEN] SMT.SMT_NSI_PKG.SMT_NSI_STATES_CUR
o_cur = [inout], o_default = 254 [inout]

23.05 15:29:08:       Rows was return: 2

23.05 15:29:08: [WEB-01 - OPEN] SMT.SMT_NSI2_PKG.NSI_DOC_LIST_CUR
o_cur = [inout]

23.05 15:29:09:       Rows was return: 11

23.05 15:29:09: [WEB-01 - OPEN] SMT.INCIDENT_PKG.INCIDENT_2_0_RECORD_SHEET
p_sheet_id = 551847 [in], o_cur = [inout]

23.05 15:29:10:       Rows was return: 1

23.05 15:29:10: [WEB-01 - OPEN] SMT.INCIDENT_PKG.INCIDENT_RUNNING_CUR
p_sheet_id = 551847 [in], o_cur = [inout]

23.05 15:29:10:       Rows was return: 1

23.05 15:29:11: [WEB-01 - OPEN] SMT.INCIDENT_PKG.TEAM_EXECUTOR_CUR
p_sheet_id = 551847 [in], o_cur = [inout]

23.05 15:29:11:       Rows was return: 1

23.05 15:29:11: [WEB-01 - OPEN] SMT.INCIDENT_PKG.TEAM_LEADER_CUR
p_sheet_id = 551847 [in], p_sign = 0 [in], o_cur = [inout]

23.05 15:29:11:       Rows was return: 1

23.05 15:29:11: [WEB-01 - OPEN] SMT.INCIDENT_PKG.TEAM_LEADER_CUR
p_sheet_id = 551847 [in], p_sign = 1 [in], o_cur = [inout]

23.05 15:29:11:       Rows was return: 1

23.05 15:29:11: [WEB-01 - OPEN] SMT.INCIDENT_PKG.ATTACH_CUR
p_sheet_id = 551847 [in], o_cur = [inout]

23.05 15:29:11:       Rows was return: 1

23.05 15:29:11: [WEB-01 - OPEN] SMT.TEST_PKG.RELATED_INCIDENT_CHILD_CUR
p_parent_sheet_id = 551847 [in], o_cur = [inout]

23.05 15:29:11:       Rows was return: 0

23.05 15:29:11: [WEB-01 - OPEN] SMT.INCIDENT_PKG.PAUSE_CUR
p_sheet_id = 551847 [in], o_cur = [inout]

23.05 15:29:11:       Rows was return: 0

23.05 15:29:11: [WEB-01 - OPEN] SMT.INCIDENT_PKG.STORAGE_2_0_CUR
p_sheet_id = 551847 [in], o_cur = [inout]

23.05 15:29:11:       Rows was return: 0

23.05 15:29:11: [WEB-01 - OPEN] SMT.INCIDENT_PKG.ESCALATION_CUR
p_sheet_id = 551847 [in], o_cur = [inout]

23.05 15:29:11:       Rows was return: 0

23.05 15:29:11: [WEB-01 - OPEN] SMT.INCIDENT_PKG.ACTION_CUR
p_sheet_id = 551847 [in], o_cur = [inout]

23.05 15:29:11:       Rows was return: 0

23.05 15:29:11: [WEB-01 - OPEN] SMT.NSI_PKG.EQ_TREE_NEW_CUR
o_cur = [inout]

23.05 15:29:12:       Rows was return: 2479

23.05 15:29:12: SystemType: lvl = 1 : 11

23.05 15:29:12: [WEB-01 - OPEN] SMT.NSI_PKG.NSI_SOLUTION_TYPE_TREE
o_cur = [inout]

23.05 15:29:12:       Rows was return: 5

23.05 15:29:12: [WEB-01 - OPEN] SMT.INCIDENT_PKG.EQ_NEW_CLASSIF_CUR
p_sheet_id = 551847 [in], o_cur = [inout]

23.05 15:29:12:       Rows was return: 1

23.05 15:29:12: System: parent_class_id = 974 AND lvl = 2 : 128

23.05 15:29:12: Unit: parent_class_id = 1553 AND lvl = 3 : 6

23.05 15:29:12: Detail: parent_class_id = 1558 AND lvl = 4 : 0

23.05 15:29:12: [WEB-01 - OPEN] SMT.INCIDENT2_PKG.UNPLANNED_REPAIR_CUR
p_sheet_id = 551847 [in], o_cur = [inout]

23.05 15:29:12:       Rows was return: 0

23.05 15:29:18: [WEB-01 - EXEC] SMT_ADM_PKG.ASUT_USER_STAT
p_id_user = 3761 [inout], p_type_s = Выход. Инциденты. [in], p_id_session = 22116 [in], o_Err_Code = [inout], o_Err_Msg = [inout]

23.05 15:29:19: [WEB-01 - EXEC] SMT_ADM_PKG.ASUT_USER_STAT
p_id_user = 3761 [inout], p_type_s = Выход из ЕСМТ [in], p_id_session = 22116 [in], o_Err_Code = [inout], o_Err_Msg = [inout]

23.05 15:31:03: [WEB-01 - EXEC] SMT.SMT_ADM_PKG.AUTHUSR
p_login = DavidovaAS [in], p_pwd = DAS608 [in], p_kod_firm = [inout], p_firm_name = [inout], p_dol_name = [inout], p_user_id = [inout], p_access_pred_id = [inout], p_access_level_name = [inout], p_id_session = [inout], o_Err_Code = [inout], o_Err_Msg = [inout]

23.05 15:31:04: [WEB-01 - OPEN] SMT.ASUT_PERMISSION_PKG.GET_USER_FUNCTIONS
o_cur = [inout], i_asut_user_id = 3782 [in]

23.05 15:31:04:       Rows was return: 11

23.05 15:31:05: [WEB-01 - OPEN] SMT.U_USERS_ADMIN.U_USER_ADMIN_CUR
o_cur = [inout], p_user_id = 3782 [in]

23.05 15:31:05:       Rows was return: 26

23.05 15:31:05: [WEB-01 - OPEN] SMT.SMT_NSI_PKG.SMT_NSI_RESPONSIBLE_DPT_CUR
o_cur = [inout], o_default = 0 [inout]

23.05 15:31:05:       Rows was return: 164

23.05 15:31:05: [WEB-01 - OPEN] SMT.NSI_PKG.REASON_TREE_CUR
o_cur = [inout]

23.05 15:31:05:       Rows was return: 176

23.05 15:31:05: [WEB-01 - OPEN] SMT.NSI_PKG.NSI_UNIV_CUR
o_cur = [inout]

23.05 15:31:05:       Rows was return: 222

23.05 15:31:05: [WEB-01 - OPEN] SMT.NSI_PKG.TCH_FULL_LIST_CUR
o_cur = [inout]

23.05 15:31:05:       Rows was return: 1223

23.05 15:31:05: [WEB-01 - OPEN] SMT.SMT_NSI_PKG.SMT_NSI_DEPOT_PLAIN_CUR
p_road_kod = 0 [in], o_cur = [inout]

23.05 15:31:06:       Rows was return: 250

23.05 15:31:06: [WEB-01 - OPEN] SMT.NSI_PKG.NSI_STATION_CUR
o_cur = [inout]

23.05 15:31:07:       Rows was return: 15227

23.05 15:31:07: [WEB-01 - OPEN] SMT.NSI_PKG.NSI_PEREG_CUR
o_cur = [inout]

23.05 15:31:07:       Rows was return: 5919

23.05 15:31:07: [WEB-01 - OPEN] SMT.NSI_PKG.EQ_MFR_CUR
o_cur = [inout]

23.05 15:31:08:       Rows was return: 299

23.05 15:31:08: [WEB-01 - OPEN] SMT.SMT_REPORT_PKG.FIRM_TREE_CUR
p_id_user = 3782 [in], p_code_object = aIncident [in], o_cur = [inout]

23.05 15:31:08:       Rows was return: 15

23.05 15:31:08: [WEB-01 - OPEN] SMT.SMT_NSI_PKG.NSI_ENTER_DEPOT_REASON_CUR
o_cur = [inout]

23.05 15:31:08:       Rows was return: 20

23.05 15:31:08: [WEB-01 - OPEN] SMT.NSI_PKG.KASANT_STATE_SAFETY_CUR
o_cur = [inout]

23.05 15:31:08:       Rows was return: 727

23.05 15:31:08: [WEB-01 - OPEN] SMT.NSI_PKG.TCHR_FULL_LIST_CUR
o_cur = [inout]

23.05 15:31:08:       Rows was return: 238

23.05 15:31:08: [WEB-01 - OPEN] SMT.NSI_PKG.TCHR_LIST_CUR
p_id_user = 3782 [in], p_code_object = aIncident [in], o_cur = [inout]

23.05 15:31:08:       Rows was return: 14

23.05 15:31:08: [WEB-01 - OPEN] SMT.NSI_PKG.EQ_AGG_TYPE_CUR
o_cur = [inout]

23.05 15:31:08:       Rows was return: 101

23.05 15:31:10: [WEB-01 - OPEN] SMT.SMT_NSI_PKG.FTP_SETTINGS_CUR
o_cur = [inout]

23.05 15:31:10:       Rows was return: 1

23.05 15:31:10: [WEB-01 - OPEN] SMT.APP_NSI_PKG.FIRM_TREE_CUR
p_id_user = 3782 [in], p_code_object = aIncident [in], o_cur = [inout]

23.05 15:31:10:       Rows was return: 34

23.05 15:31:10: [WEB-01 - OPEN] SMT.SMT_NSI2_PKG.NSI_DOC_LIST_CUR
o_cur = [inout]

23.05 15:31:11:       Rows was return: 11

23.05 15:31:11: [WEB-01 - OPEN] SMT.NSI_PKG.LOC_SER_2_0_CUR
o_cur = [inout]

23.05 15:31:11:       Rows was return: 130

23.05 15:31:11: [WEB-01 - OPEN] SMT.SMT_NSI2_PKG.NOM_SER_LOC_CUR
o_cur = [inout], p_kod_ser = 0 [in]

23.05 15:31:11:       Rows was return: 1

23.05 15:31:11: [WEB-01 - EXEC] SMT_ADM_PKG.ASUT_USER_STAT
p_id_user = 3782 [inout], p_type_s = Вход. Инциденты. [in], p_id_session = 22117 [in], o_Err_Code = [inout], o_Err_Msg = [inout]

23.05 15:31:18: [WEB-01 - OPEN] SMT.INCIDENT2_PKG.INCIDENT_2_0_NLOC_SER_LIST_CUR
p_date_begin = 16.05.2016 [in], p_date_finish = 16.05.2016 [in], p_show_all = 1 [in], p_relation_type = 0 [in], p_access = 599002883 [in], p_kod_ser = 0 [in], p_nom_sec = -1 [in], p_nom_object = 0 [in], o_cur = [inout]

23.05 15:31:20:       Rows was return: 46

23.05 15:31:20: [WEB-01 - OPEN] SMT.INCIDENT2_PKG.INCIDENT_2_0_NLOC_SER_LIST_CUR
p_date_begin = 16.05.2016 [in], p_date_finish = 16.05.2016 [in], p_show_all = 1 [in], p_relation_type = 1 [in], p_access = 599002883 [in], p_kod_ser = 0 [in], p_nom_sec = -1 [in], p_nom_object = 0 [in], o_cur = [inout]

23.05 15:31:22:       Rows was return: 0

23.05 15:31:22: [WEB-01 - OPEN] SMT.REPORT_PKG.RCV_INCIDENT_DYNAMIC_CUR
p_date_begin = 16.05.2016 [in], p_date_finish = 16.05.2016 [in], p_type_period = 1 [in], p_id_user = 3782 [in], p_code_object = aIncident [in], o_cur = [inout]

23.05 15:31:22:       Rows was return: 31

23.05 15:31:23: [WEB-01 - OPEN] SMT.SMT_NSI_PKG.ENABLE_TABSHEET_CUR
p_state_id = 254 [in], o_cur = [inout]

23.05 15:31:23:       Rows was return: 6

23.05 15:31:23: [WEB-01 - OPEN] SMT.SMT_NSI_PKG.SMT_NSI_STATES_CUR
o_cur = [inout], o_default = 254 [inout]

23.05 15:31:23:       Rows was return: 2

23.05 15:31:23: [WEB-01 - OPEN] SMT.SMT_NSI2_PKG.NSI_DOC_LIST_CUR
o_cur = [inout]

23.05 15:31:23:       Rows was return: 11

23.05 15:31:24: [WEB-01 - OPEN] SMT.INCIDENT_PKG.INCIDENT_2_0_RECORD_SHEET
p_sheet_id = 549092 [in], o_cur = [inout]

23.05 15:31:25:       Rows was return: 1

23.05 15:31:25: [WEB-01 - OPEN] SMT.INCIDENT_PKG.INCIDENT_RUNNING_CUR
p_sheet_id = 549092 [in], o_cur = [inout]

23.05 15:31:25:       Rows was return: 1

23.05 15:31:25: [WEB-01 - OPEN] SMT.INCIDENT_PKG.TEAM_EXECUTOR_CUR
p_sheet_id = 549092 [in], o_cur = [inout]

23.05 15:31:25:       Rows was return: 1

23.05 15:31:25: [WEB-01 - OPEN] SMT.INCIDENT_PKG.TEAM_LEADER_CUR
p_sheet_id = 549092 [in], p_sign = 0 [in], o_cur = [inout]

23.05 15:31:25:       Rows was return: 1

23.05 15:31:25: [WEB-01 - OPEN] SMT.INCIDENT_PKG.TEAM_LEADER_CUR
p_sheet_id = 549092 [in], p_sign = 1 [in], o_cur = [inout]

23.05 15:31:25:       Rows was return: 1

23.05 15:31:25: [WEB-01 - OPEN] SMT.INCIDENT_PKG.ATTACH_CUR
p_sheet_id = 549092 [in], o_cur = [inout]

23.05 15:31:26:       Rows was return: 1

23.05 15:31:26: [WEB-01 - OPEN] SMT.TEST_PKG.RELATED_INCIDENT_CHILD_CUR
p_parent_sheet_id = 549092 [in], o_cur = [inout]

23.05 15:31:26:       Rows was return: 0

23.05 15:31:26: [WEB-01 - OPEN] SMT.INCIDENT_PKG.PAUSE_CUR
p_sheet_id = 549092 [in], o_cur = [inout]

23.05 15:31:26:       Rows was return: 0

23.05 15:31:26: [WEB-01 - OPEN] SMT.INCIDENT_PKG.STORAGE_2_0_CUR
p_sheet_id = 549092 [in], o_cur = [inout]

23.05 15:31:26:       Rows was return: 0

23.05 15:31:26: [WEB-01 - OPEN] SMT.INCIDENT_PKG.ESCALATION_CUR
p_sheet_id = 549092 [in], o_cur = [inout]

23.05 15:31:26:       Rows was return: 0

23.05 15:31:26: [WEB-01 - OPEN] SMT.INCIDENT_PKG.ACTION_CUR
p_sheet_id = 549092 [in], o_cur = [inout]

23.05 15:31:27:       Rows was return: 0

23.05 15:31:27: [WEB-01 - OPEN] SMT.NSI_PKG.EQ_TREE_NEW_CUR
o_cur = [inout]

23.05 15:31:27:       Rows was return: 2479

23.05 15:31:27: SystemType: lvl = 1 : 11

23.05 15:31:27: [WEB-01 - OPEN] SMT.NSI_PKG.NSI_SOLUTION_TYPE_TREE
o_cur = [inout]

23.05 15:31:27:       Rows was return: 5

23.05 15:31:27: [WEB-01 - OPEN] SMT.INCIDENT_PKG.EQ_NEW_CLASSIF_CUR
p_sheet_id = 549092 [in], o_cur = [inout]

23.05 15:31:27:       Rows was return: 1

23.05 15:31:27: System: parent_class_id = 161 AND lvl = 2 : 53

23.05 15:31:27: Unit: parent_class_id = 162 AND lvl = 3 : 8

23.05 15:31:27: Detail: parent_class_id = 2864 AND lvl = 4 : 0

23.05 15:31:27: [WEB-01 - OPEN] SMT.INCIDENT2_PKG.UNPLANNED_REPAIR_CUR
p_sheet_id = 549092 [in], o_cur = [inout]

23.05 15:31:27:       Rows was return: 0

23.05 15:31:39: [WEB-01 - EXEC] SMT_ADM_PKG.ASUT_USER_STAT
p_id_user = 3782 [inout], p_type_s = Выход. Инциденты. [in], p_id_session = 22117 [in], o_Err_Code = [inout], o_Err_Msg = [inout]

23.05 15:31:39: [WEB-01 - EXEC] SMT_ADM_PKG.ASUT_USER_STAT
p_id_user = 3782 [inout], p_type_s = Выход из ЕСМТ [in], p_id_session = 22117 [in], o_Err_Code = [inout], o_Err_Msg = [inout]

23.05 16:46:32: [WEB-01 - EXEC] SMT.SMT_ADM_PKG.AUTHUSR
p_login = Novikov [in], p_pwd = Novikov [in], p_kod_firm = [inout], p_firm_name = [inout], p_dol_name = [inout], p_user_id = [inout], p_access_pred_id = [inout], p_access_level_name = [inout], p_id_session = [inout], o_Err_Code = [inout], o_Err_Msg = [inout]

23.05 16:46:35: [WEB-01 - OPEN] SMT.ASUT_PERMISSION_PKG.GET_USER_FUNCTIONS
o_cur = [inout], i_asut_user_id = 3761 [in]

23.05 16:46:35:       Rows was return: 29

23.05 16:46:35: [WEB-01 - OPEN] SMT.U_USERS_ADMIN.U_USER_ADMIN_CUR
o_cur = [inout], p_user_id = 3761 [in]

23.05 16:46:35:       Rows was return: 44

23.05 16:46:35: [WEB-01 - OPEN] SMT.SMT_NSI_PKG.SMT_NSI_RESPONSIBLE_DPT_CUR
o_cur = [inout], o_default = 0 [inout]

23.05 16:46:35:       Rows was return: 164

23.05 16:46:35: [WEB-01 - OPEN] SMT.NSI_PKG.REASON_TREE_CUR
o_cur = [inout]

23.05 16:46:35:       Rows was return: 176

23.05 16:46:35: [WEB-01 - OPEN] SMT.NSI_PKG.NSI_UNIV_CUR
o_cur = [inout]

23.05 16:46:35:       Rows was return: 222

23.05 16:46:35: [WEB-01 - OPEN] SMT.NSI_PKG.TCH_FULL_LIST_CUR
o_cur = [inout]

23.05 16:46:36:       Rows was return: 1223

23.05 16:46:36: [WEB-01 - OPEN] SMT.SMT_NSI_PKG.SMT_NSI_DEPOT_PLAIN_CUR
p_road_kod = 0 [in], o_cur = [inout]

23.05 16:46:36:       Rows was return: 250

23.05 16:46:36: [WEB-01 - OPEN] SMT.NSI_PKG.NSI_STATION_CUR
o_cur = [inout]

23.05 16:46:37:       Rows was return: 15227

23.05 16:46:37: [WEB-01 - OPEN] SMT.NSI_PKG.NSI_PEREG_CUR
o_cur = [inout]

23.05 16:46:38:       Rows was return: 5919

23.05 16:46:38: [WEB-01 - OPEN] SMT.NSI_PKG.EQ_MFR_CUR
o_cur = [inout]

23.05 16:46:38:       Rows was return: 299

23.05 16:46:38: [WEB-01 - OPEN] SMT.SMT_REPORT_PKG.FIRM_TREE_CUR
p_id_user = 3761 [in], p_code_object = aIncident [in], o_cur = [inout]

23.05 16:46:38:       Rows was return: 257

23.05 16:46:38: [WEB-01 - OPEN] SMT.SMT_NSI_PKG.NSI_ENTER_DEPOT_REASON_CUR
o_cur = [inout]

23.05 16:46:38:       Rows was return: 20

23.05 16:46:38: [WEB-01 - OPEN] SMT.NSI_PKG.KASANT_STATE_SAFETY_CUR
o_cur = [inout]

23.05 16:46:38:       Rows was return: 727

23.05 16:46:38: [WEB-01 - OPEN] SMT.NSI_PKG.TCHR_FULL_LIST_CUR
o_cur = [inout]

23.05 16:46:38:       Rows was return: 238

23.05 16:46:38: [WEB-01 - OPEN] SMT.NSI_PKG.TCHR_LIST_CUR
p_id_user = 3761 [in], p_code_object = aIncident [in], o_cur = [inout]

23.05 16:46:38:       Rows was return: 236

23.05 16:46:38: [WEB-01 - OPEN] SMT.NSI_PKG.EQ_AGG_TYPE_CUR
o_cur = [inout]

23.05 16:46:38:       Rows was return: 101

23.05 16:46:41: [WEB-01 - OPEN] SMT.SMT_NSI_PKG.FTP_SETTINGS_CUR
o_cur = [inout]

23.05 16:46:41:       Rows was return: 1

23.05 16:46:41: [WEB-01 - OPEN] SMT.APP_NSI_PKG.FIRM_TREE_CUR
p_id_user = 3761 [in], p_code_object = aIncident [in], o_cur = [inout]

23.05 16:46:41:       Rows was return: 259

23.05 16:46:41: [WEB-01 - OPEN] SMT.SMT_NSI2_PKG.NSI_DOC_LIST_CUR
o_cur = [inout]

23.05 16:46:41:       Rows was return: 11

23.05 16:46:41: [WEB-01 - OPEN] SMT.NSI_PKG.LOC_SER_2_0_CUR
o_cur = [inout]

23.05 16:46:42:       Rows was return: 130

23.05 16:46:42: [WEB-01 - OPEN] SMT.SMT_NSI2_PKG.NOM_SER_LOC_CUR
o_cur = [inout], p_kod_ser = 0 [in]

23.05 16:46:42:       Rows was return: 1

23.05 16:46:42: [WEB-01 - EXEC] SMT_ADM_PKG.ASUT_USER_STAT
p_id_user = 3761 [inout], p_type_s = Вход. Инциденты. [in], p_id_session = 22142 [in], o_Err_Code = [inout], o_Err_Msg = [inout]

23.05 16:47:05: [WEB-01 - OPEN] SMT.INCIDENT2_PKG.INCIDENT_2_0_NLOC_SER_LIST_CUR
p_date_begin = 16.05.2016 [in], p_date_finish = 16.05.2016 [in], p_show_all = 1 [in], p_relation_type = 0 [in], p_access = 599002692 [in], p_kod_ser = 0 [in], p_nom_sec = -1 [in], p_nom_object = 0 [in], o_cur = [inout]

23.05 16:47:07:       Rows was return: 325

23.05 16:47:07: [WEB-01 - OPEN] SMT.INCIDENT2_PKG.INCIDENT_2_0_NLOC_SER_LIST_CUR
p_date_begin = 16.05.2016 [in], p_date_finish = 16.05.2016 [in], p_show_all = 1 [in], p_relation_type = 1 [in], p_access = 599002692 [in], p_kod_ser = 0 [in], p_nom_sec = -1 [in], p_nom_object = 0 [in], o_cur = [inout]

23.05 16:47:09:       Rows was return: 2

23.05 16:47:09: [WEB-01 - OPEN] SMT.REPORT_PKG.RCV_INCIDENT_DYNAMIC_CUR
p_date_begin = 16.05.2016 [in], p_date_finish = 16.05.2016 [in], p_type_period = 1 [in], p_id_user = 3761 [in], p_code_object = aIncident [in], o_cur = [inout]

23.05 16:47:09:       Rows was return: 31

24.05 09:03:36: [WEB-01 - EXEC] SMT_ADM_PKG.ASUT_USER_STAT
p_id_user = 3761 [inout], p_type_s = Выход. Инциденты. [in], p_id_session = 22142 [in], o_Err_Code = [inout], o_Err_Msg = [inout]

24.05 09:03:48: [WEB-01 - OPEN] SMT.U_USERS_ADMIN.USER_SEARCH
p_lastname = архарова [in], p_firstname = [in], p_patrname = [in], p_login = [in], p_user_id = 0 [in], o_cur = [inout]

24.05 09:03:48:       Rows was return: 1

24.05 09:03:53: [WEB-01 - OPEN] SMT.U_USERS_ADMIN.U_NSI_DOL_CUR
o_cur = [inout]

24.05 09:03:53:       Rows was return: 268

24.05 09:03:54: [WEB-01 - OPEN] SMT.U_USERS_ADMIN.U_ALL_FIRM_TREE_CUR
o_cur = [inout]

24.05 09:03:54:       Rows was return: 315

24.05 09:03:54: [WEB-01 - OPEN] SMT.APP_NSI_PKG.FIRM_TREE_CUR
p_access = 599002692 [in], o_cur = [inout]

24.05 09:03:54:       Rows was return: 259

24.05 09:03:54: [WEB-01 - OPEN] SMT.U_USERS_ADMIN.U_ROLES_CUR
o_cur = [inout]

24.05 09:03:54:       Rows was return: 18

24.05 09:03:54: [WEB-01 - OPEN] SMT.U_USERS_ADMIN.U_USER_ROLE_CUR
o_cur = [inout], p_user_id = 3545 [in]

24.05 09:03:54:       Rows was return: 53

24.05 09:03:54: [WEB-01 - OPEN] SMT.U_USERS_ADMIN.U_USER_FUNCTION_CUR
o_cur = [inout], p_user_id = 3545 [in]

24.05 09:03:55:       Rows was return: 0

24.05 09:04:09: [WEB-01 - EXEC] SMT.U_USERS_ADMIN.U_USERS_IU
o_user_id = 3545 [inout], p_tab_nom = 300 [inout], p_password = anv300 [in], p_user_name = Arharova [in], p_pred_id = 599003231 [in], p_email = arharova@avpt.ru [in], p_last_name = Архарова [in], p_first_name = Наталья [in], p_patr_name = Валентиновна [in], p_dol_id = 356 [in], p_asut_user_type_id = 2 [in], p_phone = 8-925-688-00-15 [in], p_work_phone = 8-495-134-22-12 доб 6913 [in], p_admin_id = 3458 [in], p_id_role = 16 [in], p_role_kod_firm = 599002692 [in], o_err_code = [inout], o_err_msg = [inout]

24.05 09:04:09: [WEB-01 - OPEN] SMT.U_USERS_ADMIN.U_USER_ROLE_CUR
o_cur = [inout], p_user_id = 3545 [in]

24.05 09:04:10:       Rows was return: 53

24.05 09:04:10: [WEB-01 - OPEN] SMT.U_USERS_ADMIN.U_USER_FUNCTION_CUR
o_cur = [inout], p_user_id = 3545 [in]

24.05 09:04:10:       Rows was return: 0

24.05 09:04:13: [WEB-01 - OPEN] SMT.U_USERS_ADMIN.USER_SEARCH
p_lastname = архарова [in], p_firstname = [in], p_patrname = [in], p_login = [in], p_user_id = 0 [in], o_cur = [inout]

24.05 09:04:13:       Rows was return: 1

24.05 09:04:13: [WEB-01 - OPEN] SMT.U_USERS_ADMIN.U_ROLES_CUR
o_cur = [inout]

24.05 09:04:13:       Rows was return: 18

24.05 09:48:07: [WEB-01 - OPEN] SMT.SMT_NSI_PKG.FTP_SETTINGS_CUR
o_cur = [inout], o_cur = [inout]

24.05 09:48:09: < UI-6 > : Не удалось получить параметры FTP-соединения: Unknown error...

24.05 09:48:09: [WEB-01 - OPEN] SMT.APP_NSI_PKG.FIRM_TREE_CUR
p_id_user = 3761 [in], p_code_object = aIncident [in], o_cur = [inout]

24.05 09:48:09:       Rows was return: 259

24.05 09:48:09: [WEB-01 - OPEN] SMT.SMT_NSI2_PKG.NSI_DOC_LIST_CUR
o_cur = [inout]

24.05 09:48:09:       Rows was return: 11

24.05 09:48:10: [WEB-01 - OPEN] SMT.NSI_PKG.LOC_SER_2_0_CUR
o_cur = [inout]

24.05 09:48:10:       Rows was return: 130

24.05 09:48:10: [WEB-01 - OPEN] SMT.SMT_NSI2_PKG.NOM_SER_LOC_CUR
o_cur = [inout], p_kod_ser = 0 [in]

24.05 09:48:10:       Rows was return: 1

24.05 09:48:10: [WEB-01 - EXEC] SMT_ADM_PKG.ASUT_USER_STAT
p_id_user = 3761 [inout], p_type_s = Вход. Инциденты. [in], p_id_session = 22142 [in], o_Err_Code = [inout], o_Err_Msg = [inout]

24.05 11:04:03: [WEB-01 - EXEC] SMT_ADM_PKG.ASUT_USER_STAT
p_id_user = 3761 [inout], p_type_s = Выход. Инциденты. [in], p_id_session = 22142 [in], o_Err_Code = [inout], o_Err_Msg = [inout]

24.05 11:04:14: [WEB-01 - OPEN] SMT.U_USERS_ADMIN.USER_SEARCH
p_lastname = фефелов [in], p_firstname = [in], p_patrname = [in], p_login = [in], p_user_id = 0 [in], o_cur = [inout]

24.05 11:04:14:       Rows was return: 1

24.05 11:04:16: [WEB-01 - OPEN] SMT.U_USERS_ADMIN.U_NSI_DOL_CUR
o_cur = [inout]

24.05 11:04:17:       Rows was return: 268

24.05 11:04:17: [WEB-01 - OPEN] SMT.U_USERS_ADMIN.U_ALL_FIRM_TREE_CUR
o_cur = [inout]

24.05 11:04:17:       Rows was return: 315

24.05 11:04:17: [WEB-01 - OPEN] SMT.APP_NSI_PKG.FIRM_TREE_CUR
p_access = 599002692 [in], o_cur = [inout]

24.05 11:04:18:       Rows was return: 259

24.05 11:04:18: [WEB-01 - OPEN] SMT.U_USERS_ADMIN.U_ROLES_CUR
o_cur = [inout]

24.05 11:04:18:       Rows was return: 18

24.05 11:04:18: [WEB-01 - OPEN] SMT.U_USERS_ADMIN.U_USER_ROLE_CUR
o_cur = [inout], p_user_id = 5949 [in]

24.05 11:04:18:       Rows was return: 36

24.05 11:04:18: [WEB-01 - OPEN] SMT.U_USERS_ADMIN.U_USER_FUNCTION_CUR
o_cur = [inout], p_user_id = 5949 [in]

24.05 11:04:18:       Rows was return: 0

24.05 14:13:11: [WEB-01 - EXEC] SMT_ADM_PKG.ASUT_USER_STAT
p_id_user = 3761 [inout], p_type_s = Выход из ЕСМТ [in], p_id_session = 22142 [in], o_Err_Code = [inout], o_Err_Msg = [inout]

24.05 14:13:40: [WEB-01 - EXEC] SMT.SMT_ADM_PKG.AUTHUSR
p_login = Novikov [in], p_pwd = Novikov [in], p_kod_firm = [inout], p_firm_name = [inout], p_dol_name = [inout], p_user_id = [inout], p_access_pred_id = [inout], p_access_level_name = [inout], p_id_session = [inout], o_Err_Code = [inout], o_Err_Msg = [inout]

24.05 14:13:41: [WEB-01 - OPEN] SMT.ASUT_PERMISSION_PKG.GET_USER_FUNCTIONS
o_cur = [inout], i_asut_user_id = 3761 [in]

24.05 14:13:41:       Rows was return: 29

24.05 14:13:41: [WEB-01 - OPEN] SMT.U_USERS_ADMIN.U_USER_ADMIN_CUR
o_cur = [inout], p_user_id = 3761 [in]

24.05 14:13:42:       Rows was return: 44

24.05 14:13:42: [WEB-01 - OPEN] SMT.SMT_NSI_PKG.SMT_NSI_RESPONSIBLE_DPT_CUR
o_cur = [inout], o_default = 0 [inout]

24.05 14:13:42:       Rows was return: 164

24.05 14:13:42: [WEB-01 - OPEN] SMT.NSI_PKG.REASON_TREE_CUR
o_cur = [inout]

24.05 14:13:42:       Rows was return: 176

24.05 14:13:42: [WEB-01 - OPEN] SMT.NSI_PKG.NSI_UNIV_CUR
o_cur = [inout]

24.05 14:13:42:       Rows was return: 222

24.05 14:13:42: [WEB-01 - OPEN] SMT.NSI_PKG.TCH_FULL_LIST_CUR
o_cur = [inout]

24.05 14:13:42:       Rows was return: 1223

24.05 14:13:42: [WEB-01 - OPEN] SMT.SMT_NSI_PKG.SMT_NSI_DEPOT_PLAIN_CUR
p_road_kod = 0 [in], o_cur = [inout]

24.05 14:13:42:       Rows was return: 250

24.05 14:13:42: [WEB-01 - OPEN] SMT.NSI_PKG.NSI_STATION_CUR
o_cur = [inout]

24.05 14:13:43:       Rows was return: 15227

24.05 14:13:43: [WEB-01 - OPEN] SMT.NSI_PKG.NSI_PEREG_CUR
o_cur = [inout]

24.05 14:13:44:       Rows was return: 5919

24.05 14:13:44: [WEB-01 - OPEN] SMT.NSI_PKG.EQ_MFR_CUR
o_cur = [inout]

24.05 14:13:44:       Rows was return: 299

24.05 14:13:44: [WEB-01 - OPEN] SMT.SMT_REPORT_PKG.FIRM_TREE_CUR
p_id_user = 3761 [in], p_code_object = aIncident [in], o_cur = [inout]

24.05 14:13:44:       Rows was return: 257

24.05 14:13:44: [WEB-01 - OPEN] SMT.SMT_NSI_PKG.NSI_ENTER_DEPOT_REASON_CUR
o_cur = [inout]

24.05 14:13:44:       Rows was return: 20

24.05 14:13:44: [WEB-01 - OPEN] SMT.NSI_PKG.KASANT_STATE_SAFETY_CUR
o_cur = [inout]

24.05 14:13:44:       Rows was return: 727

24.05 14:13:44: [WEB-01 - OPEN] SMT.NSI_PKG.TCHR_FULL_LIST_CUR
o_cur = [inout]

24.05 14:13:44:       Rows was return: 238

24.05 14:13:44: [WEB-01 - OPEN] SMT.NSI_PKG.TCHR_LIST_CUR
p_id_user = 3761 [in], p_code_object = aIncident [in], o_cur = [inout]

24.05 14:13:44:       Rows was return: 236

24.05 14:13:44: [WEB-01 - OPEN] SMT.NSI_PKG.EQ_AGG_TYPE_CUR
o_cur = [inout]

24.05 14:13:44:       Rows was return: 101

24.05 14:13:46: [WEB-01 - OPEN] SMT.SMT_NSI_PKG.FTP_SETTINGS_CUR
o_cur = [inout]

24.05 14:13:46:       Rows was return: 1

24.05 14:13:46: [WEB-01 - OPEN] SMT.APP_NSI_PKG.FIRM_TREE_CUR
p_id_user = 3761 [in], p_code_object = aIncident [in], o_cur = [inout]

24.05 14:13:46:       Rows was return: 259

24.05 14:13:46: [WEB-01 - OPEN] SMT.SMT_NSI2_PKG.NSI_DOC_LIST_CUR
o_cur = [inout]

24.05 14:13:46:       Rows was return: 11

24.05 14:13:47: [WEB-01 - OPEN] SMT.NSI_PKG.LOC_SER_2_0_CUR
o_cur = [inout]

24.05 14:13:47:       Rows was return: 130

24.05 14:13:47: [WEB-01 - OPEN] SMT.SMT_NSI2_PKG.NOM_SER_LOC_CUR
o_cur = [inout], p_kod_ser = 0 [in]

24.05 14:13:47:       Rows was return: 1

24.05 14:13:47: [WEB-01 - EXEC] SMT_ADM_PKG.ASUT_USER_STAT
p_id_user = 3761 [inout], p_type_s = Вход. Инциденты. [in], p_id_session = 22532 [in], o_Err_Code = [inout], o_Err_Msg = [inout]

24.05 14:13:52: [WEB-01 - OPEN] SMT.INCIDENT2_PKG.INCIDENT_2_0_NLOC_SER_LIST_CUR
p_date_begin = 16.05.2016 [in], p_date_finish = 16.05.2016 [in], p_show_all = 1 [in], p_relation_type = 0 [in], p_access = 599002692 [in], p_kod_ser = 0 [in], p_nom_sec = -1 [in], p_nom_object = 0 [in], o_cur = [inout]

24.05 14:15:22:       Rows was return: 337

24.05 14:15:22: [WEB-01 - OPEN] SMT.INCIDENT2_PKG.INCIDENT_2_0_NLOC_SER_LIST_CUR
p_date_begin = 16.05.2016 [in], p_date_finish = 16.05.2016 [in], p_show_all = 1 [in], p_relation_type = 1 [in], p_access = 599002692 [in], p_kod_ser = 0 [in], p_nom_sec = -1 [in], p_nom_object = 0 [in], o_cur = [inout]

24.05 14:15:23:       Rows was return: 2

24.05 14:15:23: [WEB-01 - OPEN] SMT.REPORT_PKG.RCV_INCIDENT_DYNAMIC_CUR
p_date_begin = 16.05.2016 [in], p_date_finish = 16.05.2016 [in], p_type_period = 1 [in], p_id_user = 3761 [in], p_code_object = aIncident [in], o_cur = [inout]

24.05 14:15:23:       Rows was return: 31

24.05 15:03:50: [WEB-01 - EXEC] SMT_ADM_PKG.ASUT_USER_STAT
p_id_user = 3761 [inout], p_type_s = Выход. Инциденты. [in], p_id_session = 22532 [in], o_Err_Code = [inout], o_Err_Msg = [inout]

24.05 15:03:51: [WEB-01 - EXEC] SMT_ADM_PKG.ASUT_USER_STAT
p_id_user = 3761 [inout], p_type_s = Выход из ЕСМТ [in], p_id_session = 22532 [in], o_Err_Code = [inout], o_Err_Msg = [inout]

24.05 15:07:51: [WEB-01 - EXEC] SMT.SMT_ADM_PKG.AUTHUSR
p_login = Novikov [in], p_pwd = Novikov [in], p_kod_firm = [inout], p_firm_name = [inout], p_dol_name = [inout], p_user_id = [inout], p_access_pred_id = [inout], p_access_level_name = [inout], p_id_session = [inout], o_Err_Code = [inout], o_Err_Msg = [inout]

24.05 15:07:53: [WEB-01 - OPEN] SMT.ASUT_PERMISSION_PKG.GET_USER_FUNCTIONS
o_cur = [inout], i_asut_user_id = 3761 [in]

24.05 15:07:53:       Rows was return: 29

24.05 15:07:53: [WEB-01 - OPEN] SMT.U_USERS_ADMIN.U_USER_ADMIN_CUR
o_cur = [inout], p_user_id = 3761 [in]

24.05 15:07:53:       Rows was return: 44

24.05 15:07:53: [WEB-01 - OPEN] SMT.SMT_NSI_PKG.SMT_NSI_RESPONSIBLE_DPT_CUR
o_cur = [inout], o_default = 0 [inout]

24.05 15:07:53:       Rows was return: 164

24.05 15:07:53: [WEB-01 - OPEN] SMT.NSI_PKG.REASON_TREE_CUR
o_cur = [inout]

24.05 15:07:53:       Rows was return: 176

24.05 15:07:53: [WEB-01 - OPEN] SMT.NSI_PKG.NSI_UNIV_CUR
o_cur = [inout]

24.05 15:07:54:       Rows was return: 222

24.05 15:07:54: [WEB-01 - OPEN] SMT.NSI_PKG.TCH_FULL_LIST_CUR
o_cur = [inout]

24.05 15:07:54:       Rows was return: 1223

24.05 15:07:54: [WEB-01 - OPEN] SMT.SMT_NSI_PKG.SMT_NSI_DEPOT_PLAIN_CUR
p_road_kod = 0 [in], o_cur = [inout]

24.05 15:07:54:       Rows was return: 250

24.05 15:07:54: [WEB-01 - OPEN] SMT.NSI_PKG.NSI_STATION_CUR
o_cur = [inout]

24.05 15:07:56:       Rows was return: 15227

24.05 15:07:56: [WEB-01 - OPEN] SMT.NSI_PKG.NSI_PEREG_CUR
o_cur = [inout]

24.05 15:07:56:       Rows was return: 5919

24.05 15:07:56: [WEB-01 - OPEN] SMT.NSI_PKG.EQ_MFR_CUR
o_cur = [inout]

24.05 15:07:56:       Rows was return: 299

24.05 15:07:56: [WEB-01 - OPEN] SMT.SMT_REPORT_PKG.FIRM_TREE_CUR
p_id_user = 3761 [in], p_code_object = aIncident [in], o_cur = [inout]

24.05 15:07:56:       Rows was return: 257

24.05 15:07:56: [WEB-01 - OPEN] SMT.SMT_NSI_PKG.NSI_ENTER_DEPOT_REASON_CUR
o_cur = [inout]

24.05 15:07:57:       Rows was return: 20

24.05 15:07:57: [WEB-01 - OPEN] SMT.NSI_PKG.KASANT_STATE_SAFETY_CUR
o_cur = [inout]

24.05 15:07:57:       Rows was return: 727

24.05 15:07:57: [WEB-01 - OPEN] SMT.NSI_PKG.TCHR_FULL_LIST_CUR
o_cur = [inout]

24.05 15:07:57:       Rows was return: 238

24.05 15:07:57: [WEB-01 - OPEN] SMT.NSI_PKG.TCHR_LIST_CUR
p_id_user = 3761 [in], p_code_object = aIncident [in], o_cur = [inout]

24.05 15:07:57:       Rows was return: 236

24.05 15:07:57: [WEB-01 - OPEN] SMT.NSI_PKG.EQ_AGG_TYPE_CUR
o_cur = [inout]

24.05 15:07:57:       Rows was return: 101

24.05 15:07:59: [WEB-01 - OPEN] SMT.SMT_NSI_PKG.FTP_SETTINGS_CUR
o_cur = [inout]

24.05 15:07:59:       Rows was return: 1

24.05 15:07:59: [WEB-01 - OPEN] SMT.APP_NSI_PKG.FIRM_TREE_CUR
p_id_user = 3761 [in], p_code_object = aIncident [in], o_cur = [inout]

24.05 15:07:59:       Rows was return: 259

24.05 15:07:59: [WEB-01 - OPEN] SMT.SMT_NSI2_PKG.NSI_DOC_LIST_CUR
o_cur = [inout]

24.05 15:08:00:       Rows was return: 11

24.05 15:08:00: [WEB-01 - OPEN] SMT.NSI_PKG.LOC_SER_2_0_CUR
o_cur = [inout]

24.05 15:08:00:       Rows was return: 130

24.05 15:08:00: [WEB-01 - OPEN] SMT.SMT_NSI2_PKG.NOM_SER_LOC_CUR
o_cur = [inout], p_kod_ser = 0 [in]

24.05 15:08:00:       Rows was return: 1

24.05 15:08:00: [WEB-01 - EXEC] SMT_ADM_PKG.ASUT_USER_STAT
p_id_user = 3761 [inout], p_type_s = Вход. Инциденты. [in], p_id_session = 22561 [in], o_Err_Code = [inout], o_Err_Msg = [inout]

24.05 15:08:04: [WEB-01 - OPEN] SMT.KOS.INCIDENT_3_0_NLOC_SER_LIST_CUR
p_date_begin = 16.05.2016 [in], p_date_finish = 16.05.2016 [in], p_show_all = 1 [in], p_relation_type = 0 [in], p_access = 599002692 [in], p_kod_ser = 0 [in], p_nom_sec = -1 [in], p_nom_object = 0 [in], o_cur = [inout]

24.05 15:08:06:       Rows was return: 339

24.05 15:08:06: [WEB-01 - OPEN] SMT.KOS.INCIDENT_3_0_NLOC_SER_LIST_CUR
p_date_begin = 16.05.2016 [in], p_date_finish = 16.05.2016 [in], p_show_all = 1 [in], p_relation_type = 1 [in], p_access = 599002692 [in], p_kod_ser = 0 [in], p_nom_sec = -1 [in], p_nom_object = 0 [in], o_cur = [inout]

24.05 15:08:07:       Rows was return: 2

24.05 15:08:07: [WEB-01 - OPEN] SMT.REPORT_PKG.RCV_INCIDENT_DYNAMIC_CUR
p_date_begin = 16.05.2016 [in], p_date_finish = 16.05.2016 [in], p_type_period = 1 [in], p_id_user = 3761 [in], p_code_object = aIncident [in], o_cur = [inout]

24.05 15:08:07:       Rows was return: 31

24.05 15:08:52: [WEB-01 - OPEN] SMT.KOS.INCIDENT_3_0_NLOC_SER_LIST_CUR
p_date_begin = 01.05.2016 [in], p_date_finish = 16.05.2016 [in], p_show_all = 1 [in], p_relation_type = 0 [in], p_access = 599002692 [in], p_kod_ser = 0 [in], p_nom_sec = -1 [in], p_nom_object = 0 [in], o_cur = [inout]

24.05 15:09:06:       Rows was return: 5793

24.05 15:09:06: [WEB-01 - OPEN] SMT.KOS.INCIDENT_3_0_NLOC_SER_LIST_CUR
p_date_begin = 01.05.2016 [in], p_date_finish = 16.05.2016 [in], p_show_all = 1 [in], p_relation_type = 1 [in], p_access = 599002692 [in], p_kod_ser = 0 [in], p_nom_sec = -1 [in], p_nom_object = 0 [in], o_cur = [inout]

24.05 15:09:07:       Rows was return: 30

24.05 15:09:07: [WEB-01 - OPEN] SMT.REPORT_PKG.RCV_INCIDENT_DYNAMIC_CUR
p_date_begin = 01.05.2016 [in], p_date_finish = 16.05.2016 [in], p_type_period = 1 [in], p_id_user = 3761 [in], p_code_object = aIncident [in], o_cur = [inout]

24.05 15:09:07:       Rows was return: 31

24.05 15:12:20: [WEB-01 - OPEN] SMT.KOS.INCIDENT_3_0_NLOC_SER_LIST_CUR
p_date_begin = 01.01.2016 [in], p_date_finish = 16.05.2016 [in], p_show_all = 1 [in], p_relation_type = 0 [in], p_access = 599002692 [in], p_kod_ser = 0 [in], p_nom_sec = -1 [in], p_nom_object = 0 [in], o_cur = [inout]

24.05 15:12:20: ShowAppException: КОРНЕВЫЕ ИНЦИДЕНТЫ:
< UI-2 > : Ошибка выполнения загрузки списка инцидентов (обращение к БД).
Unknown error...

24.05 15:12:20: ShowAppException TDMMain: КОРНЕВЫЕ ИНЦИДЕНТЫ:
< UI-2 > : Ошибка выполнения загрузки списка инцидентов (обращение к БД).
Unknown error...

24.05 15:12:29: [WEB-01 - OPEN] SMT.KOS.INCIDENT_3_0_NLOC_SER_LIST_CUR
p_date_begin = 01.01.2016 [in], p_date_finish = 16.05.2016 [in], p_show_all = 1 [in], p_relation_type = 0 [in], p_access = 599002692 [in], p_kod_ser = 0 [in], p_nom_sec = -1 [in], p_nom_object = 0 [in], o_cur = [inout]

24.05 15:12:29: ShowAppException: КОРНЕВЫЕ ИНЦИДЕНТЫ:
< UI-2 > : Ошибка выполнения загрузки списка инцидентов (обращение к БД).
Unknown error...

24.05 15:12:29: ShowAppException TDMMain: КОРНЕВЫЕ ИНЦИДЕНТЫ:
< UI-2 > : Ошибка выполнения загрузки списка инцидентов (обращение к БД).
Unknown error...

24.05 15:12:32: [WEB-01 - EXEC] SMT_ADM_PKG.ASUT_USER_STAT
p_id_user = 3761 [inout], p_type_s = Выход. Инциденты. [in], p_id_session = 22561 [in], o_Err_Code = [inout], o_Err_Msg = [inout]

24.05 15:12:34: [WEB-01 - OPEN] SMT.SMT_NSI_PKG.FTP_SETTINGS_CUR
o_cur = [inout], o_cur = [inout]

24.05 15:12:36: < UI-6 > : Не удалось получить параметры FTP-соединения: Unknown error...

24.05 15:12:36: [WEB-01 - OPEN] SMT.APP_NSI_PKG.FIRM_TREE_CUR
p_id_user = 3761 [in], p_code_object = aIncident [in], o_cur = [inout]

24.05 15:12:36:       Rows was return: 259

24.05 15:12:36: [WEB-01 - OPEN] SMT.SMT_NSI2_PKG.NSI_DOC_LIST_CUR
o_cur = [inout]

24.05 15:12:36:       Rows was return: 11

24.05 15:12:36: [WEB-01 - OPEN] SMT.NSI_PKG.LOC_SER_2_0_CUR
o_cur = [inout]

24.05 15:12:37:       Rows was return: 130

24.05 15:12:37: [WEB-01 - OPEN] SMT.SMT_NSI2_PKG.NOM_SER_LOC_CUR
o_cur = [inout], p_kod_ser = 0 [in]

24.05 15:12:37:       Rows was return: 1

24.05 15:12:37: [WEB-01 - EXEC] SMT_ADM_PKG.ASUT_USER_STAT
p_id_user = 3761 [inout], p_type_s = Вход. Инциденты. [in], p_id_session = 22561 [in], o_Err_Code = [inout], o_Err_Msg = [inout]

24.05 15:12:40: [WEB-01 - OPEN] SMT.KOS.INCIDENT_3_0_NLOC_SER_LIST_CUR
p_date_begin = 01.01.2016 [in], p_date_finish = 16.05.2016 [in], p_show_all = 1 [in], p_relation_type = 0 [in], p_access = 599002692 [in], p_kod_ser = 0 [in], p_nom_sec = -1 [in], p_nom_object = 0 [in], o_cur = [inout]

24.05 15:14:40: ShowAppException: КОРНЕВЫЕ ИНЦИДЕНТЫ:
< UI-2 > : Ошибка выполнения загрузки списка инцидентов (обращение к БД).
Ошибка вызова функции <CallWebServiceBin>
Proxy Error ( РЈРєР°Р·Р°РЅРЅРѕРµ СЃРµС‚РµРІРѕРµ РёРјСЏ Р±РѕР»РµРµ РЅРµРґРѕСЃС‚СѓРїРЅРѕ.  ) (502) - 'http://esmt.asunt.ru:9900/SOAP?service=DataService'

24.05 15:14:40: ShowAppException TDMMain: КОРНЕВЫЕ ИНЦИДЕНТЫ:
< UI-2 > : Ошибка выполнения загрузки списка инцидентов (обращение к БД).
Ошибка вызова функции <CallWebServiceBin>
Proxy Error ( РЈРєР°Р·Р°РЅРЅРѕРµ СЃРµС‚РµРІРѕРµ РёРјСЏ Р±РѕР»РµРµ РЅРµРґРѕСЃС‚СѓРїРЅРѕ.  ) (502) - 'http://esmt.asunt.ru:9900/SOAP?service=DataService'

24.05 15:22:45: [WEB-01 - OPEN] SMT.KOS.INCIDENT_3_0_NLOC_SER_LIST_CUR
p_date_begin = 01.04.2016 [in], p_date_finish = 16.05.2016 [in], p_show_all = 1 [in], p_relation_type = 0 [in], p_access = 599002692 [in], p_kod_ser = 0 [in], p_nom_sec = -1 [in], p_nom_object = 0 [in], o_cur = [inout]

24.05 15:24:46: ShowAppException: КОРНЕВЫЕ ИНЦИДЕНТЫ:
< UI-2 > : Ошибка выполнения загрузки списка инцидентов (обращение к БД).
Ошибка вызова функции <CallWebServiceBin>
Proxy Error ( РЈРєР°Р·Р°РЅРЅРѕРµ СЃРµС‚РµРІРѕРµ РёРјСЏ Р±РѕР»РµРµ РЅРµРґРѕСЃС‚СѓРїРЅРѕ.  ) (502) - 'http://esmt.asunt.ru:9900/SOAP?service=DataService'

24.05 15:24:46: ShowAppException TDMMain: КОРНЕВЫЕ ИНЦИДЕНТЫ:
< UI-2 > : Ошибка выполнения загрузки списка инцидентов (обращение к БД).
Ошибка вызова функции <CallWebServiceBin>
Proxy Error ( РЈРєР°Р·Р°РЅРЅРѕРµ СЃРµС‚РµРІРѕРµ РёРјСЏ Р±РѕР»РµРµ РЅРµРґРѕСЃС‚СѓРїРЅРѕ.  ) (502) - 'http://esmt.asunt.ru:9900/SOAP?service=DataService'

24.05 15:43:28: [WEB-01 - EXEC] SMT_ADM_PKG.ASUT_USER_STAT
p_id_user = 3761 [inout], p_type_s = Выход. Инциденты. [in], p_id_session = 22561 [in], o_Err_Code = [inout], o_Err_Msg = [inout]

24.05 16:01:39: [WEB-01 - OPEN] SMT.SMT_NSI_PKG.FTP_SETTINGS_CUR
o_cur = [inout], o_cur = [inout], o_cur = [inout]

24.05 16:01:39: < UI-6 > : Не удалось получить параметры FTP-соединения: Unknown error...

24.05 16:01:39: [WEB-01 - OPEN] SMT.APP_NSI_PKG.FIRM_TREE_CUR
p_id_user = 3761 [in], p_code_object = aIncident [in], o_cur = [inout]

24.05 16:01:39:       Rows was return: 259

24.05 16:01:40: [WEB-01 - OPEN] SMT.SMT_NSI2_PKG.NSI_DOC_LIST_CUR
o_cur = [inout]

24.05 16:01:40:       Rows was return: 11

24.05 16:01:40: [WEB-01 - OPEN] SMT.NSI_PKG.LOC_SER_2_0_CUR
o_cur = [inout]

24.05 16:01:40:       Rows was return: 130

24.05 16:01:40: [WEB-01 - OPEN] SMT.SMT_NSI2_PKG.NOM_SER_LOC_CUR
o_cur = [inout], p_kod_ser = 0 [in]

24.05 16:01:41:       Rows was return: 1

24.05 16:01:41: [WEB-01 - EXEC] SMT_ADM_PKG.ASUT_USER_STAT
p_id_user = 3761 [inout], p_type_s = Вход. Инциденты. [in], p_id_session = 22561 [in], o_Err_Code = [inout], o_Err_Msg = [inout]

24.05 16:01:50: [WEB-01 - OPEN] SMT.KOS.INCIDENT_3_0_NLOC_SER_LIST_CUR
p_date_begin = 24.05.2016 [in], p_date_finish = 24.05.2016 [in], p_show_all = 1 [in], p_relation_type = 0 [in], p_access = 599002692 [in], p_kod_ser = 0 [in], p_nom_sec = -1 [in], p_nom_object = 0 [in], o_cur = [inout]

24.05 16:01:59:       Rows was return: 106

24.05 16:01:59: [WEB-01 - OPEN] SMT.KOS.INCIDENT_3_0_NLOC_SER_LIST_CUR
p_date_begin = 24.05.2016 [in], p_date_finish = 24.05.2016 [in], p_show_all = 1 [in], p_relation_type = 1 [in], p_access = 599002692 [in], p_kod_ser = 0 [in], p_nom_sec = -1 [in], p_nom_object = 0 [in], o_cur = [inout]

24.05 16:02:00:       Rows was return: 0

24.05 16:02:00: [WEB-01 - OPEN] SMT.REPORT_PKG.RCV_INCIDENT_DYNAMIC_CUR
p_date_begin = 24.05.2016 [in], p_date_finish = 24.05.2016 [in], p_type_period = 1 [in], p_id_user = 3761 [in], p_code_object = aIncident [in], o_cur = [inout]

24.05 16:02:00:       Rows was return: 31

24.05 16:56:57: [WEB-01 - EXEC] SMT_ADM_PKG.ASUT_USER_STAT
p_id_user = 3761 [inout], p_type_s = Вход. Анализ: Виновная сторона. [in], p_id_session = 22561 [in], o_Err_Code = [inout], o_Err_Msg = [inout]

24.05 16:56:59: [WEB-01 - OPEN] SMT.SMT_NSI2_PKG.SMT_NSI_VINOV_S_CUR
o_cur = [inout]

24.05 16:57:00:       Rows was return: 164

25.05 08:22:55: [WEB-01 - EXEC] SMT_ADM_PKG.ASUT_USER_STAT
p_id_user = 3761 [inout], p_type_s = Выход. Анализ: Виновная сторона. [in], p_id_session = 22561 [in], o_Err_Code = [inout], o_Err_Msg = [inout]

25.05 08:22:56: [WEB-01 - EXEC] SMT_ADM_PKG.ASUT_USER_STAT
p_id_user = 3761 [inout], p_type_s = Выход из ЕСМТ [in], p_id_session = 22561 [in], o_Err_Code = [inout], o_Err_Msg = [inout]

25.05 08:22:56: [WEB-01 - EXEC] SMT_ADM_PKG.ASUT_USER_STAT
p_id_user = 3761 [inout], p_type_s = Выход. Инциденты. [in], p_id_session = 22561 [in], o_Err_Code = [inout], o_Err_Msg = [inout]

25.05 09:44:36: [WEB-01 - EXEC] SMT.SMT_ADM_PKG.AUTHUSR
p_login = Novikov [in], p_pwd = Novikov [in], p_kod_firm = [inout], p_firm_name = [inout], p_dol_name = [inout], p_user_id = [inout], p_access_pred_id = [inout], p_access_level_name = [inout], p_id_session = [inout], o_Err_Code = [inout], o_Err_Msg = [inout]

25.05 09:44:53: [WEB-01 - OPEN] SMT.ASUT_PERMISSION_PKG.GET_USER_FUNCTIONS
o_cur = [inout], i_asut_user_id = 3761 [in]

25.05 09:44:53:       Rows was return: 29

25.05 09:44:53: [WEB-01 - OPEN] SMT.U_USERS_ADMIN.U_USER_ADMIN_CUR
o_cur = [inout], p_user_id = 3761 [in]

25.05 09:44:53:       Rows was return: 44

25.05 09:44:53: [WEB-01 - OPEN] SMT.SMT_NSI_PKG.SMT_NSI_RESPONSIBLE_DPT_CUR
o_cur = [inout], o_default = 0 [inout]

25.05 09:44:54:       Rows was return: 164

25.05 09:44:54: [WEB-01 - OPEN] SMT.NSI_PKG.REASON_TREE_CUR
o_cur = [inout]

25.05 09:44:56:       Rows was return: 176

25.05 09:44:56: [WEB-01 - OPEN] SMT.NSI_PKG.NSI_UNIV_CUR
o_cur = [inout]

25.05 09:45:00:       Rows was return: 222

25.05 09:45:00: [WEB-01 - OPEN] SMT.NSI_PKG.TCH_FULL_LIST_CUR
o_cur = [inout]

25.05 09:45:02:       Rows was return: 1223

25.05 09:45:02: [WEB-01 - OPEN] SMT.SMT_NSI_PKG.SMT_NSI_DEPOT_PLAIN_CUR
p_road_kod = 0 [in], o_cur = [inout]

25.05 09:45:12:       Rows was return: 250

25.05 09:45:12: [WEB-01 - OPEN] SMT.NSI_PKG.NSI_STATION_CUR
o_cur = [inout]

25.05 09:45:20:       Rows was return: 15227

25.05 09:45:20: [WEB-01 - OPEN] SMT.NSI_PKG.NSI_PEREG_CUR
o_cur = [inout]

25.05 09:45:24:       Rows was return: 5919

25.05 09:45:24: [WEB-01 - OPEN] SMT.NSI_PKG.EQ_MFR_CUR
o_cur = [inout]

25.05 09:45:24:       Rows was return: 299

25.05 09:45:24: [WEB-01 - OPEN] SMT.SMT_REPORT_PKG.FIRM_TREE_CUR
p_id_user = 3761 [in], p_code_object = aIncident [in], o_cur = [inout]

25.05 09:45:25:       Rows was return: 257

25.05 09:45:25: [WEB-01 - OPEN] SMT.SMT_NSI_PKG.NSI_ENTER_DEPOT_REASON_CUR
o_cur = [inout]

25.05 09:45:25:       Rows was return: 20

25.05 09:45:25: [WEB-01 - OPEN] SMT.NSI_PKG.KASANT_STATE_SAFETY_CUR
o_cur = [inout]

2: Log file rotated to 25_05_16_09_45_25.log
