25.05 09:45:25:       Rows was return: 727

25.05 09:45:25: [WEB-01 - OPEN] SMT.NSI_PKG.TCHR_FULL_LIST_CUR
o_cur = [inout]

25.05 09:45:25:       Rows was return: 238

25.05 09:45:25: [WEB-01 - OPEN] SMT.NSI_PKG.TCHR_LIST_CUR
p_id_user = 3761 [in], p_code_object = aIncident [in], o_cur = [inout]

25.05 09:45:26:       Rows was return: 236

25.05 09:45:26: [WEB-01 - OPEN] SMT.NSI_PKG.EQ_AGG_TYPE_CUR
o_cur = [inout]

25.05 09:45:26:       Rows was return: 101

25.05 09:47:16: [WEB-01 - OPEN] SMT.SMT_NSI_PKG.FTP_SETTINGS_CUR
o_cur = [inout]

25.05 09:47:16:       Rows was return: 1

25.05 09:47:16: [WEB-01 - OPEN] SMT.APP_NSI_PKG.FIRM_TREE_CUR
p_id_user = 3761 [in], p_code_object = aIncident [in], o_cur = [inout]

25.05 09:47:16:       Rows was return: 259

25.05 09:47:16: [WEB-01 - OPEN] SMT.SMT_NSI2_PKG.NSI_DOC_LIST_CUR
o_cur = [inout]

25.05 09:47:16:       Rows was return: 11

25.05 09:47:17: [WEB-01 - OPEN] SMT.NSI_PKG.LOC_SER_2_0_CUR
o_cur = [inout]

25.05 09:47:17:       Rows was return: 130

25.05 09:47:17: [WEB-01 - OPEN] SMT.SMT_NSI2_PKG.NOM_SER_LOC_CUR
o_cur = [inout], p_kod_ser = 0 [in]

25.05 09:47:17:       Rows was return: 1

25.05 09:47:17: [WEB-01 - EXEC] SMT_ADM_PKG.ASUT_USER_STAT
p_id_user = 3761 [inout], p_type_s = Вход. Инциденты. [in], p_id_session = 22896 [in], o_Err_Code = [inout], o_Err_Msg = [inout]

25.05 09:47:30: [WEB-01 - OPEN] SMT.KOS.INCIDENT_3_0_NLOC_SER_LIST_CUR
p_date_begin = 20.05.2016 [in], p_date_finish = 20.05.2016 [in], p_show_all = 1 [in], p_relation_type = 0 [in], p_access = 599002692 [in], p_kod_ser = 0 [in], p_nom_sec = -1 [in], p_nom_object = 0 [in], o_cur = [inout]

25.05 09:47:38:       Rows was return: 286

25.05 09:47:38: [WEB-01 - OPEN] SMT.KOS.INCIDENT_3_0_NLOC_SER_LIST_CUR
p_date_begin = 20.05.2016 [in], p_date_finish = 20.05.2016 [in], p_show_all = 1 [in], p_relation_type = 1 [in], p_access = 599002692 [in], p_kod_ser = 0 [in], p_nom_sec = -1 [in], p_nom_object = 0 [in], o_cur = [inout]

25.05 09:47:39:       Rows was return: 1

25.05 09:47:39: [WEB-01 - OPEN] SMT.REPORT_PKG.RCV_INCIDENT_DYNAMIC_CUR
p_date_begin = 20.05.2016 [in], p_date_finish = 20.05.2016 [in], p_type_period = 1 [in], p_id_user = 3761 [in], p_code_object = aIncident [in], o_cur = [inout]

25.05 09:47:39:       Rows was return: 31

25.05 09:47:39: ShowAppException: Could not convert variant of type (Null) into type (Integer)

25.05 09:47:39: ShowAppException TDMMain: Could not convert variant of type (Null) into type (Integer)

25.05 09:47:56: ShowAppException: Could not convert variant of type (Null) into type (Integer)

25.05 09:47:56: ShowAppException TDMMain: Could not convert variant of type (Null) into type (Integer)

25.05 09:48:00: [WEB-01 - EXEC] SMT_ADM_PKG.ASUT_USER_STAT
p_id_user = 3761 [inout], p_type_s = Выход. Инциденты. [in], p_id_session = 22896 [in], o_Err_Code = [inout], o_Err_Msg = [inout]

25.05 09:48:01: [WEB-01 - EXEC] SMT_ADM_PKG.ASUT_USER_STAT
p_id_user = 3761 [inout], p_type_s = Выход из ЕСМТ [in], p_id_session = 22896 [in], o_Err_Code = [inout], o_Err_Msg = [inout]

25.05 09:50:30: [WEB-01 - EXEC] SMT.SMT_ADM_PKG.AUTHUSR
p_login = Novikov [in], p_pwd = Novikov [in], p_kod_firm = [inout], p_firm_name = [inout], p_dol_name = [inout], p_user_id = [inout], p_access_pred_id = [inout], p_access_level_name = [inout], p_id_session = [inout], o_Err_Code = [inout], o_Err_Msg = [inout]

25.05 09:50:31: [WEB-01 - OPEN] SMT.ASUT_PERMISSION_PKG.GET_USER_FUNCTIONS
o_cur = [inout], i_asut_user_id = 3761 [in]

25.05 09:50:31:       Rows was return: 29

25.05 09:50:32: [WEB-01 - OPEN] SMT.U_USERS_ADMIN.U_USER_ADMIN_CUR
o_cur = [inout], p_user_id = 3761 [in]

25.05 09:50:32:       Rows was return: 44

25.05 09:50:32: [WEB-01 - OPEN] SMT.SMT_NSI_PKG.SMT_NSI_RESPONSIBLE_DPT_CUR
o_cur = [inout], o_default = 0 [inout]

25.05 09:50:32:       Rows was return: 164

25.05 09:50:32: [WEB-01 - OPEN] SMT.NSI_PKG.REASON_TREE_CUR
o_cur = [inout]

25.05 09:50:32:       Rows was return: 176

25.05 09:50:32: [WEB-01 - OPEN] SMT.NSI_PKG.NSI_UNIV_CUR
o_cur = [inout]

25.05 09:50:32:       Rows was return: 222

25.05 09:50:32: [WEB-01 - OPEN] SMT.NSI_PKG.TCH_FULL_LIST_CUR
o_cur = [inout]

25.05 09:50:32:       Rows was return: 1223

25.05 09:50:32: [WEB-01 - OPEN] SMT.SMT_NSI_PKG.SMT_NSI_DEPOT_PLAIN_CUR
p_road_kod = 0 [in], o_cur = [inout]

25.05 09:50:32:       Rows was return: 250

25.05 09:50:32: [WEB-01 - OPEN] SMT.NSI_PKG.NSI_STATION_CUR
o_cur = [inout]

25.05 09:50:34:       Rows was return: 15227

25.05 09:50:34: [WEB-01 - OPEN] SMT.NSI_PKG.NSI_PEREG_CUR
o_cur = [inout]

25.05 09:50:34:       Rows was return: 5919

25.05 09:50:34: [WEB-01 - OPEN] SMT.NSI_PKG.EQ_MFR_CUR
o_cur = [inout]

25.05 09:50:34:       Rows was return: 299

25.05 09:50:34: [WEB-01 - OPEN] SMT.SMT_REPORT_PKG.FIRM_TREE_CUR
p_id_user = 3761 [in], p_code_object = aIncident [in], o_cur = [inout]

25.05 09:50:35:       Rows was return: 257

25.05 09:50:35: [WEB-01 - OPEN] SMT.SMT_NSI_PKG.NSI_ENTER_DEPOT_REASON_CUR
o_cur = [inout]

25.05 09:50:35:       Rows was return: 20

25.05 09:50:35: [WEB-01 - OPEN] SMT.NSI_PKG.KASANT_STATE_SAFETY_CUR
o_cur = [inout]

25.05 09:50:35:       Rows was return: 727

25.05 09:50:35: [WEB-01 - OPEN] SMT.NSI_PKG.TCHR_FULL_LIST_CUR
o_cur = [inout]

25.05 09:50:35:       Rows was return: 238

25.05 09:50:35: [WEB-01 - OPEN] SMT.NSI_PKG.TCHR_LIST_CUR
p_id_user = 3761 [in], p_code_object = aIncident [in], o_cur = [inout]

25.05 09:50:35:       Rows was return: 236

25.05 09:50:35: [WEB-01 - OPEN] SMT.NSI_PKG.EQ_AGG_TYPE_CUR
o_cur = [inout]

25.05 09:50:35:       Rows was return: 101

25.05 09:50:37: [WEB-01 - OPEN] SMT.SMT_NSI_PKG.FTP_SETTINGS_CUR
o_cur = [inout]

25.05 09:50:37:       Rows was return: 1

25.05 09:50:37: [WEB-01 - OPEN] SMT.APP_NSI_PKG.FIRM_TREE_CUR
p_id_user = 3761 [in], p_code_object = aIncident [in], o_cur = [inout]

25.05 09:50:38:       Rows was return: 259

25.05 09:50:38: [WEB-01 - OPEN] SMT.SMT_NSI2_PKG.NSI_DOC_LIST_CUR
o_cur = [inout]

25.05 09:50:38:       Rows was return: 11

25.05 09:50:38: [WEB-01 - OPEN] SMT.NSI_PKG.LOC_SER_2_0_CUR
o_cur = [inout]

25.05 09:50:39:       Rows was return: 130

25.05 09:50:39: [WEB-01 - OPEN] SMT.SMT_NSI2_PKG.NOM_SER_LOC_CUR
o_cur = [inout], p_kod_ser = 0 [in]

25.05 09:50:39:       Rows was return: 1

25.05 09:50:39: [WEB-01 - EXEC] SMT_ADM_PKG.ASUT_USER_STAT
p_id_user = 3761 [inout], p_type_s = Вход. Инциденты. [in], p_id_session = 22898 [in], o_Err_Code = [inout], o_Err_Msg = [inout]

25.05 09:50:55: [WEB-01 - OPEN] SMT.INCIDENT2_PKG.INCIDENT_2_0_NLOC_SER_LIST_CUR
p_date_begin = 09.05.2016 [in], p_date_finish = 09.05.2016 [in], p_show_all = 1 [in], p_relation_type = 0 [in], p_access = 599002692 [in], p_kod_ser = 0 [in], p_nom_sec = -1 [in], p_nom_object = 0 [in], o_cur = [inout]

25.05 09:52:38:       Rows was return: 387

25.05 09:52:38: [WEB-01 - OPEN] SMT.INCIDENT2_PKG.INCIDENT_2_0_NLOC_SER_LIST_CUR
p_date_begin = 09.05.2016 [in], p_date_finish = 09.05.2016 [in], p_show_all = 1 [in], p_relation_type = 1 [in], p_access = 599002692 [in], p_kod_ser = 0 [in], p_nom_sec = -1 [in], p_nom_object = 0 [in], o_cur = [inout]

25.05 09:54:11:       Rows was return: 1

25.05 09:54:11: [WEB-01 - OPEN] SMT.REPORT_PKG.RCV_INCIDENT_DYNAMIC_CUR
p_date_begin = 09.05.2016 [in], p_date_finish = 09.05.2016 [in], p_type_period = 1 [in], p_id_user = 3761 [in], p_code_object = aIncident [in], o_cur = [inout]

25.05 09:54:12:       Rows was return: 31

25.05 10:02:29: [WEB-01 - OPEN] SMT.SMT_NSI_PKG.ENABLE_TABSHEET_CUR
p_state_id = 241 [in], o_cur = [inout]

25.05 10:02:29:       Rows was return: 13

25.05 10:02:29: [WEB-01 - OPEN] SMT.SMT_NSI_PKG.SMT_NSI_STATES_CUR
o_cur = [inout], o_default = 241 [inout]

25.05 10:02:29:       Rows was return: 5

25.05 10:02:29: [WEB-01 - OPEN] SMT.SMT_NSI2_PKG.NSI_DOC_LIST_CUR
o_cur = [inout]

25.05 10:02:29:       Rows was return: 11

25.05 10:02:30: [WEB-01 - OPEN] SMT.INCIDENT_PKG.INCIDENT_2_0_RECORD_SHEET
p_sheet_id = 550709 [in], o_cur = [inout]

25.05 10:02:30:       Rows was return: 1

25.05 10:02:31: [WEB-01 - OPEN] SMT.INCIDENT_PKG.INCIDENT_RUNNING_CUR
p_sheet_id = 550709 [in], o_cur = [inout]

25.05 10:02:31:       Rows was return: 1

25.05 10:02:31: [WEB-01 - OPEN] SMT.INCIDENT_PKG.TEAM_EXECUTOR_CUR
p_sheet_id = 550709 [in], o_cur = [inout]

25.05 10:02:31:       Rows was return: 1

25.05 10:02:31: [WEB-01 - OPEN] SMT.INCIDENT_PKG.TEAM_LEADER_CUR
p_sheet_id = 550709 [in], p_sign = 0 [in], o_cur = [inout]

25.05 10:02:31:       Rows was return: 1

25.05 10:02:31: [WEB-01 - OPEN] SMT.INCIDENT_PKG.TEAM_LEADER_CUR
p_sheet_id = 550709 [in], p_sign = 1 [in], o_cur = [inout]

25.05 10:02:31:       Rows was return: 0

25.05 10:02:31: [WEB-01 - OPEN] SMT.INCIDENT_PKG.ATTACH_CUR
p_sheet_id = 550709 [in], o_cur = [inout]

25.05 10:02:31:       Rows was return: 2

25.05 10:02:31: [WEB-01 - OPEN] SMT.TEST_PKG.RELATED_INCIDENT_CHILD_CUR
p_parent_sheet_id = 550709 [in], o_cur = [inout]

25.05 10:02:31:       Rows was return: 0

25.05 10:02:31: [WEB-01 - OPEN] SMT.INCIDENT_PKG.PAUSE_CUR
p_sheet_id = 550709 [in], o_cur = [inout]

25.05 10:02:31:       Rows was return: 1

25.05 10:02:31: [WEB-01 - OPEN] SMT.INCIDENT_PKG.STORAGE_2_0_CUR
p_sheet_id = 550709 [in], o_cur = [inout]

25.05 10:02:31:       Rows was return: 0

25.05 10:02:31: [WEB-01 - OPEN] SMT.INCIDENT_PKG.ESCALATION_CUR
p_sheet_id = 550709 [in], o_cur = [inout]

25.05 10:02:31:       Rows was return: 0

25.05 10:02:31: [WEB-01 - OPEN] SMT.INCIDENT_PKG.ACTION_CUR
p_sheet_id = 550709 [in], o_cur = [inout]

25.05 10:02:32:       Rows was return: 0

25.05 10:02:32: [WEB-01 - OPEN] SMT.NSI_PKG.EQ_TREE_NEW_CUR
o_cur = [inout]

25.05 10:02:32:       Rows was return: 2479

25.05 10:02:32: SystemType: lvl = 1 : 11

25.05 10:02:32: [WEB-01 - OPEN] SMT.NSI_PKG.NSI_SOLUTION_TYPE_TREE
o_cur = [inout]

25.05 10:02:32:       Rows was return: 5

25.05 10:02:32: [WEB-01 - OPEN] SMT.INCIDENT_PKG.EQ_NEW_CLASSIF_CUR
p_sheet_id = 550709 [in], o_cur = [inout]

25.05 10:02:32:       Rows was return: 1

25.05 10:02:32: System: parent_class_id = 2135 AND lvl = 2 : 6

25.05 10:02:32: Unit: parent_class_id = 2148 AND lvl = 3 : 11

25.05 10:02:32: Detail: parent_class_id = 2156 AND lvl = 4 : 0

25.05 10:02:32: [WEB-01 - OPEN] SMT.INCIDENT2_PKG.NRE_HISTORY_CUR
p_sheet_id = 550709 [in], o_cur = [inout]

25.05 10:02:32:       Rows was return: 0

25.05 10:02:32: [WEB-01 - OPEN] SMT.INCIDENT2_PKG.NRE_EXREFUSAL_CUR
p_sheet_id = 550709 [in], o_cur = [inout]

25.05 10:02:32:       Rows was return: 0

25.05 10:02:32: [WEB-01 - OPEN] SMT.INCIDENT2_PKG.NRE_CHRONO_CUR
p_sheet_id = 550709 [in], o_cur = [inout]

25.05 10:02:32:       Rows was return: 0

25.05 10:34:01: [WEB-01 - EXEC] SMT_ADM_PKG.ASUT_USER_STAT
p_id_user = 3761 [inout], p_type_s = Вход. Анализ: Виновная сторона. [in], p_id_session = 22898 [in], o_Err_Code = [inout], o_Err_Msg = [inout]

25.05 10:34:03: [WEB-01 - OPEN] SMT.SMT_NSI2_PKG.SMT_NSI_VINOV_S_CUR
o_cur = [inout]

25.05 10:34:03:       Rows was return: 164

25.05 10:34:29: [WEB-01 - EXEC] SMT_ADM_PKG.ASUT_USER_STAT
p_id_user = 3761 [inout], p_type_s = Выход. Анализ: Виновная сторона. [in], p_id_session = 22898 [in], o_Err_Code = [inout], o_Err_Msg = [inout]

25.05 10:46:16: [WEB-01 - OPEN] SMT.SMT_NSI_PKG.ENABLE_TABSHEET_CUR
p_state_id = 241 [in], o_cur = [inout]

25.05 10:46:16:       Rows was return: 13

25.05 10:46:16: [WEB-01 - OPEN] SMT.SMT_NSI_PKG.SMT_NSI_STATES_CUR
o_cur = [inout], o_default = 241 [inout]

25.05 10:46:16:       Rows was return: 5

25.05 10:46:16: [WEB-01 - OPEN] SMT.SMT_NSI2_PKG.NSI_DOC_LIST_CUR
o_cur = [inout]

25.05 10:46:17:       Rows was return: 11

25.05 10:46:18: [WEB-01 - OPEN] SMT.INCIDENT_PKG.INCIDENT_2_0_RECORD_SHEET
p_sheet_id = 547019 [in], o_cur = [inout]

25.05 10:46:18:       Rows was return: 1

25.05 10:46:18: [WEB-01 - OPEN] SMT.INCIDENT_PKG.INCIDENT_RUNNING_CUR
p_sheet_id = 547019 [in], o_cur = [inout]

25.05 10:46:18:       Rows was return: 1

25.05 10:46:18: [WEB-01 - OPEN] SMT.INCIDENT_PKG.TEAM_EXECUTOR_CUR
p_sheet_id = 547019 [in], o_cur = [inout]

25.05 10:46:19:       Rows was return: 1

25.05 10:46:19: [WEB-01 - OPEN] SMT.INCIDENT_PKG.TEAM_LEADER_CUR
p_sheet_id = 547019 [in], p_sign = 0 [in], o_cur = [inout]

25.05 10:46:19:       Rows was return: 1

25.05 10:46:19: [WEB-01 - OPEN] SMT.INCIDENT_PKG.TEAM_LEADER_CUR
p_sheet_id = 547019 [in], p_sign = 1 [in], o_cur = [inout]

25.05 10:46:19:       Rows was return: 1

25.05 10:46:19: [WEB-01 - OPEN] SMT.INCIDENT_PKG.ATTACH_CUR
p_sheet_id = 547019 [in], o_cur = [inout]

25.05 10:46:19:       Rows was return: 2

25.05 10:46:19: [WEB-01 - OPEN] SMT.TEST_PKG.RELATED_INCIDENT_CHILD_CUR
p_parent_sheet_id = 547019 [in], o_cur = [inout]

25.05 10:46:19:       Rows was return: 0

25.05 10:46:19: [WEB-01 - OPEN] SMT.INCIDENT_PKG.PAUSE_CUR
p_sheet_id = 547019 [in], o_cur = [inout]

25.05 10:46:19:       Rows was return: 1

25.05 10:46:19: [WEB-01 - OPEN] SMT.INCIDENT_PKG.STORAGE_2_0_CUR
p_sheet_id = 547019 [in], o_cur = [inout]

25.05 10:46:19:       Rows was return: 0

25.05 10:46:19: [WEB-01 - OPEN] SMT.INCIDENT_PKG.ESCALATION_CUR
p_sheet_id = 547019 [in], o_cur = [inout]

25.05 10:46:19:       Rows was return: 0

25.05 10:46:19: [WEB-01 - OPEN] SMT.INCIDENT_PKG.ACTION_CUR
p_sheet_id = 547019 [in], o_cur = [inout]

25.05 10:46:19:       Rows was return: 0

25.05 10:46:19: [WEB-01 - OPEN] SMT.NSI_PKG.EQ_TREE_NEW_CUR
o_cur = [inout]

25.05 10:46:20:       Rows was return: 2479

25.05 10:46:20: SystemType: lvl = 1 : 11

25.05 10:46:20: [WEB-01 - OPEN] SMT.NSI_PKG.NSI_SOLUTION_TYPE_TREE
o_cur = [inout]

25.05 10:46:20:       Rows was return: 5

25.05 10:46:20: [WEB-01 - OPEN] SMT.INCIDENT_PKG.EQ_NEW_CLASSIF_CUR
p_sheet_id = 547019 [in], o_cur = [inout]

25.05 10:46:20:       Rows was return: 1

25.05 10:46:20: System: parent_class_id = 2135 AND lvl = 2 : 6

25.05 10:46:20: Unit: parent_class_id = 2148 AND lvl = 3 : 11

25.05 10:46:20: Detail: parent_class_id = 2149 AND lvl = 4 : 0

25.05 10:46:20: [WEB-01 - OPEN] SMT.INCIDENT2_PKG.NRE_HISTORY_CUR
p_sheet_id = 547019 [in], o_cur = [inout]

25.05 10:46:20:       Rows was return: 0

25.05 10:46:20: [WEB-01 - OPEN] SMT.INCIDENT2_PKG.NRE_EXREFUSAL_CUR
p_sheet_id = 547019 [in], o_cur = [inout]

25.05 10:46:20:       Rows was return: 0

25.05 10:46:20: [WEB-01 - OPEN] SMT.INCIDENT2_PKG.NRE_CHRONO_CUR
p_sheet_id = 547019 [in], o_cur = [inout]

25.05 10:46:20:       Rows was return: 0

25.05 11:04:16: [WEB-01 - EXEC] SMT_ADM_PKG.ASUT_USER_STAT
p_id_user = 3761 [inout], p_type_s = Вход. Анализ: Виновная сторона. [in], p_id_session = 22898 [in], o_Err_Code = [inout], o_Err_Msg = [inout]

25.05 11:04:18: [WEB-01 - OPEN] SMT.SMT_NSI2_PKG.SMT_NSI_VINOV_S_CUR
o_cur = [inout]

25.05 11:04:18:       Rows was return: 164

25.05 17:48:12: [WEB-01 - EXEC] SMT_ADM_PKG.ASUT_USER_STAT
p_id_user = 3761 [inout], p_type_s = Выход. Анализ: Виновная сторона. [in], p_id_session = 22898 [in], o_Err_Code = [inout], o_Err_Msg = [inout]

25.05 17:48:15: [WEB-01 - EXEC] SMT_ADM_PKG.ASUT_USER_STAT
p_id_user = 3761 [inout], p_type_s = Выход из ЕСМТ [in], p_id_session = 22898 [in], o_Err_Code = [inout], o_Err_Msg = [inout]

25.05 17:48:15: [WEB-01 - EXEC] SMT_ADM_PKG.ASUT_USER_STAT
p_id_user = 3761 [inout], p_type_s = Выход. Инциденты. [in], p_id_session = 22898 [in], o_Err_Code = [inout], o_Err_Msg = [inout]

25.05 17:50:00: [WEB-01 - EXEC] SMT.SMT_ADM_PKG.AUTHUSR
p_login = Novikov [in], p_pwd = Novikov [in], p_kod_firm = [inout], p_firm_name = [inout], p_dol_name = [inout], p_user_id = [inout], p_access_pred_id = [inout], p_access_level_name = [inout], p_id_session = [inout], o_Err_Code = [inout], o_Err_Msg = [inout]

25.05 17:50:02: [WEB-01 - OPEN] SMT.ASUT_PERMISSION_PKG.GET_USER_FUNCTIONS
o_cur = [inout], i_asut_user_id = 3761 [in]

25.05 17:50:02:       Rows was return: 29

25.05 17:50:02: [WEB-01 - OPEN] SMT.U_USERS_ADMIN.U_USER_ADMIN_CUR
o_cur = [inout], p_user_id = 3761 [in]

25.05 17:50:02:       Rows was return: 44

25.05 17:50:02: [WEB-01 - OPEN] SMT.SMT_NSI_PKG.SMT_NSI_RESPONSIBLE_DPT_CUR
o_cur = [inout], o_default = 0 [inout]

25.05 17:50:03:       Rows was return: 164

25.05 17:50:03: [WEB-01 - OPEN] SMT.NSI_PKG.REASON_TREE_CUR
o_cur = [inout]

25.05 17:50:03:       Rows was return: 176

25.05 17:50:03: [WEB-01 - OPEN] SMT.NSI_PKG.NSI_UNIV_CUR
o_cur = [inout]

25.05 17:50:03:       Rows was return: 222

25.05 17:50:03: [WEB-01 - OPEN] SMT.NSI_PKG.TCH_FULL_LIST_CUR
o_cur = [inout]

25.05 17:50:03:       Rows was return: 1223

25.05 17:50:03: [WEB-01 - OPEN] SMT.SMT_NSI_PKG.SMT_NSI_DEPOT_PLAIN_CUR
p_road_kod = 0 [in], o_cur = [inout]

25.05 17:50:03:       Rows was return: 250

25.05 17:50:03: [WEB-01 - OPEN] SMT.NSI_PKG.NSI_STATION_CUR
o_cur = [inout]

25.05 17:50:04:       Rows was return: 15227

25.05 17:50:04: [WEB-01 - OPEN] SMT.NSI_PKG.NSI_PEREG_CUR
o_cur = [inout]

25.05 17:50:05:       Rows was return: 5919

25.05 17:50:05: [WEB-01 - OPEN] SMT.NSI_PKG.EQ_MFR_CUR
o_cur = [inout]

25.05 17:50:05:       Rows was return: 299

25.05 17:50:05: [WEB-01 - OPEN] SMT.SMT_REPORT_PKG.FIRM_TREE_CUR
p_id_user = 3761 [in], p_code_object = aIncident [in], o_cur = [inout]

25.05 17:50:05:       Rows was return: 257

25.05 17:50:05: [WEB-01 - OPEN] SMT.SMT_NSI_PKG.NSI_ENTER_DEPOT_REASON_CUR
o_cur = [inout]

25.05 17:50:06:       Rows was return: 20

25.05 17:50:06: [WEB-01 - OPEN] SMT.NSI_PKG.KASANT_STATE_SAFETY_CUR
o_cur = [inout]

25.05 17:50:06:       Rows was return: 727

25.05 17:50:06: [WEB-01 - OPEN] SMT.NSI_PKG.TCHR_FULL_LIST_CUR
o_cur = [inout]

25.05 17:50:06:       Rows was return: 238

25.05 17:50:06: [WEB-01 - OPEN] SMT.NSI_PKG.TCHR_LIST_CUR
p_id_user = 3761 [in], p_code_object = aIncident [in], o_cur = [inout]

25.05 17:50:06:       Rows was return: 236

25.05 17:50:06: [WEB-01 - OPEN] SMT.NSI_PKG.EQ_AGG_TYPE_CUR
o_cur = [inout]

25.05 17:50:06:       Rows was return: 101

25.05 17:50:09: [WEB-01 - OPEN] SMT.SMT_NSI_PKG.FTP_SETTINGS_CUR
o_cur = [inout]

25.05 17:50:09:       Rows was return: 1

25.05 17:50:09: [WEB-01 - OPEN] SMT.APP_NSI_PKG.FIRM_TREE_CUR
p_id_user = 3761 [in], p_code_object = aIncident [in], o_cur = [inout]

25.05 17:50:09:       Rows was return: 259

25.05 17:50:09: [WEB-01 - OPEN] SMT.SMT_NSI2_PKG.NSI_DOC_LIST_CUR
o_cur = [inout]

25.05 17:50:09:       Rows was return: 11

25.05 17:50:10: [WEB-01 - OPEN] SMT.NSI_PKG.LOC_SER_2_0_CUR
o_cur = [inout]

25.05 17:50:10:       Rows was return: 130

25.05 17:50:10: [WEB-01 - OPEN] SMT.SMT_NSI2_PKG.NOM_SER_LOC_CUR
o_cur = [inout], p_kod_ser = 0 [in]

25.05 17:50:10:       Rows was return: 1

25.05 17:50:10: [WEB-01 - EXEC] SMT_ADM_PKG.ASUT_USER_STAT
p_id_user = 3761 [inout], p_type_s = Вход. Инциденты. [in], p_id_session = 23801 [in], o_Err_Code = [inout], o_Err_Msg = [inout]

25.05 17:50:17: [WEB-01 - OPEN] SMT.INCIDENT2_PKG.INCIDENT_2_0_NLOC_SER_LIST_CUR
p_date_begin = 25.05.2016 [in], p_date_finish = 25.05.2016 [in], p_show_all = 1 [in], p_relation_type = 0 [in], p_access = 599002692 [in], p_kod_ser = 0 [in], p_nom_sec = -1 [in], p_nom_object = 0 [in], o_cur = [inout]

25.05 17:50:33:       Rows was return: 118

25.05 17:50:33: [WEB-01 - OPEN] SMT.INCIDENT2_PKG.INCIDENT_2_0_NLOC_SER_LIST_CUR
p_date_begin = 25.05.2016 [in], p_date_finish = 25.05.2016 [in], p_show_all = 1 [in], p_relation_type = 1 [in], p_access = 599002692 [in], p_kod_ser = 0 [in], p_nom_sec = -1 [in], p_nom_object = 0 [in], o_cur = [inout]

25.05 17:50:34:       Rows was return: 0

25.05 17:50:34: [WEB-01 - OPEN] SMT.REPORT_PKG.RCV_INCIDENT_DYNAMIC_CUR
p_date_begin = 25.05.2016 [in], p_date_finish = 25.05.2016 [in], p_type_period = 1 [in], p_id_user = 3761 [in], p_code_object = aIncident [in], o_cur = [inout]

25.05 17:50:34:       Rows was return: 31

25.05 17:50:37: [WEB-01 - EXEC] SMT_ADM_PKG.ASUT_USER_STAT
p_id_user = 3761 [inout], p_type_s = Выход. Инциденты. [in], p_id_session = 23801 [in], o_Err_Code = [inout], o_Err_Msg = [inout]

25.05 17:50:39: [WEB-01 - EXEC] SMT_ADM_PKG.ASUT_USER_STAT
p_id_user = 3761 [inout], p_type_s = Выход из ЕСМТ [in], p_id_session = 23801 [in], o_Err_Code = [inout], o_Err_Msg = [inout]

26.05 09:12:35: [WEB-01 - EXEC] SMT.SMT_ADM_PKG.AUTHUSR
p_login = Novikov [in], p_pwd = Novikov [in], p_kod_firm = [inout], p_firm_name = [inout], p_dol_name = [inout], p_user_id = [inout], p_access_pred_id = [inout], p_access_level_name = [inout], p_id_session = [inout], o_Err_Code = [inout], o_Err_Msg = [inout]

26.05 09:13:02: [WEB-01 - OPEN] SMT.ASUT_PERMISSION_PKG.GET_USER_FUNCTIONS
o_cur = [inout], i_asut_user_id = 3761 [in]

26.05 09:13:03:       Rows was return: 29

26.05 09:13:03: [WEB-01 - OPEN] SMT.U_USERS_ADMIN.U_USER_ADMIN_CUR
o_cur = [inout], p_user_id = 3761 [in]

26.05 09:13:03:       Rows was return: 44

26.05 09:13:03: [WEB-01 - OPEN] SMT.SMT_NSI_PKG.SMT_NSI_RESPONSIBLE_DPT_CUR
o_cur = [inout], o_default = 0 [inout]

26.05 09:13:03:       Rows was return: 164

26.05 09:13:03: [WEB-01 - OPEN] SMT.NSI_PKG.REASON_TREE_CUR
o_cur = [inout]

26.05 09:13:04:       Rows was return: 176

26.05 09:13:04: [WEB-01 - OPEN] SMT.NSI_PKG.NSI_UNIV_CUR
o_cur = [inout]

26.05 09:13:04:       Rows was return: 222

26.05 09:13:04: [WEB-01 - OPEN] SMT.NSI_PKG.TCH_FULL_LIST_CUR
o_cur = [inout]

26.05 09:13:04:       Rows was return: 1223

26.05 09:13:04: [WEB-01 - OPEN] SMT.SMT_NSI_PKG.SMT_NSI_DEPOT_PLAIN_CUR
p_road_kod = 0 [in], o_cur = [inout]

26.05 09:13:05:       Rows was return: 250

26.05 09:13:05: [WEB-01 - OPEN] SMT.NSI_PKG.NSI_STATION_CUR
o_cur = [inout]

26.05 09:13:07:       Rows was return: 15227

26.05 09:13:07: [WEB-01 - OPEN] SMT.NSI_PKG.NSI_PEREG_CUR
o_cur = [inout]

26.05 09:13:08:       Rows was return: 5919

26.05 09:13:08: [WEB-01 - OPEN] SMT.NSI_PKG.EQ_MFR_CUR
o_cur = [inout]

26.05 09:13:09:       Rows was return: 299

26.05 09:13:09: [WEB-01 - OPEN] SMT.SMT_REPORT_PKG.FIRM_TREE_CUR
p_id_user = 3761 [in], p_code_object = aIncident [in], o_cur = [inout]

26.05 09:13:09:       Rows was return: 257

26.05 09:13:09: [WEB-01 - OPEN] SMT.SMT_NSI_PKG.NSI_ENTER_DEPOT_REASON_CUR
o_cur = [inout]

26.05 09:13:09:       Rows was return: 20

26.05 09:13:09: [WEB-01 - OPEN] SMT.NSI_PKG.KASANT_STATE_SAFETY_CUR
o_cur = [inout]

26.05 09:13:09:       Rows was return: 727

26.05 09:13:09: [WEB-01 - OPEN] SMT.NSI_PKG.TCHR_FULL_LIST_CUR
o_cur = [inout]

26.05 09:13:10:       Rows was return: 238

26.05 09:13:10: [WEB-01 - OPEN] SMT.NSI_PKG.TCHR_LIST_CUR
p_id_user = 3761 [in], p_code_object = aIncident [in], o_cur = [inout]

26.05 09:13:10:       Rows was return: 236

26.05 09:13:10: [WEB-01 - OPEN] SMT.NSI_PKG.EQ_AGG_TYPE_CUR
o_cur = [inout]

26.05 09:13:10:       Rows was return: 101

26.05 09:13:24: [WEB-01 - OPEN] SMT.U_USERS_ADMIN.USER_SEARCH
p_lastname = зачиняев [in], p_firstname = [in], p_patrname = [in], p_login = [in], p_user_id = 0 [in], o_cur = [inout]

26.05 09:13:24:       Rows was return: 0

26.05 09:13:30: [WEB-01 - OPEN] SMT.U_USERS_ADMIN.USER_SEARCH
p_lastname = зачиняев [in], p_firstname = [in], p_patrname = [in], p_login = [in], p_user_id = 0 [in], o_cur = [inout]

26.05 09:13:30:       Rows was return: 0

26.05 09:13:51: [WEB-01 - OPEN] SMT.U_USERS_ADMIN.USER_SEARCH
p_lastname = [in], p_firstname = [in], p_patrname = [in], p_login = ZachinyaevSI [in], p_user_id = 0 [in], o_cur = [inout]

26.05 09:13:51:       Rows was return: 0

26.05 09:13:53: [WEB-01 - OPEN] SMT.U_USERS_ADMIN.USER_SEARCH
p_lastname = [in], p_firstname = [in], p_patrname = [in], p_login = ZachinyaevSI [in], p_user_id = 0 [in], o_cur = [inout]

26.05 09:13:53:       Rows was return: 0

26.05 09:15:58: [WEB-01 - OPEN] SMT.U_USERS_ADMIN.USER_SEARCH
p_lastname = [in], p_firstname = [in], p_patrname = [in], p_login = [in], p_user_id = 0 [in], o_cur = [inout]

26.05 09:16:00:       Rows was return: 2147

26.05 09:16:02: [WEB-01 - OPEN] SMT.U_USERS_ADMIN.U_NSI_DOL_CUR
o_cur = [inout]

26.05 09:16:02:       Rows was return: 268

26.05 09:16:03: [WEB-01 - OPEN] SMT.U_USERS_ADMIN.U_ALL_FIRM_TREE_CUR
o_cur = [inout]

26.05 09:16:03:       Rows was return: 315

26.05 09:16:03: [WEB-01 - OPEN] SMT.APP_NSI_PKG.FIRM_TREE_CUR
p_access = 599002692 [in], o_cur = [inout]

26.05 09:16:04:       Rows was return: 259

26.05 09:16:04: [WEB-01 - OPEN] SMT.U_USERS_ADMIN.U_ROLES_CUR
o_cur = [inout]

26.05 09:16:04:       Rows was return: 18

26.05 09:16:04: [WEB-01 - OPEN] SMT.U_USERS_ADMIN.U_USER_ROLE_CUR
o_cur = [inout], p_user_id = 4505 [in]

26.05 09:16:04:       Rows was return: 36

26.05 09:16:04: [WEB-01 - OPEN] SMT.U_USERS_ADMIN.U_USER_FUNCTION_CUR
o_cur = [inout], p_user_id = 4505 [in]

26.05 09:16:04:       Rows was return: 2

26.05 09:23:57: [WEB-01 - OPEN] SMT.U_USERS_ADMIN.USER_SEARCH
p_lastname = зачиняев [in], p_firstname = [in], p_patrname = [in], p_login = [in], p_user_id = 0 [in], o_cur = [inout]

26.05 09:23:57:       Rows was return: 1

26.05 09:23:59: [WEB-01 - OPEN] SMT.U_USERS_ADMIN.U_NSI_DOL_CUR
o_cur = [inout]

26.05 09:24:00:       Rows was return: 268

26.05 09:24:00: [WEB-01 - OPEN] SMT.U_USERS_ADMIN.U_ALL_FIRM_TREE_CUR
o_cur = [inout]

26.05 09:24:00:       Rows was return: 315

26.05 09:24:00: [WEB-01 - OPEN] SMT.APP_NSI_PKG.FIRM_TREE_CUR
p_access = 599002692 [in], o_cur = [inout]

26.05 09:24:01:       Rows was return: 259

26.05 09:24:01: [WEB-01 - OPEN] SMT.U_USERS_ADMIN.U_ROLES_CUR
o_cur = [inout]

26.05 09:24:01:       Rows was return: 18

26.05 09:24:01: [WEB-01 - OPEN] SMT.U_USERS_ADMIN.U_USER_ROLE_CUR
o_cur = [inout], p_user_id = 3371 [in]

26.05 09:24:01:       Rows was return: 30

26.05 09:24:01: [WEB-01 - OPEN] SMT.U_USERS_ADMIN.U_USER_FUNCTION_CUR
o_cur = [inout], p_user_id = 3371 [in]

26.05 09:24:01:       Rows was return: 0

26.05 09:24:29: [WEB-01 - EXEC] SMT.U_USERS_ADMIN.U_USERS_IU
o_user_id = 3371 [inout], p_tab_nom = 1384 [inout], p_password = ZSI1384ae [in], p_user_name = ZachinyaevSI [in], p_pred_id = 599003408 [in], p_email = s.i.zachinyaev@tmh-service.ru [in], p_last_name = Зачиняев [in], p_first_name = Серегей [in], p_patr_name = Иванович [in], p_dol_id = 203 [in], p_asut_user_type_id = 2 [in], p_phone = 26-101; 8 (964) 910 79 69 [in], p_work_phone = [in], p_admin_id = 3458 [in], p_id_role = 6 [in], p_role_kod_firm = 599003408 [in], o_err_code = [inout], o_err_msg = [inout]

26.05 09:24:29: [WEB-01 - OPEN] SMT.U_USERS_ADMIN.U_USER_ROLE_CUR
o_cur = [inout], p_user_id = 3371 [in]

26.05 09:24:29:       Rows was return: 30

26.05 09:24:29: [WEB-01 - OPEN] SMT.U_USERS_ADMIN.U_USER_FUNCTION_CUR
o_cur = [inout], p_user_id = 3371 [in]

26.05 09:24:29:       Rows was return: 0

26.05 09:24:30: [WEB-01 - OPEN] SMT.U_USERS_ADMIN.USER_SEARCH
p_lastname = зачиняев [in], p_firstname = [in], p_patrname = [in], p_login = [in], p_user_id = 0 [in], o_cur = [inout]

26.05 09:24:30:       Rows was return: 1

26.05 09:24:30: [WEB-01 - OPEN] SMT.U_USERS_ADMIN.U_ROLES_CUR
o_cur = [inout]

26.05 09:24:30:       Rows was return: 18

26.05 09:24:34: [WEB-01 - OPEN] SMT.U_USERS_ADMIN.USER_SEARCH
p_lastname = зачиняев [in], p_firstname = [in], p_patrname = [in], p_login = [in], p_user_id = 0 [in], o_cur = [inout]

26.05 09:24:34:       Rows was return: 1

26.05 09:24:35: [WEB-01 - OPEN] SMT.U_USERS_ADMIN.U_NSI_DOL_CUR
o_cur = [inout]

26.05 09:24:35:       Rows was return: 268

26.05 09:24:36: [WEB-01 - OPEN] SMT.U_USERS_ADMIN.U_ALL_FIRM_TREE_CUR
o_cur = [inout]

26.05 09:24:36:       Rows was return: 315

26.05 09:24:36: [WEB-01 - OPEN] SMT.APP_NSI_PKG.FIRM_TREE_CUR
p_access = 599002692 [in], o_cur = [inout]

26.05 09:24:36:       Rows was return: 259

26.05 09:24:36: [WEB-01 - OPEN] SMT.U_USERS_ADMIN.U_ROLES_CUR
o_cur = [inout]

26.05 09:24:36:       Rows was return: 18

26.05 09:24:37: [WEB-01 - OPEN] SMT.U_USERS_ADMIN.U_USER_ROLE_CUR
o_cur = [inout], p_user_id = 3371 [in]

26.05 09:24:37:       Rows was return: 30

26.05 09:24:37: [WEB-01 - OPEN] SMT.U_USERS_ADMIN.U_USER_FUNCTION_CUR
o_cur = [inout], p_user_id = 3371 [in]

26.05 09:24:37:       Rows was return: 0

26.05 09:25:20: [WEB-01 - EXEC] SMT_ADM_PKG.ASUT_USER_STAT
p_id_user = 3761 [inout], p_type_s = Выход из ЕСМТ [in], p_id_session = 23894 [in], o_Err_Code = [inout], o_Err_Msg = [inout]

26.05 10:21:30: [WEB-01 - EXEC] SMT.SMT_ADM_PKG.AUTHUSR
p_login = Novikov [in], p_pwd = Novikov [in], p_kod_firm = [inout], p_firm_name = [inout], p_dol_name = [inout], p_user_id = [inout], p_access_pred_id = [inout], p_access_level_name = [inout], p_id_session = [inout], o_Err_Code = [inout], o_Err_Msg = [inout]

26.05 10:21:31: [WEB-01 - OPEN] SMT.ASUT_PERMISSION_PKG.GET_USER_FUNCTIONS
o_cur = [inout], i_asut_user_id = 3761 [in]

26.05 10:21:31:       Rows was return: 29

26.05 10:21:31: [WEB-01 - OPEN] SMT.U_USERS_ADMIN.U_USER_ADMIN_CUR
o_cur = [inout], p_user_id = 3761 [in]

26.05 10:21:32:       Rows was return: 44

26.05 10:21:32: [WEB-01 - OPEN] SMT.SMT_NSI_PKG.SMT_NSI_RESPONSIBLE_DPT_CUR
o_cur = [inout], o_default = 0 [inout]

26.05 10:21:32:       Rows was return: 164

26.05 10:21:32: [WEB-01 - OPEN] SMT.NSI_PKG.REASON_TREE_CUR
o_cur = [inout]

26.05 10:21:32:       Rows was return: 176

26.05 10:21:32: [WEB-01 - OPEN] SMT.NSI_PKG.NSI_UNIV_CUR
o_cur = [inout]

26.05 10:21:32:       Rows was return: 222

26.05 10:21:32: [WEB-01 - OPEN] SMT.NSI_PKG.TCH_FULL_LIST_CUR
o_cur = [inout]

26.05 10:21:32:       Rows was return: 1223

26.05 10:21:32: [WEB-01 - OPEN] SMT.SMT_NSI_PKG.SMT_NSI_DEPOT_PLAIN_CUR
p_road_kod = 0 [in], o_cur = [inout]

26.05 10:21:32:       Rows was return: 250

26.05 10:21:32: [WEB-01 - OPEN] SMT.NSI_PKG.NSI_STATION_CUR
o_cur = [inout]

26.05 10:21:33:       Rows was return: 15227

26.05 10:21:33: [WEB-01 - OPEN] SMT.NSI_PKG.NSI_PEREG_CUR
o_cur = [inout]

26.05 10:21:34:       Rows was return: 5919

26.05 10:21:34: [WEB-01 - OPEN] SMT.NSI_PKG.EQ_MFR_CUR
o_cur = [inout]

26.05 10:21:35:       Rows was return: 299

26.05 10:21:35: [WEB-01 - OPEN] SMT.SMT_REPORT_PKG.FIRM_TREE_CUR
p_id_user = 3761 [in], p_code_object = aIncident [in], o_cur = [inout]

26.05 10:21:35:       Rows was return: 257

26.05 10:21:35: [WEB-01 - OPEN] SMT.SMT_NSI_PKG.NSI_ENTER_DEPOT_REASON_CUR
o_cur = [inout]

26.05 10:21:35:       Rows was return: 20

26.05 10:21:35: [WEB-01 - OPEN] SMT.NSI_PKG.KASANT_STATE_SAFETY_CUR
o_cur = [inout]

26.05 10:21:36:       Rows was return: 727

26.05 10:21:36: [WEB-01 - OPEN] SMT.NSI_PKG.TCHR_FULL_LIST_CUR
o_cur = [inout]

26.05 10:21:36:       Rows was return: 238

26.05 10:21:36: [WEB-01 - OPEN] SMT.NSI_PKG.TCHR_LIST_CUR
p_id_user = 3761 [in], p_code_object = aIncident [in], o_cur = [inout]

26.05 10:21:36:       Rows was return: 236

26.05 10:21:36: [WEB-01 - OPEN] SMT.NSI_PKG.EQ_AGG_TYPE_CUR
o_cur = [inout]

26.05 10:21:36:       Rows was return: 101

26.05 10:21:38: [WEB-01 - OPEN] SMT.APP_NSI_PKG.FIRM_TREE_CUR
p_id_user = 3761 [in], p_code_object = aLocPark [in], o_cur = [inout]

26.05 10:21:38:       Rows was return: 259

26.05 10:21:38: [WEB-01 - OPEN] SMT.NSI_PKG.LOC_SER_2_0_CUR
o_cur = [inout]

26.05 10:21:39:       Rows was return: 130

26.05 10:21:39: [WEB-01 - OPEN] SMT.NSI_PKG.TCHE_FULL_LIST_CUR
o_cur = [inout]

26.05 10:21:39:       Rows was return: 154

26.05 10:21:39: [WEB-01 - EXEC] SMT_ADM_PKG.ASUT_USER_STAT
p_id_user = 3761 [inout], p_type_s = Вход. Парк сервисных локомотивов. [in], p_id_session = 23911 [in], o_Err_Code = [inout], o_Err_Msg = [inout]

26.05 10:21:41: [WEB-01 - OPEN] SMT.LOC_PARK_PKG.LOC_PARK_2_0_CUR
p_show_all = 0 [in], p_kod_ser = 0 [in], p_kod_depo = 0 [in], p_access = 599002692 [in], o_cur = [inout]

26.05 10:23:41: ShowAppException TDMMain: Ошибка вызова функции <CallWebServiceBin>
Proxy Error ( РЈРєР°Р·Р°РЅРЅРѕРµ СЃРµС‚РµРІРѕРµ РёРјСЏ Р±РѕР»РµРµ РЅРµРґРѕСЃС‚СѓРїРЅРѕ.  ) (502) - 'http://esmt.asunt.ru:9900/SOAP?service=DataService'

26.05 10:27:47: [WEB-01 - EXEC] SMT_ADM_PKG.ASUT_USER_STAT
p_id_user = 3761 [inout], p_type_s = Выход. Парк сервисных локомотивов. [in], p_id_session = 23911 [in], o_Err_Code = [inout], o_Err_Msg = [inout]

26.05 10:27:51: [WEB-01 - OPEN] SMT.APP_NSI_PKG.FIRM_TREE_CUR
p_id_user = 3761 [in], p_code_object = aLocPark [in], o_cur = [inout]

26.05 10:27:51:       Rows was return: 259

26.05 10:27:51: [WEB-01 - OPEN] SMT.NSI_PKG.LOC_SER_2_0_CUR
o_cur = [inout]

26.05 10:27:52:       Rows was return: 130

26.05 10:27:52: [WEB-01 - OPEN] SMT.NSI_PKG.TCHE_FULL_LIST_CUR
o_cur = [inout]

26.05 10:27:52:       Rows was return: 154

26.05 10:27:52: [WEB-01 - EXEC] SMT_ADM_PKG.ASUT_USER_STAT
p_id_user = 3761 [inout], p_type_s = Вход. Парк сервисных локомотивов. [in], p_id_session = 23911 [in], o_Err_Code = [inout], o_Err_Msg = [inout]

26.05 10:27:54: [WEB-01 - OPEN] SMT.LOC_PARK_PKG.LOC_PARK_2_0_CUR
p_show_all = 0 [in], p_kod_ser = 0 [in], p_kod_depo = 0 [in], p_access = 599002692 [in], o_cur = [inout]

26.05 10:29:54: ShowAppException TDMMain: Ошибка вызова функции <CallWebServiceBin>
Proxy Error ( РЈРєР°Р·Р°РЅРЅРѕРµ СЃРµС‚РµРІРѕРµ РёРјСЏ Р±РѕР»РµРµ РЅРµРґРѕСЃС‚СѓРїРЅРѕ.  ) (502) - 'http://esmt.asunt.ru:9900/SOAP?service=DataService'

26.05 10:30:15: [WEB-01 - OPEN] SMT.LOC_PARK_PKG.LOC_PARK_2_0_CUR
p_show_all = 0 [in], p_kod_ser = 123 [in], p_kod_depo = 0 [in], p_access = 599002692 [in], o_cur = [inout]

26.05 10:30:17:       Rows was return: 262

26.05 10:30:23: [WEB-01 - OPEN] SMT.LOC_PARK_PKG.LOC_PARK_2_0_CUR
p_show_all = 0 [in], p_kod_ser = 0 [in], p_kod_depo = 0 [in], p_access = 599002692 [in], o_cur = [inout]

26.05 10:32:23: ShowAppException TDMMain: Ошибка вызова функции <CallWebServiceBin>
Proxy Error ( РЈРєР°Р·Р°РЅРЅРѕРµ СЃРµС‚РµРІРѕРµ РёРјСЏ Р±РѕР»РµРµ РЅРµРґРѕСЃС‚СѓРїРЅРѕ.  ) (502) - 'http://esmt.asunt.ru:9900/SOAP?service=DataService'

26.05 10:32:29: [WEB-01 - EXEC] SMT_ADM_PKG.ASUT_USER_STAT
p_id_user = 3761 [inout], p_type_s = Выход. Парк сервисных локомотивов. [in], p_id_session = 23911 [in], o_Err_Code = [inout], o_Err_Msg = [inout]

26.05 10:32:30: [WEB-01 - EXEC] SMT_ADM_PKG.ASUT_USER_STAT
p_id_user = 3761 [inout], p_type_s = Выход из ЕСМТ [in], p_id_session = 23911 [in], o_Err_Code = [inout], o_Err_Msg = [inout]

26.05 10:32:39: [WEB-01 - EXEC] SMT.SMT_ADM_PKG.AUTHUSR
p_login = Novikov [in], p_pwd = Novikov [in], p_kod_firm = [inout], p_firm_name = [inout], p_dol_name = [inout], p_user_id = [inout], p_access_pred_id = [inout], p_access_level_name = [inout], p_id_session = [inout], o_Err_Code = [inout], o_Err_Msg = [inout]

26.05 10:32:40: [WEB-01 - OPEN] SMT.ASUT_PERMISSION_PKG.GET_USER_FUNCTIONS
o_cur = [inout], i_asut_user_id = 3761 [in]

26.05 10:32:41:       Rows was return: 29

26.05 10:32:41: [WEB-01 - OPEN] SMT.U_USERS_ADMIN.U_USER_ADMIN_CUR
o_cur = [inout], p_user_id = 3761 [in]

26.05 10:32:41:       Rows was return: 44

26.05 10:32:41: [WEB-01 - OPEN] SMT.SMT_NSI_PKG.SMT_NSI_RESPONSIBLE_DPT_CUR
o_cur = [inout], o_default = 0 [inout]

26.05 10:32:41:       Rows was return: 164

26.05 10:32:41: [WEB-01 - OPEN] SMT.NSI_PKG.REASON_TREE_CUR
o_cur = [inout]

26.05 10:32:41:       Rows was return: 176

26.05 10:32:41: [WEB-01 - OPEN] SMT.NSI_PKG.NSI_UNIV_CUR
o_cur = [inout]

26.05 10:32:41:       Rows was return: 222

26.05 10:32:41: [WEB-01 - OPEN] SMT.NSI_PKG.TCH_FULL_LIST_CUR
o_cur = [inout]

26.05 10:32:41:       Rows was return: 1223

26.05 10:32:41: [WEB-01 - OPEN] SMT.SMT_NSI_PKG.SMT_NSI_DEPOT_PLAIN_CUR
p_road_kod = 0 [in], o_cur = [inout]

26.05 10:32:42:       Rows was return: 250

26.05 10:32:42: [WEB-01 - OPEN] SMT.NSI_PKG.NSI_STATION_CUR
o_cur = [inout]

26.05 10:32:42:       Rows was return: 15227

26.05 10:32:42: [WEB-01 - OPEN] SMT.NSI_PKG.NSI_PEREG_CUR
o_cur = [inout]

26.05 10:32:43:       Rows was return: 5919

26.05 10:32:43: [WEB-01 - OPEN] SMT.NSI_PKG.EQ_MFR_CUR
o_cur = [inout]

26.05 10:32:43:       Rows was return: 299

26.05 10:32:43: [WEB-01 - OPEN] SMT.SMT_REPORT_PKG.FIRM_TREE_CUR
p_id_user = 3761 [in], p_code_object = aIncident [in], o_cur = [inout]

26.05 10:32:43:       Rows was return: 257

26.05 10:32:43: [WEB-01 - OPEN] SMT.SMT_NSI_PKG.NSI_ENTER_DEPOT_REASON_CUR
o_cur = [inout]

26.05 10:32:43:       Rows was return: 20

26.05 10:32:43: [WEB-01 - OPEN] SMT.NSI_PKG.KASANT_STATE_SAFETY_CUR
o_cur = [inout]

26.05 10:32:44:       Rows was return: 727

26.05 10:32:44: [WEB-01 - OPEN] SMT.NSI_PKG.TCHR_FULL_LIST_CUR
o_cur = [inout]

26.05 10:32:44:       Rows was return: 238

26.05 10:32:44: [WEB-01 - OPEN] SMT.NSI_PKG.TCHR_LIST_CUR
p_id_user = 3761 [in], p_code_object = aIncident [in], o_cur = [inout]

26.05 10:32:44:       Rows was return: 236

26.05 10:32:44: [WEB-01 - OPEN] SMT.NSI_PKG.EQ_AGG_TYPE_CUR
o_cur = [inout]

26.05 10:32:44:       Rows was return: 101

26.05 10:32:46: [WEB-01 - OPEN] SMT.SMT_NSI_PKG.FTP_SETTINGS_CUR
o_cur = [inout]

26.05 10:32:46:       Rows was return: 1

26.05 10:32:46: [WEB-01 - OPEN] SMT.APP_NSI_PKG.FIRM_TREE_CUR
p_id_user = 3761 [in], p_code_object = aIncident [in], o_cur = [inout]

26.05 10:32:46:       Rows was return: 259

26.05 10:32:46: [WEB-01 - OPEN] SMT.SMT_NSI2_PKG.NSI_DOC_LIST_CUR
o_cur = [inout]

26.05 10:32:47:       Rows was return: 11

26.05 10:32:47: [WEB-01 - OPEN] SMT.NSI_PKG.LOC_SER_2_0_CUR
o_cur = [inout]

26.05 10:32:47:       Rows was return: 130

26.05 10:32:47: [WEB-01 - OPEN] SMT.SMT_NSI2_PKG.NOM_SER_LOC_CUR
o_cur = [inout], p_kod_ser = 0 [in]

26.05 10:32:47:       Rows was return: 1

26.05 10:32:47: [WEB-01 - EXEC] SMT_ADM_PKG.ASUT_USER_STAT
p_id_user = 3761 [inout], p_type_s = Вход. Инциденты. [in], p_id_session = 23916 [in], o_Err_Code = [inout], o_Err_Msg = [inout]

26.05 10:32:51: [WEB-01 - OPEN] SMT.APP_NSI_PKG.FIRM_TREE_CUR
p_id_user = 3761 [in], p_code_object = aLocPark [in], o_cur = [inout]

26.05 10:32:51:       Rows was return: 259

26.05 10:32:51: [WEB-01 - OPEN] SMT.NSI_PKG.LOC_SER_2_0_CUR
o_cur = [inout]

26.05 10:32:51:       Rows was return: 130

26.05 10:32:52: [WEB-01 - OPEN] SMT.NSI_PKG.TCHE_FULL_LIST_CUR
o_cur = [inout]

26.05 10:32:52:       Rows was return: 154

26.05 10:32:52: [WEB-01 - EXEC] SMT_ADM_PKG.ASUT_USER_STAT
p_id_user = 3761 [inout], p_type_s = Вход. Парк сервисных локомотивов. [in], p_id_session = 23916 [in], o_Err_Code = [inout], o_Err_Msg = [inout]

26.05 10:32:56: [WEB-01 - OPEN] SMT.LOC_PARK_PKG.LOC_PARK_2_0_CUR
p_show_all = 0 [in], p_kod_ser = 0 [in], p_kod_depo = 0 [in], p_access = 599002692 [in], o_cur = [inout]

26.05 10:34:56: ShowAppException TDMMain: Ошибка вызова функции <CallWebServiceBin>
Proxy Error ( РЈРєР°Р·Р°РЅРЅРѕРµ СЃРµС‚РµРІРѕРµ РёРјСЏ Р±РѕР»РµРµ РЅРµРґРѕСЃС‚СѓРїРЅРѕ.  ) (502) - 'http://esmt.asunt.ru:9900/SOAP?service=DataService'

26.05 10:37:54: [WEB-01 - OPEN] SMT.LOC_PARK_PKG.LOC_PARK_2_0_CUR
p_show_all = 0 [in], p_kod_ser = 0 [in], p_kod_depo = 0 [in], p_access = 599002692 [in], o_cur = [inout]

26.05 10:37:54: ShowAppException TDMMain: Unknown error...

26.05 10:37:57: [WEB-01 - OPEN] SMT.LOC_PARK_PKG.LOC_PARK_2_0_CUR
p_show_all = 0 [in], p_kod_ser = 0 [in], p_kod_depo = 0 [in], p_access = 599002692 [in], o_cur = [inout]

26.05 10:37:57: ShowAppException TDMMain: Unknown error...

26.05 10:37:59: [WEB-01 - OPEN] SMT.LOC_PARK_PKG.LOC_PARK_2_0_CUR
p_show_all = 0 [in], p_kod_ser = 0 [in], p_kod_depo = 0 [in], p_access = 599002692 [in], o_cur = [inout]

26.05 10:37:59: ShowAppException TDMMain: Unknown error...

26.05 10:38:02: [WEB-01 - EXEC] SMT_ADM_PKG.ASUT_USER_STAT
p_id_user = 3761 [inout], p_type_s = Выход. Парк сервисных локомотивов. [in], p_id_session = 23916 [in], o_Err_Code = [inout], o_Err_Msg = [inout]

26.05 10:38:04: [WEB-01 - OPEN] SMT.APP_NSI_PKG.FIRM_TREE_CUR
p_id_user = 3761 [in], p_code_object = aLocPark [in], o_cur = [inout]

26.05 10:38:04:       Rows was return: 259

26.05 10:38:04: [WEB-01 - OPEN] SMT.NSI_PKG.LOC_SER_2_0_CUR
o_cur = [inout]

26.05 10:38:05:       Rows was return: 130

26.05 10:38:05: [WEB-01 - OPEN] SMT.NSI_PKG.TCHE_FULL_LIST_CUR
o_cur = [inout]

26.05 10:38:05:       Rows was return: 154

26.05 10:38:05: [WEB-01 - EXEC] SMT_ADM_PKG.ASUT_USER_STAT
p_id_user = 3761 [inout], p_type_s = Вход. Парк сервисных локомотивов. [in], p_id_session = 23916 [in], o_Err_Code = [inout], o_Err_Msg = [inout]

26.05 10:38:06: [WEB-01 - OPEN] SMT.LOC_PARK_PKG.LOC_PARK_2_0_CUR
p_show_all = 0 [in], p_kod_ser = 0 [in], p_kod_depo = 0 [in], p_access = 599002692 [in], o_cur = [inout]

26.05 10:38:07: ShowAppException TDMMain: Unknown error...

26.05 10:38:10: [WEB-01 - EXEC] SMT_ADM_PKG.ASUT_USER_STAT
p_id_user = 3761 [inout], p_type_s = Выход. Парк сервисных локомотивов. [in], p_id_session = 23916 [in], o_Err_Code = [inout], o_Err_Msg = [inout]

26.05 10:38:10: [WEB-01 - EXEC] SMT_ADM_PKG.ASUT_USER_STAT
p_id_user = 3761 [inout], p_type_s = Выход. Инциденты. [in], p_id_session = 23916 [in], o_Err_Code = [inout], o_Err_Msg = [inout]

26.05 10:38:11: [WEB-01 - EXEC] SMT_ADM_PKG.ASUT_USER_STAT
p_id_user = 3761 [inout], p_type_s = Выход из ЕСМТ [in], p_id_session = 23916 [in], o_Err_Code = [inout], o_Err_Msg = [inout]

26.05 10:38:19: [WEB-01 - EXEC] SMT.SMT_ADM_PKG.AUTHUSR
p_login = Novikov [in], p_pwd = Novikov [in], p_kod_firm = [inout], p_firm_name = [inout], p_dol_name = [inout], p_user_id = [inout], p_access_pred_id = [inout], p_access_level_name = [inout], p_id_session = [inout], o_Err_Code = [inout], o_Err_Msg = [inout]

26.05 10:38:21: [WEB-01 - OPEN] SMT.ASUT_PERMISSION_PKG.GET_USER_FUNCTIONS
o_cur = [inout], i_asut_user_id = 3761 [in]

26.05 10:38:21:       Rows was return: 29

26.05 10:38:21: [WEB-01 - OPEN] SMT.U_USERS_ADMIN.U_USER_ADMIN_CUR
o_cur = [inout], p_user_id = 3761 [in]

26.05 10:38:21:       Rows was return: 44

26.05 10:38:21: [WEB-01 - OPEN] SMT.SMT_NSI_PKG.SMT_NSI_RESPONSIBLE_DPT_CUR
o_cur = [inout], o_default = 0 [inout]

26.05 10:38:21:       Rows was return: 164

26.05 10:38:21: [WEB-01 - OPEN] SMT.NSI_PKG.REASON_TREE_CUR
o_cur = [inout]

26.05 10:38:21:       Rows was return: 176

26.05 10:38:21: [WEB-01 - OPEN] SMT.NSI_PKG.NSI_UNIV_CUR
o_cur = [inout]

26.05 10:38:21:       Rows was return: 222

26.05 10:38:21: [WEB-01 - OPEN] SMT.NSI_PKG.TCH_FULL_LIST_CUR
o_cur = [inout]

26.05 10:38:22:       Rows was return: 1223

26.05 10:38:22: [WEB-01 - OPEN] SMT.SMT_NSI_PKG.SMT_NSI_DEPOT_PLAIN_CUR
p_road_kod = 0 [in], o_cur = [inout]

26.05 10:38:22:       Rows was return: 250

26.05 10:38:22: [WEB-01 - OPEN] SMT.NSI_PKG.NSI_STATION_CUR
o_cur = [inout]

26.05 10:38:23:       Rows was return: 15227

26.05 10:38:23: [WEB-01 - OPEN] SMT.NSI_PKG.NSI_PEREG_CUR
o_cur = [inout]

26.05 10:38:24:       Rows was return: 5919

26.05 10:38:24: [WEB-01 - OPEN] SMT.NSI_PKG.EQ_MFR_CUR
o_cur = [inout]

26.05 10:38:24:       Rows was return: 299

26.05 10:38:24: [WEB-01 - OPEN] SMT.SMT_REPORT_PKG.FIRM_TREE_CUR
p_id_user = 3761 [in], p_code_object = aIncident [in], o_cur = [inout]

26.05 10:38:24:       Rows was return: 257

26.05 10:38:24: [WEB-01 - OPEN] SMT.SMT_NSI_PKG.NSI_ENTER_DEPOT_REASON_CUR
o_cur = [inout]

26.05 10:38:24:       Rows was return: 20

26.05 10:38:24: [WEB-01 - OPEN] SMT.NSI_PKG.KASANT_STATE_SAFETY_CUR
o_cur = [inout]

26.05 10:38:25:       Rows was return: 727

26.05 10:38:25: [WEB-01 - OPEN] SMT.NSI_PKG.TCHR_FULL_LIST_CUR
o_cur = [inout]

26.05 10:38:25:       Rows was return: 238

26.05 10:38:25: [WEB-01 - OPEN] SMT.NSI_PKG.TCHR_LIST_CUR
p_id_user = 3761 [in], p_code_object = aIncident [in], o_cur = [inout]

26.05 10:38:26:       Rows was return: 236

26.05 10:38:26: [WEB-01 - OPEN] SMT.NSI_PKG.EQ_AGG_TYPE_CUR
o_cur = [inout]

26.05 10:38:26:       Rows was return: 101

26.05 10:38:32: [WEB-01 - OPEN] SMT.APP_NSI_PKG.FIRM_TREE_CUR
p_id_user = 3761 [in], p_code_object = aLocPark [in], o_cur = [inout]

26.05 10:38:32:       Rows was return: 259

26.05 10:38:32: [WEB-01 - OPEN] SMT.NSI_PKG.LOC_SER_2_0_CUR
o_cur = [inout]

26.05 10:38:32:       Rows was return: 130

26.05 10:38:32: [WEB-01 - OPEN] SMT.NSI_PKG.TCHE_FULL_LIST_CUR
o_cur = [inout]

26.05 10:38:33:       Rows was return: 154

26.05 10:38:33: [WEB-01 - EXEC] SMT_ADM_PKG.ASUT_USER_STAT
p_id_user = 3761 [inout], p_type_s = Вход. Парк сервисных локомотивов. [in], p_id_session = 23918 [in], o_Err_Code = [inout], o_Err_Msg = [inout]

26.05 10:38:36: [WEB-01 - OPEN] SMT.LOC_PARK_PKG.LOC_PARK_2_0_CUR
p_show_all = 0 [in], p_kod_ser = 0 [in], p_kod_depo = 0 [in], p_access = 599002692 [in], o_cur = [inout]

26.05 10:39:23:       Rows was return: 22300

26.05 10:48:26: [WEB-01 - EXEC] SMT_ADM_PKG.ASUT_USER_STAT
p_id_user = 3761 [inout], p_type_s = Выход. Парк сервисных локомотивов. [in], p_id_session = 23918 [in], o_Err_Code = [inout], o_Err_Msg = [inout]

26.05 10:48:27: [WEB-01 - EXEC] SMT_ADM_PKG.ASUT_USER_STAT
p_id_user = 3761 [inout], p_type_s = Выход из ЕСМТ [in], p_id_session = 23918 [in], o_Err_Code = [inout], o_Err_Msg = [inout]

26.05 11:44:42: [WEB-01 - EXEC] SMT.SMT_ADM_PKG.AUTHUSR
p_login = Novikov [in], p_pwd = Novikov [in], p_kod_firm = [inout], p_firm_name = [inout], p_dol_name = [inout], p_user_id = [inout], p_access_pred_id = [inout], p_access_level_name = [inout], p_id_session = [inout], o_Err_Code = [inout], o_Err_Msg = [inout]

26.05 11:44:43: [WEB-01 - OPEN] SMT.ASUT_PERMISSION_PKG.GET_USER_FUNCTIONS
o_cur = [inout], i_asut_user_id = 3761 [in]

26.05 11:44:44:       Rows was return: 29

26.05 11:44:44: [WEB-01 - OPEN] SMT.U_USERS_ADMIN.U_USER_ADMIN_CUR
o_cur = [inout], p_user_id = 3761 [in]

26.05 11:44:44:       Rows was return: 44

26.05 11:44:44: [WEB-01 - OPEN] SMT.SMT_NSI_PKG.SMT_NSI_RESPONSIBLE_DPT_CUR
o_cur = [inout], o_default = 0 [inout]

26.05 11:44:44:       Rows was return: 164

26.05 11:44:44: [WEB-01 - OPEN] SMT.NSI_PKG.REASON_TREE_CUR
o_cur = [inout]

26.05 11:44:44:       Rows was return: 176

26.05 11:44:44: [WEB-01 - OPEN] SMT.NSI_PKG.NSI_UNIV_CUR
o_cur = [inout]

26.05 11:44:44:       Rows was return: 222

26.05 11:44:44: [WEB-01 - OPEN] SMT.NSI_PKG.TCH_FULL_LIST_CUR
o_cur = [inout]

26.05 11:44:44:       Rows was return: 1223

26.05 11:44:44: [WEB-01 - OPEN] SMT.SMT_NSI_PKG.SMT_NSI_DEPOT_PLAIN_CUR
p_road_kod = 0 [in], o_cur = [inout]

26.05 11:44:45:       Rows was return: 250

26.05 11:44:45: [WEB-01 - OPEN] SMT.NSI_PKG.NSI_STATION_CUR
o_cur = [inout]

26.05 11:44:46:       Rows was return: 15227

26.05 11:44:46: [WEB-01 - OPEN] SMT.NSI_PKG.NSI_PEREG_CUR
o_cur = [inout]

26.05 11:44:46:       Rows was return: 5919

26.05 11:44:46: [WEB-01 - OPEN] SMT.NSI_PKG.EQ_MFR_CUR
o_cur = [inout]

26.05 11:44:46:       Rows was return: 299

26.05 11:44:46: [WEB-01 - OPEN] SMT.SMT_REPORT_PKG.FIRM_TREE_CUR
p_id_user = 3761 [in], p_code_object = aIncident [in], o_cur = [inout]

26.05 11:44:46:       Rows was return: 257

26.05 11:44:46: [WEB-01 - OPEN] SMT.SMT_NSI_PKG.NSI_ENTER_DEPOT_REASON_CUR
o_cur = [inout]

26.05 11:44:46:       Rows was return: 20

26.05 11:44:46: [WEB-01 - OPEN] SMT.NSI_PKG.KASANT_STATE_SAFETY_CUR
o_cur = [inout]

26.05 11:44:47:       Rows was return: 727

26.05 11:44:47: [WEB-01 - OPEN] SMT.NSI_PKG.TCHR_FULL_LIST_CUR
o_cur = [inout]

26.05 11:44:47:       Rows was return: 238

26.05 11:44:47: [WEB-01 - OPEN] SMT.NSI_PKG.TCHR_LIST_CUR
p_id_user = 3761 [in], p_code_object = aIncident [in], o_cur = [inout]

26.05 11:44:47:       Rows was return: 236

26.05 11:44:47: [WEB-01 - OPEN] SMT.NSI_PKG.EQ_AGG_TYPE_CUR
o_cur = [inout]

26.05 11:44:47:       Rows was return: 101

26.05 11:44:53: [WEB-01 - OPEN] SMT.SMT_NSI_PKG.FTP_SETTINGS_CUR
o_cur = [inout]

26.05 11:44:53:       Rows was return: 1

26.05 11:44:53: [WEB-01 - OPEN] SMT.APP_NSI_PKG.FIRM_TREE_CUR
p_id_user = 3761 [in], p_code_object = aIncident [in], o_cur = [inout]

26.05 11:44:53:       Rows was return: 259

26.05 11:44:53: [WEB-01 - OPEN] SMT.SMT_NSI2_PKG.NSI_DOC_LIST_CUR
o_cur = [inout]

26.05 11:44:53:       Rows was return: 11

26.05 11:44:54: [WEB-01 - OPEN] SMT.NSI_PKG.LOC_SER_2_0_CUR
o_cur = [inout]

26.05 11:44:54:       Rows was return: 130

26.05 11:44:54: [WEB-01 - OPEN] SMT.SMT_NSI2_PKG.NOM_SER_LOC_CUR
o_cur = [inout], p_kod_ser = 0 [in]

26.05 11:44:54:       Rows was return: 1

26.05 11:44:54: [WEB-01 - EXEC] SMT_ADM_PKG.ASUT_USER_STAT
p_id_user = 3761 [inout], p_type_s = Вход. Инциденты. [in], p_id_session = 23940 [in], o_Err_Code = [inout], o_Err_Msg = [inout]

26.05 11:44:59: [WEB-01 - OPEN] SMT.INCIDENT2_PKG.INCIDENT_2_0_NLOC_SER_LIST_CUR
p_date_begin = 25.05.2016 [in], p_date_finish = 25.05.2016 [in], p_show_all = 1 [in], p_relation_type = 0 [in], p_access = 599002692 [in], p_kod_ser = 0 [in], p_nom_sec = -1 [in], p_nom_object = 0 [in], o_cur = [inout]

26.05 11:45:05:       Rows was return: 189

26.05 11:45:05: [WEB-01 - OPEN] SMT.INCIDENT2_PKG.INCIDENT_2_0_NLOC_SER_LIST_CUR
p_date_begin = 25.05.2016 [in], p_date_finish = 25.05.2016 [in], p_show_all = 1 [in], p_relation_type = 1 [in], p_access = 599002692 [in], p_kod_ser = 0 [in], p_nom_sec = -1 [in], p_nom_object = 0 [in], o_cur = [inout]

26.05 11:45:05:       Rows was return: 0

26.05 11:45:05: [WEB-01 - OPEN] SMT.REPORT_PKG.RCV_INCIDENT_DYNAMIC_CUR
p_date_begin = 25.05.2016 [in], p_date_finish = 25.05.2016 [in], p_type_period = 1 [in], p_id_user = 3761 [in], p_code_object = aIncident [in], o_cur = [inout]

2: Log file rotated to 26_05_16_11_45_05.log
