26.05 11:45:06:       Rows was return: 31

26.05 11:47:24: [WEB-01 - OPEN] SMT.SMT_NSI_PKG.ENABLE_TABSHEET_CUR
p_state_id = 254 [in], o_cur = [inout]

26.05 11:47:24:       Rows was return: 6

26.05 11:47:24: [WEB-01 - OPEN] SMT.SMT_NSI_PKG.SMT_NSI_STATES_CUR
o_cur = [inout], o_default = 254 [inout]

26.05 11:47:24:       Rows was return: 2

26.05 11:47:24: [WEB-01 - OPEN] SMT.SMT_NSI2_PKG.NSI_DOC_LIST_CUR
o_cur = [inout]

26.05 11:47:24:       Rows was return: 11

26.05 11:47:25: [WEB-01 - OPEN] SMT.INCIDENT_PKG.INCIDENT_2_0_RECORD_SHEET
p_sheet_id = 552954 [in], o_cur = [inout]

26.05 11:47:26:       Rows was return: 1

26.05 11:47:26: [WEB-01 - OPEN] SMT.INCIDENT_PKG.INCIDENT_RUNNING_CUR
p_sheet_id = 552954 [in], o_cur = [inout]

26.05 11:47:27:       Rows was return: 1

26.05 11:47:27: [WEB-01 - OPEN] SMT.INCIDENT_PKG.TEAM_EXECUTOR_CUR
p_sheet_id = 552954 [in], o_cur = [inout]

26.05 11:47:27:       Rows was return: 1

26.05 11:47:27: [WEB-01 - OPEN] SMT.INCIDENT_PKG.TEAM_LEADER_CUR
p_sheet_id = 552954 [in], p_sign = 0 [in], o_cur = [inout]

26.05 11:47:27:       Rows was return: 1

26.05 11:47:27: [WEB-01 - OPEN] SMT.INCIDENT_PKG.TEAM_LEADER_CUR
p_sheet_id = 552954 [in], p_sign = 1 [in], o_cur = [inout]

26.05 11:47:27:       Rows was return: 1

26.05 11:47:27: [WEB-01 - OPEN] SMT.INCIDENT_PKG.ATTACH_CUR
p_sheet_id = 552954 [in], o_cur = [inout]

26.05 11:47:27:       Rows was return: 2

26.05 11:47:27: [WEB-01 - OPEN] SMT.TEST_PKG.RELATED_INCIDENT_CHILD_CUR
p_parent_sheet_id = 552954 [in], o_cur = [inout]

26.05 11:47:27:       Rows was return: 0

26.05 11:47:27: [WEB-01 - OPEN] SMT.INCIDENT_PKG.PAUSE_CUR
p_sheet_id = 552954 [in], o_cur = [inout]

26.05 11:47:27:       Rows was return: 0

26.05 11:47:27: [WEB-01 - OPEN] SMT.INCIDENT_PKG.STORAGE_2_0_CUR
p_sheet_id = 552954 [in], o_cur = [inout]

26.05 11:47:27:       Rows was return: 0

26.05 11:47:27: [WEB-01 - OPEN] SMT.INCIDENT_PKG.ESCALATION_CUR
p_sheet_id = 552954 [in], o_cur = [inout]

26.05 11:47:27:       Rows was return: 0

26.05 11:47:27: [WEB-01 - OPEN] SMT.INCIDENT_PKG.ACTION_CUR
p_sheet_id = 552954 [in], o_cur = [inout]

26.05 11:47:27:       Rows was return: 0

26.05 11:47:27: [WEB-01 - OPEN] SMT.NSI_PKG.EQ_TREE_NEW_CUR
o_cur = [inout]

26.05 11:47:28:       Rows was return: 2479

26.05 11:47:28: SystemType: lvl = 1 : 11

26.05 11:47:28: [WEB-01 - OPEN] SMT.NSI_PKG.NSI_SOLUTION_TYPE_TREE
o_cur = [inout]

26.05 11:47:28:       Rows was return: 5

26.05 11:47:28: [WEB-01 - OPEN] SMT.INCIDENT_PKG.EQ_NEW_CLASSIF_CUR
p_sheet_id = 552954 [in], o_cur = [inout]

26.05 11:47:28:       Rows was return: 1

26.05 11:47:28: System: parent_class_id = 161 AND lvl = 2 : 53

26.05 11:47:28: Unit: parent_class_id = 162 AND lvl = 3 : 8

26.05 11:47:28: Detail: parent_class_id = 2864 AND lvl = 4 : 0

26.05 11:47:28: [WEB-01 - OPEN] SMT.INCIDENT2_PKG.NRE_HISTORY_CUR
p_sheet_id = 552954 [in], o_cur = [inout]

26.05 11:47:28:       Rows was return: 0

26.05 11:47:28: [WEB-01 - OPEN] SMT.INCIDENT2_PKG.NRE_EXREFUSAL_CUR
p_sheet_id = 552954 [in], o_cur = [inout]

26.05 11:47:28:       Rows was return: 0

26.05 11:47:28: [WEB-01 - OPEN] SMT.INCIDENT2_PKG.NRE_CHRONO_CUR
p_sheet_id = 552954 [in], o_cur = [inout]

26.05 11:47:28:       Rows was return: 0

26.05 13:33:12: [WEB-01 - OPEN] SMT.APP_NSI_PKG.FIRM_TREE_CUR
p_id_user = 3761 [in], p_code_object = aLocPark [in], o_cur = [inout]

26.05 13:33:12:       Rows was return: 259

26.05 13:33:12: [WEB-01 - OPEN] SMT.NSI_PKG.LOC_SER_2_0_CUR
o_cur = [inout]

26.05 13:33:13:       Rows was return: 130

26.05 13:33:13: [WEB-01 - OPEN] SMT.NSI_PKG.TCHE_FULL_LIST_CUR
o_cur = [inout]

26.05 13:33:13:       Rows was return: 154

26.05 13:33:13: [WEB-01 - EXEC] SMT_ADM_PKG.ASUT_USER_STAT
p_id_user = 3761 [inout], p_type_s = Вход. Парк сервисных локомотивов. [in], p_id_session = 23940 [in], o_Err_Code = [inout], o_Err_Msg = [inout]

26.05 13:33:20: [WEB-01 - EXEC] SMT_ADM_PKG.ASUT_USER_STAT
p_id_user = 3761 [inout], p_type_s = Выход. Парк сервисных локомотивов. [in], p_id_session = 23940 [in], o_Err_Code = [inout], o_Err_Msg = [inout]

26.05 13:57:44: [WEB-01 - OPEN] SMT.SMT_NSI_PKG.ENABLE_TABSHEET_CUR
p_state_id = 254 [in], o_cur = [inout]

26.05 13:57:46:       Rows was return: 6

26.05 13:57:46: [WEB-01 - OPEN] SMT.SMT_NSI_PKG.SMT_NSI_STATES_CUR
o_cur = [inout], o_default = 254 [inout]

26.05 13:57:46:       Rows was return: 2

26.05 13:57:46: [WEB-01 - OPEN] SMT.SMT_NSI2_PKG.NSI_DOC_LIST_CUR
o_cur = [inout]

26.05 13:57:46:       Rows was return: 11

26.05 13:57:47: [WEB-01 - OPEN] SMT.INCIDENT_PKG.INCIDENT_2_0_RECORD_SHEET
p_sheet_id = 552954 [in], o_cur = [inout]

26.05 13:57:47:       Rows was return: 1

26.05 13:57:48: [WEB-01 - OPEN] SMT.INCIDENT_PKG.INCIDENT_RUNNING_CUR
p_sheet_id = 552954 [in], o_cur = [inout]

26.05 13:57:48:       Rows was return: 1

26.05 13:57:48: [WEB-01 - OPEN] SMT.INCIDENT_PKG.TEAM_EXECUTOR_CUR
p_sheet_id = 552954 [in], o_cur = [inout]

26.05 13:57:49:       Rows was return: 1

26.05 13:57:49: [WEB-01 - OPEN] SMT.INCIDENT_PKG.TEAM_LEADER_CUR
p_sheet_id = 552954 [in], p_sign = 0 [in], o_cur = [inout]

26.05 13:57:49:       Rows was return: 1

26.05 13:57:49: [WEB-01 - OPEN] SMT.INCIDENT_PKG.TEAM_LEADER_CUR
p_sheet_id = 552954 [in], p_sign = 1 [in], o_cur = [inout]

26.05 13:57:49:       Rows was return: 1

26.05 13:57:49: [WEB-01 - OPEN] SMT.INCIDENT_PKG.ATTACH_CUR
p_sheet_id = 552954 [in], o_cur = [inout]

26.05 13:57:49:       Rows was return: 2

26.05 13:57:49: [WEB-01 - OPEN] SMT.TEST_PKG.RELATED_INCIDENT_CHILD_CUR
p_parent_sheet_id = 552954 [in], o_cur = [inout]

26.05 13:57:49:       Rows was return: 0

26.05 13:57:49: [WEB-01 - OPEN] SMT.INCIDENT_PKG.PAUSE_CUR
p_sheet_id = 552954 [in], o_cur = [inout]

26.05 13:57:49:       Rows was return: 0

26.05 13:57:49: [WEB-01 - OPEN] SMT.INCIDENT_PKG.STORAGE_2_0_CUR
p_sheet_id = 552954 [in], o_cur = [inout]

26.05 13:57:49:       Rows was return: 0

26.05 13:57:49: [WEB-01 - OPEN] SMT.INCIDENT_PKG.ESCALATION_CUR
p_sheet_id = 552954 [in], o_cur = [inout]

26.05 13:57:49:       Rows was return: 0

26.05 13:57:49: [WEB-01 - OPEN] SMT.INCIDENT_PKG.ACTION_CUR
p_sheet_id = 552954 [in], o_cur = [inout]

26.05 13:57:49:       Rows was return: 0

26.05 13:57:49: [WEB-01 - OPEN] SMT.NSI_PKG.EQ_TREE_NEW_CUR
o_cur = [inout]

26.05 13:57:50:       Rows was return: 2506

26.05 13:57:50: SystemType: lvl = 1 : 11

26.05 13:57:50: [WEB-01 - OPEN] SMT.NSI_PKG.NSI_SOLUTION_TYPE_TREE
o_cur = [inout]

26.05 13:57:50:       Rows was return: 5

26.05 13:57:50: [WEB-01 - OPEN] SMT.INCIDENT_PKG.EQ_NEW_CLASSIF_CUR
p_sheet_id = 552954 [in], o_cur = [inout]

26.05 13:57:50:       Rows was return: 1

26.05 13:57:50: System: parent_class_id = 161 AND lvl = 2 : 53

26.05 13:57:50: Unit: parent_class_id = 162 AND lvl = 3 : 8

26.05 13:57:50: Detail: parent_class_id = 2864 AND lvl = 4 : 0

26.05 13:57:50: [WEB-01 - OPEN] SMT.INCIDENT2_PKG.NRE_HISTORY_CUR
p_sheet_id = 552954 [in], o_cur = [inout]

26.05 13:57:50:       Rows was return: 0

26.05 13:57:50: [WEB-01 - OPEN] SMT.INCIDENT2_PKG.NRE_EXREFUSAL_CUR
p_sheet_id = 552954 [in], o_cur = [inout]

26.05 13:57:50:       Rows was return: 0

26.05 13:57:50: [WEB-01 - OPEN] SMT.INCIDENT2_PKG.NRE_CHRONO_CUR
p_sheet_id = 552954 [in], o_cur = [inout]

26.05 13:57:50:       Rows was return: 0

26.05 13:58:05: System: parent_class_id = 1 AND lvl = 2 : 13

26.05 13:58:05: Unit: parent_class_id = 162 AND lvl = 3 : 8

26.05 13:58:14: Unit: parent_class_id = 19 AND lvl = 3 : 7

26.05 13:58:19: Detail: parent_class_id = 2904 AND lvl = 4 : 26

26.05 14:05:30: [WEB-01 - OPEN] SMT.SMT_NSI_PKG.ENABLE_TABSHEET_CUR
p_state_id = 254 [in], o_cur = [inout]

26.05 14:05:30:       Rows was return: 6

26.05 14:05:30: [WEB-01 - OPEN] SMT.SMT_NSI_PKG.SMT_NSI_STATES_CUR
o_cur = [inout], o_default = 254 [inout]

26.05 14:05:30:       Rows was return: 2

26.05 14:05:30: [WEB-01 - OPEN] SMT.SMT_NSI2_PKG.NSI_DOC_LIST_CUR
o_cur = [inout]

26.05 14:05:30:       Rows was return: 11

26.05 14:05:31: [WEB-01 - OPEN] SMT.INCIDENT_PKG.INCIDENT_2_0_RECORD_SHEET
p_sheet_id = 552954 [in], o_cur = [inout]

26.05 14:05:32:       Rows was return: 1

26.05 14:05:32: [WEB-01 - OPEN] SMT.INCIDENT_PKG.INCIDENT_RUNNING_CUR
p_sheet_id = 552954 [in], o_cur = [inout]

26.05 14:05:33:       Rows was return: 1

26.05 14:05:33: [WEB-01 - OPEN] SMT.INCIDENT_PKG.TEAM_EXECUTOR_CUR
p_sheet_id = 552954 [in], o_cur = [inout]

26.05 14:05:33:       Rows was return: 1

26.05 14:05:33: [WEB-01 - OPEN] SMT.INCIDENT_PKG.TEAM_LEADER_CUR
p_sheet_id = 552954 [in], p_sign = 0 [in], o_cur = [inout]

26.05 14:05:33:       Rows was return: 1

26.05 14:05:33: [WEB-01 - OPEN] SMT.INCIDENT_PKG.TEAM_LEADER_CUR
p_sheet_id = 552954 [in], p_sign = 1 [in], o_cur = [inout]

26.05 14:05:33:       Rows was return: 1

26.05 14:05:33: [WEB-01 - OPEN] SMT.INCIDENT_PKG.ATTACH_CUR
p_sheet_id = 552954 [in], o_cur = [inout]

26.05 14:05:33:       Rows was return: 2

26.05 14:05:33: [WEB-01 - OPEN] SMT.TEST_PKG.RELATED_INCIDENT_CHILD_CUR
p_parent_sheet_id = 552954 [in], o_cur = [inout]

26.05 14:05:33:       Rows was return: 0

26.05 14:05:33: [WEB-01 - OPEN] SMT.INCIDENT_PKG.PAUSE_CUR
p_sheet_id = 552954 [in], o_cur = [inout]

26.05 14:05:33:       Rows was return: 0

26.05 14:05:33: [WEB-01 - OPEN] SMT.INCIDENT_PKG.STORAGE_2_0_CUR
p_sheet_id = 552954 [in], o_cur = [inout]

26.05 14:05:33:       Rows was return: 0

26.05 14:05:33: [WEB-01 - OPEN] SMT.INCIDENT_PKG.ESCALATION_CUR
p_sheet_id = 552954 [in], o_cur = [inout]

26.05 14:05:33:       Rows was return: 0

26.05 14:05:33: [WEB-01 - OPEN] SMT.INCIDENT_PKG.ACTION_CUR
p_sheet_id = 552954 [in], o_cur = [inout]

26.05 14:05:33:       Rows was return: 0

26.05 14:05:33: [WEB-01 - OPEN] SMT.NSI_PKG.EQ_TREE_NEW_CUR
o_cur = [inout]

26.05 14:05:34:       Rows was return: 2506

26.05 14:05:34: SystemType: lvl = 1 : 11

26.05 14:05:34: [WEB-01 - OPEN] SMT.NSI_PKG.NSI_SOLUTION_TYPE_TREE
o_cur = [inout]

26.05 14:05:34:       Rows was return: 5

26.05 14:05:34: [WEB-01 - OPEN] SMT.INCIDENT_PKG.EQ_NEW_CLASSIF_CUR
p_sheet_id = 552954 [in], o_cur = [inout]

26.05 14:05:34:       Rows was return: 1

26.05 14:05:34: System: parent_class_id = 161 AND lvl = 2 : 53

26.05 14:05:34: Unit: parent_class_id = 162 AND lvl = 3 : 8

26.05 14:05:34: Detail: parent_class_id = 2864 AND lvl = 4 : 0

26.05 14:05:34: [WEB-01 - OPEN] SMT.INCIDENT2_PKG.NRE_HISTORY_CUR
p_sheet_id = 552954 [in], o_cur = [inout]

26.05 14:05:34:       Rows was return: 0

26.05 14:05:34: [WEB-01 - OPEN] SMT.INCIDENT2_PKG.NRE_EXREFUSAL_CUR
p_sheet_id = 552954 [in], o_cur = [inout]

26.05 14:05:34:       Rows was return: 0

26.05 14:05:34: [WEB-01 - OPEN] SMT.INCIDENT2_PKG.NRE_CHRONO_CUR
p_sheet_id = 552954 [in], o_cur = [inout]

26.05 14:05:34:       Rows was return: 0

26.05 14:49:40: [WEB-01 - EXEC] SMT_ADM_PKG.ASUT_USER_STAT
p_id_user = 3761 [inout], p_type_s = Выход. Инциденты. [in], p_id_session = 23940 [in], o_Err_Code = [inout], o_Err_Msg = [inout]

26.05 14:49:40: [WEB-01 - EXEC] SMT_ADM_PKG.ASUT_USER_STAT
p_id_user = 3761 [inout], p_type_s = Выход из ЕСМТ [in], p_id_session = 23940 [in], o_Err_Code = [inout], o_Err_Msg = [inout]

26.05 16:44:22: [WEB-01 - EXEC] SMT.SMT_ADM_PKG.AUTHUSR
p_login = Novikov [in], p_pwd = Novikov [in], p_kod_firm = [inout], p_firm_name = [inout], p_dol_name = [inout], p_user_id = [inout], p_access_pred_id = [inout], p_access_level_name = [inout], p_id_session = [inout], o_Err_Code = [inout], o_Err_Msg = [inout]

26.05 16:44:24: [WEB-01 - OPEN] SMT.ASUT_PERMISSION_PKG.GET_USER_FUNCTIONS
o_cur = [inout], i_asut_user_id = 3761 [in]

26.05 16:44:25:       Rows was return: 29

26.05 16:44:25: [WEB-01 - OPEN] SMT.U_USERS_ADMIN.U_USER_ADMIN_CUR
o_cur = [inout], p_user_id = 3761 [in]

26.05 16:44:25:       Rows was return: 44

26.05 16:44:25: [WEB-01 - OPEN] SMT.SMT_NSI_PKG.SMT_NSI_RESPONSIBLE_DPT_CUR
o_cur = [inout], o_default = 0 [inout]

26.05 16:44:25:       Rows was return: 164

26.05 16:44:25: [WEB-01 - OPEN] SMT.NSI_PKG.REASON_TREE_CUR
o_cur = [inout]

26.05 16:44:25:       Rows was return: 176

26.05 16:44:25: [WEB-01 - OPEN] SMT.NSI_PKG.NSI_UNIV_CUR
o_cur = [inout]

26.05 16:44:25:       Rows was return: 222

26.05 16:44:25: [WEB-01 - OPEN] SMT.NSI_PKG.TCH_FULL_LIST_CUR
o_cur = [inout]

26.05 16:44:25:       Rows was return: 1223

26.05 16:44:25: [WEB-01 - OPEN] SMT.SMT_NSI_PKG.SMT_NSI_DEPOT_PLAIN_CUR
p_road_kod = 0 [in], o_cur = [inout]

26.05 16:44:26:       Rows was return: 250

26.05 16:44:26: [WEB-01 - OPEN] SMT.NSI_PKG.NSI_STATION_CUR
o_cur = [inout]

26.05 16:44:27:       Rows was return: 15227

26.05 16:44:27: [WEB-01 - OPEN] SMT.NSI_PKG.NSI_PEREG_CUR
o_cur = [inout]

26.05 16:44:27:       Rows was return: 5919

26.05 16:44:27: [WEB-01 - OPEN] SMT.NSI_PKG.EQ_MFR_CUR
o_cur = [inout]

26.05 16:44:27:       Rows was return: 299

26.05 16:44:27: [WEB-01 - OPEN] SMT.SMT_REPORT_PKG.FIRM_TREE_CUR
p_id_user = 3761 [in], p_code_object = aIncident [in], o_cur = [inout]

26.05 16:44:28:       Rows was return: 257

26.05 16:44:28: [WEB-01 - OPEN] SMT.SMT_NSI_PKG.NSI_ENTER_DEPOT_REASON_CUR
o_cur = [inout]

26.05 16:44:28:       Rows was return: 20

26.05 16:44:28: [WEB-01 - OPEN] SMT.NSI_PKG.KASANT_STATE_SAFETY_CUR
o_cur = [inout]

26.05 16:44:28:       Rows was return: 727

26.05 16:44:28: [WEB-01 - OPEN] SMT.NSI_PKG.TCHR_FULL_LIST_CUR
o_cur = [inout]

26.05 16:44:28:       Rows was return: 238

26.05 16:44:28: [WEB-01 - OPEN] SMT.NSI_PKG.TCHR_LIST_CUR
p_id_user = 3761 [in], p_code_object = aIncident [in], o_cur = [inout]

26.05 16:44:29:       Rows was return: 236

26.05 16:44:29: [WEB-01 - OPEN] SMT.NSI_PKG.EQ_AGG_TYPE_CUR
o_cur = [inout]

26.05 16:44:29:       Rows was return: 101

26.05 16:45:00: [WEB-01 - EXEC] SMT_ADM_PKG.ASUT_USER_STAT
p_id_user = 3761 [inout], p_type_s = Вход. Конструктор отчетов (web). [in], p_id_session = 24003 [in], o_Err_Code = [inout], o_Err_Msg = [inout]

26.05 17:45:47: [WEB-01 - EXEC] SMT_ADM_PKG.ASUT_USER_STAT
p_id_user = 3761 [inout], p_type_s = Выход из ЕСМТ [in], p_id_session = 24003 [in], o_Err_Code = [inout], o_Err_Msg = [inout]

30.05 16:19:16: [WEB-01 - EXEC] SMT.SMT_ADM_PKG.AUTHUSR
p_login = Novikov [in], p_pwd = Novikov [in], p_kod_firm = [inout], p_firm_name = [inout], p_dol_name = [inout], p_user_id = [inout], p_access_pred_id = [inout], p_access_level_name = [inout], p_id_session = [inout], o_Err_Code = [inout], o_Err_Msg = [inout]

30.05 16:19:18: ShowAppException TDMMain: Ошибка вызова функции <CallWebServiceBin>
Не удается найти сервер с таким именем или адресом - URL:http://esmt.asunt.ru:9900/SOAP?service=DataService - SOAPAction:urn:uDataService-DataService#GetDataBIN

31.05 14:15:35: [WEB-01 - EXEC] SMT.SMT_ADM_PKG.AUTHUSR
p_login = Novikov [in], p_pwd = Novikov [in], p_kod_firm = [inout], p_firm_name = [inout], p_dol_name = [inout], p_user_id = [inout], p_access_pred_id = [inout], p_access_level_name = [inout], p_id_session = [inout], o_Err_Code = [inout], o_Err_Msg = [inout]

31.05 14:15:36: [WEB-01 - OPEN] SMT.ASUT_PERMISSION_PKG.GET_USER_FUNCTIONS
o_cur = [inout], i_asut_user_id = 3761 [in]

31.05 14:15:37:       Rows was return: 29

31.05 14:15:37: [WEB-01 - OPEN] SMT.U_USERS_ADMIN.U_USER_ADMIN_CUR
o_cur = [inout], p_user_id = 3761 [in]

31.05 14:15:37:       Rows was return: 44

31.05 14:15:37: [WEB-01 - OPEN] SMT.SMT_NSI_PKG.SMT_NSI_RESPONSIBLE_DPT_CUR
o_cur = [inout], o_default = 0 [inout]

31.05 14:15:37:       Rows was return: 164

31.05 14:15:37: [WEB-01 - OPEN] SMT.NSI_PKG.REASON_TREE_CUR
o_cur = [inout]

31.05 14:15:37:       Rows was return: 176

31.05 14:15:37: [WEB-01 - OPEN] SMT.NSI_PKG.NSI_UNIV_CUR
o_cur = [inout]

31.05 14:15:37:       Rows was return: 222

31.05 14:15:37: [WEB-01 - OPEN] SMT.NSI_PKG.TCH_FULL_LIST_CUR
o_cur = [inout]

31.05 14:15:37:       Rows was return: 1223

31.05 14:15:37: [WEB-01 - OPEN] SMT.SMT_NSI_PKG.SMT_NSI_DEPOT_PLAIN_CUR
p_road_kod = 0 [in], o_cur = [inout]

31.05 14:15:37:       Rows was return: 250

31.05 14:15:37: [WEB-01 - OPEN] SMT.NSI_PKG.NSI_STATION_CUR
o_cur = [inout]

31.05 14:15:39:       Rows was return: 15227

31.05 14:15:39: [WEB-01 - OPEN] SMT.NSI_PKG.NSI_PEREG_CUR
o_cur = [inout]

31.05 14:15:39:       Rows was return: 5919

31.05 14:15:39: [WEB-01 - OPEN] SMT.NSI_PKG.EQ_MFR_CUR
o_cur = [inout]

31.05 14:15:39:       Rows was return: 299

31.05 14:15:39: [WEB-01 - OPEN] SMT.SMT_REPORT_PKG.FIRM_TREE_CUR
p_id_user = 3761 [in], p_code_object = aIncident [in], o_cur = [inout]

31.05 14:15:39:       Rows was return: 257

31.05 14:15:39: [WEB-01 - OPEN] SMT.SMT_NSI_PKG.NSI_ENTER_DEPOT_REASON_CUR
o_cur = [inout]

31.05 14:15:39:       Rows was return: 20

31.05 14:15:39: [WEB-01 - OPEN] SMT.NSI_PKG.KASANT_STATE_SAFETY_CUR
o_cur = [inout]

31.05 14:15:40:       Rows was return: 727

31.05 14:15:40: [WEB-01 - OPEN] SMT.NSI_PKG.TCHR_FULL_LIST_CUR
o_cur = [inout]

31.05 14:15:40:       Rows was return: 238

31.05 14:15:40: [WEB-01 - OPEN] SMT.NSI_PKG.TCHR_LIST_CUR
p_id_user = 3761 [in], p_code_object = aIncident [in], o_cur = [inout]

31.05 14:15:40:       Rows was return: 236

31.05 14:15:40: [WEB-01 - OPEN] SMT.NSI_PKG.EQ_AGG_TYPE_CUR
o_cur = [inout]

31.05 14:15:40:       Rows was return: 101

31.05 14:15:44: [WEB-01 - OPEN] SMT.SMT_NSI_PKG.FTP_SETTINGS_CUR
o_cur = [inout]

31.05 14:15:44:       Rows was return: 1

31.05 14:15:44: [WEB-01 - OPEN] SMT.APP_NSI_PKG.FIRM_TREE_CUR
p_id_user = 3761 [in], p_code_object = aIncident [in], o_cur = [inout]

31.05 14:15:44:       Rows was return: 259

31.05 14:15:44: [WEB-01 - OPEN] SMT.SMT_NSI2_PKG.NSI_DOC_LIST_CUR
o_cur = [inout]

31.05 14:15:44:       Rows was return: 11

31.05 14:15:45: [WEB-01 - OPEN] SMT.NSI_PKG.LOC_SER_2_0_CUR
o_cur = [inout]

31.05 14:15:45:       Rows was return: 130

31.05 14:15:45: [WEB-01 - OPEN] SMT.SMT_NSI2_PKG.NOM_SER_LOC_CUR
o_cur = [inout], p_kod_ser = 0 [in]

31.05 14:15:45:       Rows was return: 1

31.05 14:15:45: [WEB-01 - EXEC] SMT_ADM_PKG.ASUT_USER_STAT
p_id_user = 3761 [inout], p_type_s = Вход. Инциденты. [in], p_id_session = 26078 [in], o_Err_Code = [inout], o_Err_Msg = [inout]

31.05 14:15:54: [WEB-01 - OPEN] SMT.INCIDENT2_PKG.INCIDENT_2_0_NLOC_SER_LIST_CUR
p_date_begin = 31.05.2016 [in], p_date_finish = 31.05.2016 [in], p_show_all = 1 [in], p_relation_type = 0 [in], p_access = 599002692 [in], p_kod_ser = 0 [in], p_nom_sec = -1 [in], p_nom_object = 0 [in], o_cur = [inout]

31.05 14:16:10:       Rows was return: 2

31.05 14:16:10: [WEB-01 - OPEN] SMT.INCIDENT2_PKG.INCIDENT_2_0_NLOC_SER_LIST_CUR
p_date_begin = 31.05.2016 [in], p_date_finish = 31.05.2016 [in], p_show_all = 1 [in], p_relation_type = 1 [in], p_access = 599002692 [in], p_kod_ser = 0 [in], p_nom_sec = -1 [in], p_nom_object = 0 [in], o_cur = [inout]

31.05 14:16:11:       Rows was return: 0

31.05 14:16:11: [WEB-01 - OPEN] SMT.REPORT_PKG.RCV_INCIDENT_DYNAMIC_CUR
p_date_begin = 31.05.2016 [in], p_date_finish = 31.05.2016 [in], p_type_period = 1 [in], p_id_user = 3761 [in], p_code_object = aIncident [in], o_cur = [inout]

31.05 14:16:11:       Rows was return: 31

31.05 14:16:33: [WEB-01 - OPEN] SMT.INCIDENT2_PKG.INCIDENT_2_0_NLOC_SER_LIST_CUR
p_date_begin = 30.05.2016 [in], p_date_finish = 30.05.2016 [in], p_show_all = 1 [in], p_relation_type = 0 [in], p_access = 599002692 [in], p_kod_ser = 0 [in], p_nom_sec = -1 [in], p_nom_object = 0 [in], o_cur = [inout]

31.05 14:16:35:       Rows was return: 106

31.05 14:16:35: [WEB-01 - OPEN] SMT.INCIDENT2_PKG.INCIDENT_2_0_NLOC_SER_LIST_CUR
p_date_begin = 30.05.2016 [in], p_date_finish = 30.05.2016 [in], p_show_all = 1 [in], p_relation_type = 1 [in], p_access = 599002692 [in], p_kod_ser = 0 [in], p_nom_sec = -1 [in], p_nom_object = 0 [in], o_cur = [inout]

31.05 14:16:36:       Rows was return: 0

31.05 14:16:36: [WEB-01 - OPEN] SMT.REPORT_PKG.RCV_INCIDENT_DYNAMIC_CUR
p_date_begin = 30.05.2016 [in], p_date_finish = 30.05.2016 [in], p_type_period = 1 [in], p_id_user = 3761 [in], p_code_object = aIncident [in], o_cur = [inout]

31.05 14:16:36:       Rows was return: 31

31.05 14:16:41: [WEB-01 - EXEC] SMT_ADM_PKG.ASUT_USER_STAT
p_id_user = 3761 [inout], p_type_s = Выход из ЕСМТ [in], p_id_session = 26078 [in], o_Err_Code = [inout], o_Err_Msg = [inout]

31.05 14:16:41: [WEB-01 - EXEC] SMT_ADM_PKG.ASUT_USER_STAT
p_id_user = 3761 [inout], p_type_s = Выход. Инциденты. [in], p_id_session = 26078 [in], o_Err_Code = [inout], o_Err_Msg = [inout]

14.06 15:20:12: [WEB-01 - EXEC] SMT.SMT_ADM_PKG.AUTHUSR
p_login = Novikov [in], p_pwd = Novikov [in], p_kod_firm = [inout], p_firm_name = [inout], p_dol_name = [inout], p_user_id = [inout], p_access_pred_id = [inout], p_access_level_name = [inout], p_id_session = [inout], o_Err_Code = [inout], o_Err_Msg = [inout]

14.06 15:20:15: [WEB-01 - OPEN] SMT.ASUT_PERMISSION_PKG.GET_USER_FUNCTIONS
o_cur = [inout], i_asut_user_id = 3761 [in]

14.06 15:20:15:       Rows was return: 29

14.06 15:20:15: [WEB-01 - OPEN] SMT.U_USERS_ADMIN.U_USER_ADMIN_CUR
o_cur = [inout], p_user_id = 3761 [in]

14.06 15:20:15:       Rows was return: 44

14.06 15:20:16: [WEB-01 - OPEN] SMT.SMT_NSI_PKG.SMT_NSI_RESPONSIBLE_DPT_CUR
o_cur = [inout], o_default = 0 [inout]

14.06 15:20:16:       Rows was return: 164

14.06 15:20:16: [WEB-01 - OPEN] SMT.NSI_PKG.REASON_TREE_CUR
o_cur = [inout]

14.06 15:20:16:       Rows was return: 176

14.06 15:20:16: [WEB-01 - OPEN] SMT.NSI_PKG.NSI_UNIV_CUR
o_cur = [inout]

14.06 15:20:16:       Rows was return: 222

14.06 15:20:16: [WEB-01 - OPEN] SMT.NSI_PKG.TCH_FULL_LIST_CUR
o_cur = [inout]

14.06 15:20:16:       Rows was return: 1223

14.06 15:20:16: [WEB-01 - OPEN] SMT.SMT_NSI_PKG.SMT_NSI_DEPOT_PLAIN_CUR
p_road_kod = 0 [in], o_cur = [inout]

14.06 15:20:16:       Rows was return: 250

14.06 15:20:16: [WEB-01 - OPEN] SMT.NSI_PKG.NSI_STATION_CUR
o_cur = [inout]

14.06 15:20:17:       Rows was return: 15227

14.06 15:20:17: [WEB-01 - OPEN] SMT.NSI_PKG.NSI_PEREG_CUR
o_cur = [inout]

14.06 15:20:18:       Rows was return: 5919

14.06 15:20:18: [WEB-01 - OPEN] SMT.NSI_PKG.EQ_MFR_CUR
o_cur = [inout]

14.06 15:20:18:       Rows was return: 299

14.06 15:20:18: [WEB-01 - OPEN] SMT.SMT_REPORT_PKG.FIRM_TREE_CUR
p_id_user = 3761 [in], p_code_object = aIncident [in], o_cur = [inout]

14.06 15:20:18:       Rows was return: 257

14.06 15:20:18: [WEB-01 - OPEN] SMT.SMT_NSI_PKG.NSI_ENTER_DEPOT_REASON_CUR
o_cur = [inout]

14.06 15:20:18:       Rows was return: 20

14.06 15:20:18: [WEB-01 - OPEN] SMT.NSI_PKG.KASANT_STATE_SAFETY_CUR
o_cur = [inout]

14.06 15:20:18:       Rows was return: 727

14.06 15:20:18: [WEB-01 - OPEN] SMT.NSI_PKG.TCHR_FULL_LIST_CUR
o_cur = [inout]

14.06 15:20:18:       Rows was return: 238

14.06 15:20:18: [WEB-01 - OPEN] SMT.NSI_PKG.TCHR_LIST_CUR
p_id_user = 3761 [in], p_code_object = aIncident [in], o_cur = [inout]

14.06 15:20:18:       Rows was return: 236

14.06 15:20:18: [WEB-01 - OPEN] SMT.NSI_PKG.EQ_AGG_TYPE_CUR
o_cur = [inout]

14.06 15:20:18:       Rows was return: 101

14.06 15:20:21: [WEB-01 - OPEN] SMT.SMT_NSI_PKG.FTP_SETTINGS_CUR
o_cur = [inout]

14.06 15:20:21:       Rows was return: 1

14.06 15:20:21: [WEB-01 - OPEN] SMT.APP_NSI_PKG.FIRM_TREE_CUR
p_id_user = 3761 [in], p_code_object = aIncident [in], o_cur = [inout]

14.06 15:20:21:       Rows was return: 259

14.06 15:20:21: [WEB-01 - OPEN] SMT.SMT_NSI2_PKG.NSI_DOC_LIST_CUR
o_cur = [inout]

14.06 15:20:21:       Rows was return: 11

14.06 15:20:22: [WEB-01 - OPEN] SMT.NSI_PKG.LOC_SER_2_0_CUR
o_cur = [inout]

14.06 15:20:22:       Rows was return: 130

14.06 15:20:22: [WEB-01 - OPEN] SMT.SMT_NSI2_PKG.NOM_SER_LOC_CUR
o_cur = [inout], p_kod_ser = 0 [in]

14.06 15:20:22:       Rows was return: 1

14.06 15:20:22: [WEB-01 - EXEC] SMT_ADM_PKG.ASUT_USER_STAT
p_id_user = 3761 [inout], p_type_s = Вход. Инциденты. [in], p_id_session = 32026 [in], o_Err_Code = [inout], o_Err_Msg = [inout]

14.06 15:20:26: [WEB-01 - OPEN] SMT.INCIDENT2_PKG.INCIDENT_2_0_NLOC_SER_LIST_CUR
p_date_begin = 30.05.2016 [in], p_date_finish = 30.05.2016 [in], p_show_all = 1 [in], p_relation_type = 0 [in], p_access = 599002692 [in], p_kod_ser = 0 [in], p_nom_sec = -1 [in], p_nom_object = 0 [in], o_cur = [inout]

14.06 15:21:12:       Rows was return: 284

14.06 15:21:12: [WEB-01 - OPEN] SMT.INCIDENT2_PKG.INCIDENT_2_0_NLOC_SER_LIST_CUR
p_date_begin = 30.05.2016 [in], p_date_finish = 30.05.2016 [in], p_show_all = 1 [in], p_relation_type = 1 [in], p_access = 599002692 [in], p_kod_ser = 0 [in], p_nom_sec = -1 [in], p_nom_object = 0 [in], o_cur = [inout]

14.06 15:21:13:       Rows was return: 1

14.06 15:21:13: [WEB-01 - OPEN] SMT.REPORT_PKG.RCV_INCIDENT_DYNAMIC_CUR
p_date_begin = 30.05.2016 [in], p_date_finish = 30.05.2016 [in], p_type_period = 1 [in], p_id_user = 3761 [in], p_code_object = aIncident [in], o_cur = [inout]

14.06 15:21:13:       Rows was return: 31

14.06 15:21:32: [WEB-01 - OPEN] SMT.INCIDENT_PKG.TEAM_EXECUTOR_CUR
p_sheet_id = 554655 [in], o_cur = [inout]

14.06 15:21:32:       Rows was return: 1

14.06 15:21:43: [WEB-01 - OPEN] SMT.DF_DOCUMENT_PKG.DF_EXTENSION_PERM_CUR
o_cur = [inout], p_ftp_id = 1 [inout]

14.06 15:21:43:       Rows was return: 14

14.06 15:21:46: ShowAppException: < UI-9 > : Ошибка добавления вложения: < UEATT-5 > : Ошибка. Не указан файл для отправки.


14.06 15:21:46: ShowAppException TDMMain: < UI-9 > : Ошибка добавления вложения: < UEATT-5 > : Ошибка. Не указан файл для отправки.


14.06 15:22:10: [WEB-01 - OPEN] SMT.DF_DOCUMENT_PKG.DF_EXTENSION_PERM_CUR
o_cur = [inout], p_ftp_id = 1 [inout]

14.06 15:22:10:       Rows was return: 14

14.06 15:22:13: ShowAppException: < UI-9 > : Ошибка добавления вложения: < UEATT-5 > : Ошибка. Не указан файл для отправки.


14.06 15:22:13: ShowAppException TDMMain: < UI-9 > : Ошибка добавления вложения: < UEATT-5 > : Ошибка. Не указан файл для отправки.


14.06 15:22:22: [WEB-01 - OPEN] SMT.DF_DOCUMENT_PKG.DF_EXTENSION_PERM_CUR
o_cur = [inout], p_ftp_id = 1 [inout]

14.06 15:22:22:       Rows was return: 14

14.06 15:22:29: ShowAppException: < UI-9 > : Ошибка добавления вложения: < UEATT-5 > : Ошибка. Не указан файл для отправки.


14.06 15:22:29: ShowAppException TDMMain: < UI-9 > : Ошибка добавления вложения: < UEATT-5 > : Ошибка. Не указан файл для отправки.


14.06 15:28:14: [WEB-01 - OPEN] SMT.DF_DOCUMENT_PKG.DF_EXTENSION_PERM_CUR
o_cur = [inout], p_ftp_id = 1 [inout]

14.06 15:28:14:       Rows was return: 14

14.06 15:28:20: [WEB-01 - OPEN] SMT.INCIDENT2_PKG.INCIDENT_2_0_NLOC_SER_LIST_CUR
p_date_begin = 30.05.2016 [in], p_date_finish = 30.05.2016 [in], p_show_all = 1 [in], p_relation_type = 0 [in], p_access = 599002692 [in], p_kod_ser = 0 [in], p_nom_sec = -1 [in], p_nom_object = 0 [in], o_cur = [inout]

14.06 15:28:23:       Rows was return: 284

14.06 15:28:23: [WEB-01 - OPEN] SMT.INCIDENT2_PKG.INCIDENT_2_0_NLOC_SER_LIST_CUR
p_date_begin = 30.05.2016 [in], p_date_finish = 30.05.2016 [in], p_show_all = 1 [in], p_relation_type = 1 [in], p_access = 599002692 [in], p_kod_ser = 0 [in], p_nom_sec = -1 [in], p_nom_object = 0 [in], o_cur = [inout]

14.06 15:28:24:       Rows was return: 1

14.06 15:28:24: [WEB-01 - OPEN] SMT.REPORT_PKG.RCV_INCIDENT_DYNAMIC_CUR
p_date_begin = 30.05.2016 [in], p_date_finish = 30.05.2016 [in], p_type_period = 1 [in], p_id_user = 3761 [in], p_code_object = aIncident [in], o_cur = [inout]

14.06 15:28:24:       Rows was return: 31

14.06 15:28:28: [WEB-01 - OPEN] SMT.DF_DOCUMENT_PKG.DF_EXTENSION_PERM_CUR
o_cur = [inout], p_ftp_id = 1 [inout]

14.06 15:28:28:       Rows was return: 14

14.06 15:28:37: ShowAppException: < UI-9 > : Ошибка добавления вложения: < UEATT-5 > : Ошибка. Не указан файл для отправки.


14.06 15:28:37: ShowAppException TDMMain: < UI-9 > : Ошибка добавления вложения: < UEATT-5 > : Ошибка. Не указан файл для отправки.


14.06 15:56:42: [WEB-01 - EXEC] SMT_ADM_PKG.ASUT_USER_STAT
p_id_user = 3761 [inout], p_type_s = Выход из ЕСМТ [in], p_id_session = 32026 [in], o_Err_Code = [inout], o_Err_Msg = [inout]

14.06 15:56:42: [WEB-01 - EXEC] SMT_ADM_PKG.ASUT_USER_STAT
p_id_user = 3761 [inout], p_type_s = Выход. Инциденты. [in], p_id_session = 32026 [in], o_Err_Code = [inout], o_Err_Msg = [inout]

22.06 22:09:42: [WEB-01 - EXEC] SMT.SMT_ADM_PKG.AUTHUSR
p_login = Novikov [in], p_pwd = Novikov [in], p_kod_firm = [inout], p_firm_name = [inout], p_dol_name = [inout], p_user_id = [inout], p_access_pred_id = [inout], p_access_level_name = [inout], p_id_session = [inout], o_Err_Code = [inout], o_Err_Msg = [inout]

22.06 22:09:45: [WEB-01 - OPEN] SMT.ASUT_PERMISSION_PKG.GET_USER_FUNCTIONS
o_cur = [inout], i_asut_user_id = 3761 [in]

22.06 22:09:45:       Rows was return: 29

22.06 22:09:45: [WEB-01 - OPEN] SMT.U_USERS_ADMIN.U_USER_ADMIN_CUR
o_cur = [inout], p_user_id = 3761 [in]

22.06 22:09:46:       Rows was return: 44

22.06 22:09:46: [WEB-01 - OPEN] SMT.SMT_NSI_PKG.SMT_NSI_RESPONSIBLE_DPT_CUR
o_cur = [inout], o_default = 0 [inout]

22.06 22:09:47:       Rows was return: 164

22.06 22:09:47: [WEB-01 - OPEN] SMT.NSI_PKG.REASON_TREE_CUR
o_cur = [inout]

22.06 22:09:50:       Rows was return: 176

22.06 22:09:50: [WEB-01 - OPEN] SMT.NSI_PKG.NSI_UNIV_CUR
o_cur = [inout]

22.06 22:09:53:       Rows was return: 222

22.06 22:09:53: [WEB-01 - OPEN] SMT.NSI_PKG.TCH_FULL_LIST_CUR
o_cur = [inout]

22.06 22:09:56:       Rows was return: 1223

22.06 22:09:56: [WEB-01 - OPEN] SMT.SMT_NSI_PKG.SMT_NSI_DEPOT_PLAIN_CUR
p_road_kod = 0 [in], o_cur = [inout]

22.06 22:09:59:       Rows was return: 250

22.06 22:09:59: [WEB-01 - OPEN] SMT.NSI_PKG.NSI_STATION_CUR
o_cur = [inout]

22.06 22:10:00:       Rows was return: 15227

22.06 22:10:00: [WEB-01 - OPEN] SMT.NSI_PKG.NSI_PEREG_CUR
o_cur = [inout]

22.06 22:10:01:       Rows was return: 5919

22.06 22:10:01: [WEB-01 - OPEN] SMT.NSI_PKG.EQ_MFR_CUR
o_cur = [inout]

22.06 22:10:01:       Rows was return: 299

22.06 22:10:01: [WEB-01 - OPEN] SMT.SMT_REPORT_PKG.FIRM_TREE_CUR
p_id_user = 3761 [in], p_code_object = aIncident [in], o_cur = [inout]

22.06 22:10:01:       Rows was return: 257

22.06 22:10:01: [WEB-01 - OPEN] SMT.SMT_NSI_PKG.NSI_ENTER_DEPOT_REASON_CUR
o_cur = [inout]

22.06 22:10:01:       Rows was return: 20

22.06 22:10:01: [WEB-01 - OPEN] SMT.NSI_PKG.KASANT_STATE_SAFETY_CUR
o_cur = [inout]

22.06 22:10:01:       Rows was return: 727

22.06 22:10:01: [WEB-01 - OPEN] SMT.NSI_PKG.TCHR_FULL_LIST_CUR
o_cur = [inout]

22.06 22:10:01:       Rows was return: 238

22.06 22:10:01: [WEB-01 - OPEN] SMT.NSI_PKG.TCHR_LIST_CUR
p_id_user = 3761 [in], p_code_object = aIncident [in], o_cur = [inout]

22.06 22:10:01:       Rows was return: 236

22.06 22:10:01: [WEB-01 - OPEN] SMT.NSI_PKG.EQ_AGG_TYPE_CUR
o_cur = [inout]

22.06 22:10:02:       Rows was return: 101

22.06 22:10:14: [WEB-01 - EXEC] SMT_ADM_PKG.ASUT_USER_STAT
p_id_user = 3761 [inout], p_type_s = Выход из ЕСМТ [in], p_id_session = 37897 [in], o_Err_Code = [inout], o_Err_Msg = [inout]

27.06 01:12:51: [WEB-01 - EXEC] SMT.SMT_ADM_PKG.AUTHUSR
p_login = Novikov [in], p_pwd = Novikov [in], p_kod_firm = [inout], p_firm_name = [inout], p_dol_name = [inout], p_user_id = [inout], p_access_pred_id = [inout], p_access_level_name = [inout], p_id_session = [inout], o_Err_Code = [inout], o_Err_Msg = [inout]

27.06 01:12:53: [WEB-01 - OPEN] SMT.ASUT_PERMISSION_PKG.GET_USER_FUNCTIONS
o_cur = [inout], i_asut_user_id = 3761 [in]

27.06 01:12:53:       Rows was return: 29

27.06 01:12:54: [WEB-01 - OPEN] SMT.U_USERS_ADMIN.U_USER_ADMIN_CUR
o_cur = [inout], p_user_id = 3761 [in]

27.06 01:12:54:       Rows was return: 44

27.06 01:12:54: [WEB-01 - OPEN] SMT.SMT_NSI_PKG.SMT_NSI_RESPONSIBLE_DPT_CUR
o_cur = [inout], o_default = 0 [inout]

27.06 01:12:54:       Rows was return: 164

27.06 01:12:54: [WEB-01 - OPEN] SMT.NSI_PKG.REASON_TREE_CUR
o_cur = [inout]

27.06 01:12:54:       Rows was return: 176

27.06 01:12:54: [WEB-01 - OPEN] SMT.NSI_PKG.NSI_UNIV_CUR
o_cur = [inout]

27.06 01:12:54:       Rows was return: 222

27.06 01:12:54: [WEB-01 - OPEN] SMT.NSI_PKG.TCH_FULL_LIST_CUR
o_cur = [inout]

27.06 01:12:54:       Rows was return: 1223

27.06 01:12:54: [WEB-01 - OPEN] SMT.SMT_NSI_PKG.SMT_NSI_DEPOT_PLAIN_CUR
p_road_kod = 0 [in], o_cur = [inout]

27.06 01:12:55:       Rows was return: 250

27.06 01:12:55: [WEB-01 - OPEN] SMT.NSI_PKG.NSI_STATION_CUR
o_cur = [inout]

27.06 01:12:56:       Rows was return: 15227

27.06 01:12:56: [WEB-01 - OPEN] SMT.NSI_PKG.NSI_PEREG_CUR
o_cur = [inout]

27.06 01:12:57:       Rows was return: 5919

27.06 01:12:57: [WEB-01 - OPEN] SMT.NSI_PKG.EQ_MFR_CUR
o_cur = [inout]

27.06 01:12:57:       Rows was return: 299

27.06 01:12:57: [WEB-01 - OPEN] SMT.SMT_REPORT_PKG.FIRM_TREE_CUR
p_id_user = 3761 [in], p_code_object = aIncident [in], o_cur = [inout]

27.06 01:12:57:       Rows was return: 257

27.06 01:12:57: [WEB-01 - OPEN] SMT.SMT_NSI_PKG.NSI_ENTER_DEPOT_REASON_CUR
o_cur = [inout]

27.06 01:12:57:       Rows was return: 20

27.06 01:12:57: [WEB-01 - OPEN] SMT.NSI_PKG.KASANT_STATE_SAFETY_CUR
o_cur = [inout]

27.06 01:12:57:       Rows was return: 727

27.06 01:12:57: [WEB-01 - OPEN] SMT.NSI_PKG.TCHR_FULL_LIST_CUR
o_cur = [inout]

27.06 01:12:58:       Rows was return: 238

27.06 01:12:58: [WEB-01 - OPEN] SMT.NSI_PKG.TCHR_LIST_CUR
p_id_user = 3761 [in], p_code_object = aIncident [in], o_cur = [inout]

27.06 01:12:58:       Rows was return: 236

27.06 01:12:58: [WEB-01 - OPEN] SMT.NSI_PKG.EQ_AGG_TYPE_CUR
o_cur = [inout]

27.06 01:12:58:       Rows was return: 101

27.06 01:13:00: [WEB-01 - OPEN] SMT.SMT_NSI_PKG.FTP_SETTINGS_CUR
o_cur = [inout]

27.06 01:13:00:       Rows was return: 1

27.06 01:13:00: [WEB-01 - OPEN] SMT.APP_NSI_PKG.FIRM_TREE_CUR
p_id_user = 3761 [in], p_code_object = aIncident [in], o_cur = [inout]

27.06 01:13:01:       Rows was return: 259

27.06 01:13:01: [WEB-01 - OPEN] SMT.SMT_NSI2_PKG.NSI_DOC_LIST_CUR
o_cur = [inout]

27.06 01:13:01:       Rows was return: 11

27.06 01:13:01: [WEB-01 - OPEN] SMT.NSI_PKG.LOC_SER_2_0_CUR
o_cur = [inout]

27.06 01:13:02:       Rows was return: 130

27.06 01:13:02: [WEB-01 - OPEN] SMT.SMT_NSI2_PKG.NOM_SER_LOC_CUR
o_cur = [inout], p_kod_ser = 0 [in]

27.06 01:13:02:       Rows was return: 1

27.06 01:13:02: [WEB-01 - EXEC] SMT_ADM_PKG.ASUT_USER_STAT
p_id_user = 3761 [inout], p_type_s = Вход. Инциденты. [in], p_id_session = 40683 [in], o_Err_Code = [inout], o_Err_Msg = [inout]

27.06 01:13:04: [WEB-01 - OPEN] SMT.INCIDENT2_PKG.INCIDENT_2_0_NLOC_SER_LIST_CUR
p_date_begin = 30.05.2016 [in], p_date_finish = 30.05.2016 [in], p_show_all = 1 [in], p_relation_type = 0 [in], p_access = 599002692 [in], p_kod_ser = 0 [in], p_nom_sec = -1 [in], p_nom_object = 0 [in], o_cur = [inout]

27.06 01:15:01:       Rows was return: 297

27.06 01:15:01: [WEB-01 - OPEN] SMT.INCIDENT2_PKG.INCIDENT_2_0_NLOC_SER_LIST_CUR
p_date_begin = 30.05.2016 [in], p_date_finish = 30.05.2016 [in], p_show_all = 1 [in], p_relation_type = 1 [in], p_access = 599002692 [in], p_kod_ser = 0 [in], p_nom_sec = -1 [in], p_nom_object = 0 [in], o_cur = [inout]

27.06 01:15:22: [WEB-01 - EXEC] SMT.SMT_ADM_PKG.AUTHUSR
p_login = Novikov [in], p_pwd = Novikov [in], p_kod_firm = [inout], p_firm_name = [inout], p_dol_name = [inout], p_user_id = [inout], p_access_pred_id = [inout], p_access_level_name = [inout], p_id_session = [inout], o_Err_Code = [inout], o_Err_Msg = [inout]

27.06 01:15:23: [WEB-01 - OPEN] SMT.ASUT_PERMISSION_PKG.GET_USER_FUNCTIONS
o_cur = [inout], i_asut_user_id = 3761 [in]

27.06 01:15:23:       Rows was return: 29

27.06 01:15:24: [WEB-01 - OPEN] SMT.U_USERS_ADMIN.U_USER_ADMIN_CUR
o_cur = [inout], p_user_id = 3761 [in]

27.06 01:15:24:       Rows was return: 44

27.06 01:15:24: [WEB-01 - OPEN] SMT.SMT_NSI_PKG.SMT_NSI_RESPONSIBLE_DPT_CUR
o_cur = [inout], o_default = 0 [inout]

27.06 01:15:24:       Rows was return: 164

27.06 01:15:24: [WEB-01 - OPEN] SMT.NSI_PKG.REASON_TREE_CUR
o_cur = [inout]

27.06 01:15:24:       Rows was return: 176

27.06 01:15:24: [WEB-01 - OPEN] SMT.NSI_PKG.NSI_UNIV_CUR
o_cur = [inout]

27.06 01:15:25:       Rows was return: 222

27.06 01:15:25: [WEB-01 - OPEN] SMT.NSI_PKG.TCH_FULL_LIST_CUR
o_cur = [inout]

27.06 01:15:25:       Rows was return: 1223

27.06 01:15:25: [WEB-01 - OPEN] SMT.SMT_NSI_PKG.SMT_NSI_DEPOT_PLAIN_CUR
p_road_kod = 0 [in], o_cur = [inout]

27.06 01:15:25:       Rows was return: 250

27.06 01:15:25: [WEB-01 - OPEN] SMT.NSI_PKG.NSI_STATION_CUR
o_cur = [inout]

27.06 01:15:26:       Rows was return: 15227

27.06 01:15:26: [WEB-01 - OPEN] SMT.NSI_PKG.NSI_PEREG_CUR
o_cur = [inout]

27.06 01:15:27:       Rows was return: 5919

27.06 01:15:27: [WEB-01 - OPEN] SMT.NSI_PKG.EQ_MFR_CUR
o_cur = [inout]

27.06 01:15:27:       Rows was return: 299

27.06 01:15:27: [WEB-01 - OPEN] SMT.SMT_REPORT_PKG.FIRM_TREE_CUR
p_id_user = 3761 [in], p_code_object = aIncident [in], o_cur = [inout]

27.06 01:15:27:       Rows was return: 257

27.06 01:15:27: [WEB-01 - OPEN] SMT.SMT_NSI_PKG.NSI_ENTER_DEPOT_REASON_CUR
o_cur = [inout]

27.06 01:15:27:       Rows was return: 20

27.06 01:15:27: [WEB-01 - OPEN] SMT.NSI_PKG.KASANT_STATE_SAFETY_CUR
o_cur = [inout]

27.06 01:15:27:       Rows was return: 727

27.06 01:15:27: [WEB-01 - OPEN] SMT.NSI_PKG.TCHR_FULL_LIST_CUR
o_cur = [inout]

27.06 01:15:27:       Rows was return: 238

27.06 01:15:27: [WEB-01 - OPEN] SMT.NSI_PKG.TCHR_LIST_CUR
p_id_user = 3761 [in], p_code_object = aIncident [in], o_cur = [inout]

27.06 01:15:27:       Rows was return: 236

27.06 01:15:27: [WEB-01 - OPEN] SMT.NSI_PKG.EQ_AGG_TYPE_CUR
o_cur = [inout]

27.06 01:15:28:       Rows was return: 101

27.06 01:15:30: [WEB-01 - OPEN] SMT.SMT_NSI_PKG.FTP_SETTINGS_CUR
o_cur = [inout]

27.06 01:15:30:       Rows was return: 1

27.06 01:15:30: [WEB-01 - OPEN] SMT.APP_NSI_PKG.FIRM_TREE_CUR
p_id_user = 3761 [in], p_code_object = aIncident [in], o_cur = [inout]

27.06 01:15:30:       Rows was return: 259

27.06 01:15:30: [WEB-01 - OPEN] SMT.SMT_NSI2_PKG.NSI_DOC_LIST_CUR
o_cur = [inout]

27.06 01:15:30:       Rows was return: 11

27.06 01:15:31: [WEB-01 - OPEN] SMT.NSI_PKG.LOC_SER_2_0_CUR
o_cur = [inout]

27.06 01:15:31:       Rows was return: 130

27.06 01:15:31: [WEB-01 - OPEN] SMT.SMT_NSI2_PKG.NOM_SER_LOC_CUR
o_cur = [inout], p_kod_ser = 0 [in]

27.06 01:15:31:       Rows was return: 1

27.06 01:15:31: [WEB-01 - EXEC] SMT_ADM_PKG.ASUT_USER_STAT
p_id_user = 3761 [inout], p_type_s = Вход. Инциденты. [in], p_id_session = 40685 [in], o_Err_Code = [inout], o_Err_Msg = [inout]

27.06 01:15:39: [WEB-01 - OPEN] SMT.INCIDENT2_PKG.INCIDENT_2_0_NLOC_SER_LIST_CUR
p_date_begin = 27.06.2016 [in], p_date_finish = 27.06.2016 [in], p_show_all = 1 [in], p_relation_type = 0 [in], p_access = 599002692 [in], p_kod_ser = 0 [in], p_nom_sec = -1 [in], p_nom_object = 0 [in], o_cur = [inout]

27.06 01:15:58:       Rows was return: 0

27.06 01:15:58: [WEB-01 - OPEN] SMT.INCIDENT2_PKG.INCIDENT_2_0_NLOC_SER_LIST_CUR
p_date_begin = 27.06.2016 [in], p_date_finish = 27.06.2016 [in], p_show_all = 1 [in], p_relation_type = 1 [in], p_access = 599002692 [in], p_kod_ser = 0 [in], p_nom_sec = -1 [in], p_nom_object = 0 [in], o_cur = [inout]

27.06 01:17:04:       Rows was return: 0

27.06 01:17:04: [WEB-01 - OPEN] SMT.REPORT_PKG.RCV_INCIDENT_DYNAMIC_CUR
p_date_begin = 27.06.2016 [in], p_date_finish = 27.06.2016 [in], p_type_period = 1 [in], p_id_user = 3761 [in], p_code_object = aIncident [in], o_cur = [inout]

27.06 01:17:04:       Rows was return: 30

27.06 01:17:35: [WEB-01 - OPEN] SMT.INCIDENT2_PKG.INCIDENT_2_0_NLOC_SER_LIST_CUR
p_date_begin = 26.06.2016 [in], p_date_finish = 26.06.2016 [in], p_show_all = 1 [in], p_relation_type = 0 [in], p_access = 599002692 [in], p_kod_ser = 0 [in], p_nom_sec = -1 [in], p_nom_object = 0 [in], o_cur = [inout]

27.06 01:17:37:       Rows was return: 145

27.06 01:17:37: [WEB-01 - OPEN] SMT.INCIDENT2_PKG.INCIDENT_2_0_NLOC_SER_LIST_CUR
p_date_begin = 26.06.2016 [in], p_date_finish = 26.06.2016 [in], p_show_all = 1 [in], p_relation_type = 1 [in], p_access = 599002692 [in], p_kod_ser = 0 [in], p_nom_sec = -1 [in], p_nom_object = 0 [in], o_cur = [inout]

27.06 01:17:38:       Rows was return: 0

27.06 01:17:38: [WEB-01 - OPEN] SMT.REPORT_PKG.RCV_INCIDENT_DYNAMIC_CUR
p_date_begin = 26.06.2016 [in], p_date_finish = 26.06.2016 [in], p_type_period = 1 [in], p_id_user = 3761 [in], p_code_object = aIncident [in], o_cur = [inout]

27.06 01:17:38:       Rows was return: 30

27.06 01:17:44: [WEB-01 - EXEC] SMT_ADM_PKG.ASUT_USER_STAT
p_id_user = 3761 [inout], p_type_s = Выход. Инциденты. [in], p_id_session = 40685 [in], o_Err_Code = [inout], o_Err_Msg = [inout]

27.06 01:17:45: [WEB-01 - EXEC] SMT_ADM_PKG.ASUT_USER_STAT
p_id_user = 3761 [inout], p_type_s = Выход из ЕСМТ [in], p_id_session = 40685 [in], o_Err_Code = [inout], o_Err_Msg = [inout]

07.07 13:34:35: [WEB-01 - EXEC] SMT.SMT_ADM_PKG.AUTHUSR
p_login = Novikov [in], p_pwd = Novikov [in], p_kod_firm = [inout], p_firm_name = [inout], p_dol_name = [inout], p_user_id = [inout], p_access_pred_id = [inout], p_access_level_name = [inout], p_id_session = [inout], o_Err_Code = [inout], o_Err_Msg = [inout]

07.07 13:34:37: [WEB-01 - OPEN] SMT.ASUT_PERMISSION_PKG.GET_USER_FUNCTIONS
o_cur = [inout], i_asut_user_id = 3761 [in]

07.07 13:34:37:       Rows was return: 29

07.07 13:34:37: [WEB-01 - OPEN] SMT.U_USERS_ADMIN.U_USER_ADMIN_CUR
o_cur = [inout], p_user_id = 3761 [in]

07.07 13:34:37:       Rows was return: 44

07.07 13:34:37: [WEB-01 - OPEN] SMT.SMT_NSI_PKG.SMT_NSI_RESPONSIBLE_DPT_CUR
o_cur = [inout], o_default = 0 [inout]

07.07 13:34:37:       Rows was return: 164

07.07 13:34:37: [WEB-01 - OPEN] SMT.NSI_PKG.REASON_TREE_CUR
o_cur = [inout]

07.07 13:34:38:       Rows was return: 176

07.07 13:34:38: [WEB-01 - OPEN] SMT.NSI_PKG.NSI_UNIV_CUR
o_cur = [inout]

07.07 13:34:38:       Rows was return: 222

07.07 13:34:38: [WEB-01 - OPEN] SMT.NSI_PKG.TCH_FULL_LIST_CUR
o_cur = [inout]

07.07 13:35:09:       Rows was return: 1223

07.07 13:35:09: [WEB-01 - OPEN] SMT.SMT_NSI_PKG.SMT_NSI_DEPOT_PLAIN_CUR
p_road_kod = 0 [in], o_cur = [inout]

07.07 13:35:09:       Rows was return: 250

07.07 13:35:09: [WEB-01 - OPEN] SMT.NSI_PKG.NSI_STATION_CUR
o_cur = [inout]

07.07 13:35:10:       Rows was return: 15227

07.07 13:35:10: [WEB-01 - OPEN] SMT.NSI_PKG.NSI_PEREG_CUR
o_cur = [inout]

07.07 13:35:11:       Rows was return: 5919

07.07 13:35:11: [WEB-01 - OPEN] SMT.NSI_PKG.EQ_MFR_CUR
o_cur = [inout]

07.07 13:35:11:       Rows was return: 299

07.07 13:35:11: [WEB-01 - OPEN] SMT.SMT_REPORT_PKG.FIRM_TREE_CUR
p_id_user = 3761 [in], p_code_object = aIncident [in], o_cur = [inout]

07.07 13:35:11:       Rows was return: 258

07.07 13:35:11: [WEB-01 - OPEN] SMT.SMT_NSI_PKG.NSI_ENTER_DEPOT_REASON_CUR
o_cur = [inout]

07.07 13:35:11:       Rows was return: 20

07.07 13:35:11: [WEB-01 - OPEN] SMT.NSI_PKG.KASANT_STATE_SAFETY_CUR
o_cur = [inout]

07.07 13:35:11:       Rows was return: 727

07.07 13:35:11: [WEB-01 - OPEN] SMT.NSI_PKG.TCHR_FULL_LIST_CUR
o_cur = [inout]

07.07 13:35:11:       Rows was return: 238

07.07 13:35:11: [WEB-01 - OPEN] SMT.NSI_PKG.TCHR_LIST_CUR
p_id_user = 3761 [in], p_code_object = aIncident [in], o_cur = [inout]

07.07 13:35:12:       Rows was return: 236

07.07 13:35:12: [WEB-01 - OPEN] SMT.NSI_PKG.EQ_AGG_TYPE_CUR
o_cur = [inout]

07.07 13:35:12:       Rows was return: 101

07.07 13:36:59: [WEB-01 - OPEN] SMT.SMT_NSI_PKG.FTP_SETTINGS_CUR
o_cur = [inout]

07.07 13:36:59:       Rows was return: 1

07.07 13:36:59: [WEB-01 - OPEN] SMT.APP_NSI_PKG.FIRM_TREE_CUR
p_id_user = 3761 [in], p_code_object = aIncident [in], o_cur = [inout]

07.07 13:36:59:       Rows was return: 260

07.07 13:36:59: [WEB-01 - OPEN] SMT.SMT_NSI2_PKG.NSI_DOC_LIST_CUR
o_cur = [inout]

07.07 13:37:00:       Rows was return: 11

07.07 13:37:00: [WEB-01 - OPEN] SMT.NSI_PKG.LOC_SER_2_0_CUR
o_cur = [inout]

07.07 13:37:00:       Rows was return: 130

07.07 13:37:00: [WEB-01 - OPEN] SMT.SMT_NSI2_PKG.NOM_SER_LOC_CUR
o_cur = [inout], p_kod_ser = 0 [in]

07.07 13:37:00:       Rows was return: 1

07.07 13:37:01: [WEB-01 - EXEC] SMT_ADM_PKG.ASUT_USER_STAT
p_id_user = 3761 [inout], p_type_s = Вход. Инциденты. [in], p_id_session = 48281 [in], o_Err_Code = [inout], o_Err_Msg = [inout]

07.07 13:37:17: [WEB-01 - OPEN] SMT.INCIDENT2_PKG.INCIDENT_2_0_NLOC_SER_LIST_CUR
p_date_begin = 26.06.2016 [in], p_date_finish = 26.06.2016 [in], p_show_all = 1 [in], p_relation_type = 0 [in], p_access = 599002692 [in], p_kod_ser = 0 [in], p_nom_sec = -1 [in], p_nom_object = 0 [in], o_cur = [inout]

07.07 13:39:17: ShowAppException: КОРНЕВЫЕ ИНЦИДЕНТЫ:
< UI-2 > : Ошибка выполнения загрузки списка инцидентов (обращение к БД).
Ошибка вызова функции <CallWebServiceBin>
Proxy Error ( РЈРєР°Р·Р°РЅРЅРѕРµ СЃРµС‚РµРІРѕРµ РёРјСЏ Р±РѕР»РµРµ РЅРµРґРѕСЃС‚СѓРїРЅРѕ.  ) (502) - 'http://esmt.asunt.ru:9900/SOAP?service=DataService'

07.07 13:39:17: ShowAppException TDMMain: КОРНЕВЫЕ ИНЦИДЕНТЫ:
< UI-2 > : Ошибка выполнения загрузки списка инцидентов (обращение к БД).
Ошибка вызова функции <CallWebServiceBin>
Proxy Error ( РЈРєР°Р·Р°РЅРЅРѕРµ СЃРµС‚РµРІРѕРµ РёРјСЏ Р±РѕР»РµРµ РЅРµРґРѕСЃС‚СѓРїРЅРѕ.  ) (502) - 'http://esmt.asunt.ru:9900/SOAP?service=DataService'

07.07 13:40:19: [WEB-01 - EXEC] SMT_ADM_PKG.ASUT_USER_STAT
p_id_user = 3761 [inout], p_type_s = Выход из ЕСМТ [in], p_id_session = 48281 [in], o_Err_Code = [inout], o_Err_Msg = [inout]

07.07 13:40:19: [WEB-01 - EXEC] SMT_ADM_PKG.ASUT_USER_STAT
p_id_user = 3761 [inout], p_type_s = Выход. Инциденты. [in], p_id_session = 48281 [in], o_Err_Code = [inout], o_Err_Msg = [inout]

24.08 13:58:27: [WEB-01 - EXEC] SMT.SMT_ADM_PKG.AUTHUSR
p_login = SuslovAA [in], p_pwd = SAA5 [in], p_kod_firm = [inout], p_firm_name = [inout], p_dol_name = [inout], p_user_id = [inout], p_access_pred_id = [inout], p_access_level_name = [inout], p_id_session = [inout], o_Err_Code = [inout], o_Err_Msg = [inout]

26.01 23:55:26: [WEB-01 - EXEC] SMT.SMT_ADM_PKG.AUTHUSR
p_login = SuslovAA [in], p_pwd = SAA33 [in], p_kod_firm = [inout], p_firm_name = [inout], p_dol_name = [inout], p_user_id = [inout], p_access_pred_id = [inout], p_access_level_name = [inout], p_id_session = [inout], o_Err_Code = [inout], o_Err_Msg = [inout]

26.01 23:55:27: [WEB-01 - OPEN] SMT.ASUT_PERMISSION_PKG.GET_USER_FUNCTIONS
o_cur = [inout], i_asut_user_id = 266 [in]

26.01 23:55:27:       Rows was return: 30

26.01 23:55:28: [WEB-01 - OPEN] SMT.U_USERS_ADMIN.U_USER_ADMIN_CUR
o_cur = [inout], p_user_id = 266 [in]

26.01 23:55:29:       Rows was return: 43

26.01 23:55:29: [WEB-01 - OPEN] SMT.SMT_NSI_PKG.SMT_NSI_RESPONSIBLE_DPT_CUR
o_cur = [inout], o_default = 0 [inout]

26.01 23:55:30:       Rows was return: 165

26.01 23:55:30: [WEB-01 - OPEN] SMT.NSI_PKG.REASON_TREE_CUR
o_cur = [inout]

26.01 23:55:31:       Rows was return: 177

26.01 23:55:31: [WEB-01 - OPEN] SMT.NSI_PKG.NSI_UNIV_CUR
o_cur = [inout]

26.01 23:55:31:       Rows was return: 223

26.01 23:55:31: [WEB-01 - OPEN] SMT.NSI_PKG.TCH_FULL_LIST_CUR
o_cur = [inout]

26.01 23:55:32:       Rows was return: 1223

26.01 23:55:32: [WEB-01 - OPEN] SMT.SMT_NSI_PKG.SMT_NSI_DEPOT_PLAIN_CUR
p_road_kod = 0 [in], o_cur = [inout]

26.01 23:55:32:       Rows was return: 250

26.01 23:55:32: [WEB-01 - OPEN] SMT.NSI_PKG.NSI_STATION_CUR
o_cur = [inout]

26.01 23:55:34:       Rows was return: 15227

26.01 23:55:34: [WEB-01 - OPEN] SMT.NSI_PKG.NSI_PEREG_CUR
o_cur = [inout]

26.01 23:55:36:       Rows was return: 5919

26.01 23:55:36: [WEB-01 - OPEN] SMT.NSI_PKG.EQ_MFR_CUR
o_cur = [inout]

26.01 23:55:36:       Rows was return: 299

26.01 23:55:36: [WEB-01 - OPEN] SMT.SMT_REPORT_PKG.FIRM_TREE_CUR
p_id_user = 266 [in], p_code_object = aIncident [in], o_cur = [inout]

26.01 23:55:36:       Rows was return: 258

26.01 23:55:36: [WEB-01 - OPEN] SMT.SMT_NSI_PKG.NSI_ENTER_DEPOT_REASON_CUR
o_cur = [inout]

26.01 23:55:36:       Rows was return: 21

26.01 23:55:36: [WEB-01 - OPEN] SMT.NSI_PKG.KASANT_STATE_SAFETY_CUR
o_cur = [inout]

26.01 23:55:37:       Rows was return: 727

26.01 23:55:37: [WEB-01 - OPEN] SMT.NSI_PKG.TCHR_FULL_LIST_CUR
o_cur = [inout]

26.01 23:55:37:       Rows was return: 238

26.01 23:55:37: [WEB-01 - OPEN] SMT.NSI_PKG.TCHR_LIST_CUR
p_id_user = 266 [in], p_code_object = aIncident [in], o_cur = [inout]

26.01 23:55:38:       Rows was return: 236

26.01 23:55:38: [WEB-01 - OPEN] SMT.NSI_PKG.EQ_AGG_TYPE_CUR
o_cur = [inout]

26.01 23:55:38:       Rows was return: 101

26.01 23:55:58: [WEB-01 - EXEC] SMT_ADM_PKG.ASUT_USER_STAT
p_id_user = 266 [inout], p_type_s = Выход из ЕСМТ [in], p_id_session = 106578 [in], o_Err_Code = [inout], o_Err_Msg = [inout]

27.01 01:43:58: [WEB-01 - EXEC] SMT.SMT_ADM_PKG.AUTHUSR
p_login = SuslovAA [in], p_pwd = SAA33 [in], p_kod_firm = [inout], p_firm_name = [inout], p_dol_name = [inout], p_user_id = [inout], p_access_pred_id = [inout], p_access_level_name = [inout], p_id_session = [inout], o_Err_Code = [inout], o_Err_Msg = [inout]

27.01 01:43:58: [WEB-01 - OPEN] SMT.ASUT_PERMISSION_PKG.GET_USER_FUNCTIONS
o_cur = [inout], i_asut_user_id = 266 [in]

2: Log file rotated to 27_01_17_01_43_58.log
