12.12 11:53:39:       Rows was return: 307

12.12 11:53:39: [WEB-01 - OPEN] SMT.NSI_PKG.REASON_TREE_CUR
o_cur = [inout]

12.12 11:53:43:       Rows was return: 181

12.12 11:53:43: [WEB-01 - OPEN] SMT.NSI_PKG.NSI_UNIV_CUR
o_cur = [inout]

12.12 11:53:43:       Rows was return: 227

12.12 11:53:43: [WEB-01 - OPEN] SMT.NSI_PKG.TCH_FULL_LIST_CUR
o_cur = [inout]

12.12 11:53:43:       Rows was return: 1223

12.12 11:53:43: [WEB-01 - OPEN] SMT.SMT_NSI_PKG.SMT_NSI_DEPOT_PLAIN_CUR
p_road_kod = 0 [in], o_cur = [inout]

12.12 11:53:43:       Rows was return: 250

12.12 11:53:43: [WEB-01 - OPEN] SMT.NSI_PKG.NSI_STATION_CUR
o_cur = [inout]

12.12 11:53:44:       Rows was return: 15227

12.12 11:53:44: [WEB-01 - OPEN] SMT.NSI_PKG.NSI_PEREG_CUR
o_cur = [inout]

12.12 11:53:45:       Rows was return: 5919

12.12 11:53:45: [WEB-01 - OPEN] SMT.NSI_PKG.EQ_MFR_CUR
o_cur = [inout]

12.12 11:53:49:       Rows was return: 299

12.12 11:53:49: [WEB-01 - OPEN] SMT.SMT_REPORT_PKG.FIRM_TREE_CUR
p_id_user = 8458 [in], p_code_object = aIncident [in], o_cur = [inout]

12.12 11:53:49:       Rows was return: 243

12.12 11:53:49: [WEB-01 - OPEN] SMT.SMT_NSI_PKG.NSI_ENTER_DEPOT_REASON_CUR
o_cur = [inout]

12.12 11:53:49:       Rows was return: 21

12.12 11:53:49: [WEB-01 - OPEN] SMT.NSI_PKG.KASANT_STATE_SAFETY_CUR
o_cur = [inout]

12.12 11:53:49:       Rows was return: 727

12.12 11:53:49: [WEB-01 - OPEN] SMT.NSI_PKG.TCHR_FULL_LIST_CUR
o_cur = [inout]

12.12 11:53:49:       Rows was return: 231

12.12 11:53:49: [WEB-01 - OPEN] SMT.NSI_PKG.TCHR_LIST_CUR
p_id_user = 8458 [in], p_code_object = aIncident [in], o_cur = [inout]

12.12 11:53:49:       Rows was return: 228

12.12 11:53:50: [WEB-01 - OPEN] SMT.NSI_PKG.EQ_AGG_TYPE_CUR
o_cur = [inout]

12.12 11:53:50:       Rows was return: 101

12.12 11:53:57: [WEB-01 - OPEN] SMT.SMT_NSI_PKG.FTP_SETTINGS_CUR
o_cur = [inout]

12.12 11:53:57:       Rows was return: 1

12.12 11:53:57: [WEB-01 - OPEN] SMT.APP_NSI_PKG.FIRM_TREE_CUR
p_id_user = 8458 [in], p_code_object = aIncident [in], o_cur = [inout]

12.12 11:53:57:       Rows was return: 253

12.12 11:54:01: [WEB-01 - OPEN] SMT.SMT_NSI2_PKG.NSI_DOC_LIST_CUR
o_cur = [inout]

12.12 11:54:04:       Rows was return: 11

12.12 11:54:04: [WEB-01 - OPEN] SMT.NSI_PKG.LOC_SER_2_0_CUR
o_cur = [inout]

12.12 11:54:05:       Rows was return: 130

12.12 11:54:05: [WEB-01 - OPEN] SMT.SMT_NSI2_PKG.NOM_SER_LOC_CUR
o_cur = [inout], p_kod_ser = 0 [in]

12.12 11:54:05:       Rows was return: 1

12.12 11:54:05: [WEB-01 - EXEC] SMT_ADM_PKG.ASUT_USER_STAT
p_id_user = 8458 [inout], p_type_s = Вход. Инциденты. [in], p_id_session = 189668 [in], o_Err_Code = [inout], o_Err_Msg = [inout]

12.12 11:54:07: [WEB-01 - OPEN] SMT.INCIDENT2_PKG.INCIDENT_2_0_NLOC_SER_LIST_CUR
p_date_begin = 22.04.2019 [in], p_date_finish = 27.04.2019 [in], p_show_all = 1 [in], p_relation_type = 0 [in], p_access = 599003391 [in], p_kod_ser = 0 [in], p_nom_sec = -1 [in], p_nom_object = 0 [in], o_cur = [inout]

12.12 11:56:27:       Rows was return: 26

12.12 11:56:27: [WEB-01 - OPEN] SMT.INCIDENT2_PKG.INCIDENT_2_0_NLOC_SER_LIST_CUR
p_date_begin = 22.04.2019 [in], p_date_finish = 27.04.2019 [in], p_show_all = 1 [in], p_relation_type = 1 [in], p_access = 599003391 [in], p_kod_ser = 0 [in], p_nom_sec = -1 [in], p_nom_object = 0 [in], o_cur = [inout]

12.12 11:56:44:       Rows was return: 0

12.12 13:38:08: [WEB-01 - OPEN] SMT.SMT_NSI_PKG.ENABLE_TABSHEET_CUR
p_state_id = 10 [in], o_cur = [inout]

12.12 13:38:08:       Rows was return: 16

12.12 13:38:08: [WEB-01 - OPEN] SMT.SMT_NSI_PKG.SMT_NSI_STATES_CUR
o_cur = [inout], o_default = 10 [inout]

12.12 13:38:08:       Rows was return: 1

12.12 13:38:08: [WEB-01 - OPEN] SMT.SMT_NSI2_PKG.NSI_DOC_LIST_CUR
o_cur = [inout]

12.12 13:38:08:       Rows was return: 11

12.12 13:38:09: [WEB-01 - OPEN] SMT.INCIDENT_PKG.INCIDENT_2_0_RECORD_SHEET
p_sheet_id = 964219 [in], o_cur = [inout]

12.12 13:38:10:       Rows was return: 1

12.12 13:38:10: [WEB-01 - OPEN] SMT.INCIDENT_PKG.INCIDENT_RUNNING_CUR
p_sheet_id = 964219 [in], o_cur = [inout]

12.12 13:38:10:       Rows was return: 1

12.12 13:38:10: [WEB-01 - OPEN] SMT.INCIDENT_PKG.TEAM_EXECUTOR_CUR
p_sheet_id = 964219 [in], o_cur = [inout]

12.12 13:38:10:       Rows was return: 1

12.12 13:38:10: [WEB-01 - OPEN] SMT.INCIDENT_PKG.TEAM_LEADER_CUR
p_sheet_id = 964219 [in], p_sign = 0 [in], o_cur = [inout]

12.12 13:38:10:       Rows was return: 1

12.12 13:38:10: [WEB-01 - OPEN] SMT.INCIDENT_PKG.TEAM_LEADER_CUR
p_sheet_id = 964219 [in], p_sign = 1 [in], o_cur = [inout]

12.12 13:38:11:       Rows was return: 1

12.12 13:38:11: [WEB-01 - OPEN] SMT.INCIDENT_PKG.ATTACH_CUR
p_sheet_id = 964219 [in], o_cur = [inout]

12.12 13:38:11:       Rows was return: 1

12.12 13:38:11: [WEB-01 - OPEN] SMT.TEST_PKG.RELATED_INCIDENT_CHILD_CUR
p_parent_sheet_id = 964219 [in], o_cur = [inout]

12.12 13:38:11:       Rows was return: 0

12.12 13:38:11: [WEB-01 - OPEN] SMT.INCIDENT_PKG.PAUSE_CUR
p_sheet_id = 964219 [in], o_cur = [inout]

12.12 13:38:11:       Rows was return: 0

12.12 13:38:11: [WEB-01 - OPEN] SMT.INCIDENT_PKG.STORAGE_2_0_CUR
p_sheet_id = 964219 [in], o_cur = [inout]

12.12 13:38:11:       Rows was return: 0

12.12 13:38:11: [WEB-01 - OPEN] SMT.INCIDENT_PKG.ESCALATION_CUR
p_sheet_id = 964219 [in], o_cur = [inout]

12.12 13:38:11:       Rows was return: 0

12.12 13:38:11: [WEB-01 - OPEN] SMT.INCIDENT_PKG.ACTION_CUR
p_sheet_id = 964219 [in], o_cur = [inout]

12.12 13:38:11:       Rows was return: 1

12.12 13:38:11: [WEB-01 - OPEN] SMT.NSI_PKG.EQ_TREE_NEW_CUR
o_cur = [inout]

12.12 13:38:11:       Rows was return: 2748

12.12 13:38:11: SystemType: lvl = 1 : 11

12.12 13:38:11: [WEB-01 - OPEN] SMT.NSI_PKG.NSI_SOLUTION_TYPE_TREE
o_cur = [inout]

12.12 13:38:11:       Rows was return: 5

12.12 13:38:11: [WEB-01 - OPEN] SMT.INCIDENT_PKG.EQ_NEW_CLASSIF_CUR
p_sheet_id = 964219 [in], o_cur = [inout]

12.12 13:38:11:       Rows was return: 1

12.12 13:38:11: System: parent_class_id = 974 AND lvl = 2 : 128

12.12 13:38:11: Unit: parent_class_id = 1560 AND lvl = 3 : 9

12.12 13:38:11: Detail: parent_class_id = 1564 AND lvl = 4 : 0

12.12 13:38:11: [WEB-01 - OPEN] SMT.INCIDENT2_PKG.UNPLANNED_REPAIR_CUR
p_sheet_id = 964219 [in], o_cur = [inout]

12.12 13:38:11:       Rows was return: 0

18.12 11:23:59: [WEB-01 - EXEC] SMT_ADM_PKG.ASUT_USER_STAT
p_id_user = 8458 [inout], p_type_s = Выход из ЕСМТ [in], p_id_session = 189668 [in], o_Err_Code = [inout], o_Err_Msg = [inout]

18.12 11:24:00: [WEB-01 - EXEC] SMT_ADM_PKG.ASUT_USER_STAT
p_id_user = 8458 [inout], p_type_s = Выход. Инциденты. [in], p_id_session = 189668 [in], o_Err_Code = [inout], o_Err_Msg = [inout]

18.12 11:24:11: [WEB-01 - EXEC] SMT.SMT_ADM_PKG.AUTHUSR
p_login = SuslovAA [in], p_pwd = VIAR1927 [in], p_kod_firm = [inout], p_firm_name = [inout], p_dol_name = [inout], p_user_id = [inout], p_access_pred_id = [inout], p_access_level_name = [inout], p_id_session = [inout], o_Err_Code = [inout], o_Err_Msg = [inout]

18.12 11:24:11: [WEB-01 - OPEN] SMT.ASUT_PERMISSION_PKG.GET_USER_FUNCTIONS
o_cur = [inout], i_asut_user_id = 8458 [in]

18.12 11:24:11:       Rows was return: 30

18.12 11:24:11: [WEB-01 - OPEN] SMT.U_USERS_ADMIN.U_USER_ADMIN_CUR
o_cur = [inout], p_user_id = 8458 [in]

18.12 11:24:11:       Rows was return: 42

18.12 11:24:11: [WEB-01 - OPEN] SMT.SMT_NSI_PKG.SMT_NSI_RESPONSIBLE_DPT_CUR
o_cur = [inout], o_default = 0 [inout]

18.12 11:24:12:       Rows was return: 308

18.12 11:24:12: [WEB-01 - OPEN] SMT.NSI_PKG.REASON_TREE_CUR
o_cur = [inout]

18.12 11:24:12:       Rows was return: 181

18.12 11:24:12: [WEB-01 - OPEN] SMT.NSI_PKG.NSI_UNIV_CUR
o_cur = [inout]

18.12 11:24:12:       Rows was return: 227

18.12 11:24:12: [WEB-01 - OPEN] SMT.NSI_PKG.TCH_FULL_LIST_CUR
o_cur = [inout]

18.12 11:24:12:       Rows was return: 1223

18.12 11:24:12: [WEB-01 - OPEN] SMT.SMT_NSI_PKG.SMT_NSI_DEPOT_PLAIN_CUR
p_road_kod = 0 [in], o_cur = [inout]

18.12 11:24:16:       Rows was return: 250

18.12 11:24:16: [WEB-01 - OPEN] SMT.NSI_PKG.NSI_STATION_CUR
o_cur = [inout]

18.12 11:24:17:       Rows was return: 15227

18.12 11:24:17: [WEB-01 - OPEN] SMT.NSI_PKG.NSI_PEREG_CUR
o_cur = [inout]

18.12 11:24:18:       Rows was return: 5919

18.12 11:24:18: [WEB-01 - OPEN] SMT.NSI_PKG.EQ_MFR_CUR
o_cur = [inout]

18.12 11:24:18:       Rows was return: 299

18.12 11:24:18: [WEB-01 - OPEN] SMT.SMT_REPORT_PKG.FIRM_TREE_CUR
p_id_user = 8458 [in], p_code_object = aIncident [in], o_cur = [inout]

18.12 11:24:18:       Rows was return: 243

18.12 11:24:18: [WEB-01 - OPEN] SMT.SMT_NSI_PKG.NSI_ENTER_DEPOT_REASON_CUR
o_cur = [inout]

18.12 11:24:18:       Rows was return: 21

18.12 11:24:18: [WEB-01 - OPEN] SMT.NSI_PKG.KASANT_STATE_SAFETY_CUR
o_cur = [inout]

18.12 11:24:18:       Rows was return: 727

18.12 11:24:18: [WEB-01 - OPEN] SMT.NSI_PKG.TCHR_FULL_LIST_CUR
o_cur = [inout]

18.12 11:24:18:       Rows was return: 231

18.12 11:24:18: [WEB-01 - OPEN] SMT.NSI_PKG.TCHR_LIST_CUR
p_id_user = 8458 [in], p_code_object = aIncident [in], o_cur = [inout]

18.12 11:24:18:       Rows was return: 228

18.12 11:24:18: [WEB-01 - OPEN] SMT.NSI_PKG.EQ_AGG_TYPE_CUR
o_cur = [inout]

18.12 11:24:18:       Rows was return: 101

18.12 11:25:02: [WEB-01 - OPEN] SMT.SMT_NSI_PKG.FTP_SETTINGS_CUR
o_cur = [inout]

18.12 11:25:07:       Rows was return: 1

18.12 11:25:07: [WEB-01 - OPEN] SMT.APP_NSI_PKG.FIRM_TREE_CUR
p_id_user = 8458 [in], p_code_object = aIncident [in], o_cur = [inout]

18.12 11:25:07:       Rows was return: 252

18.12 11:25:11: [WEB-01 - OPEN] SMT.SMT_NSI2_PKG.NSI_DOC_LIST_CUR
o_cur = [inout]

18.12 11:25:11:       Rows was return: 11

18.12 11:25:11: [WEB-01 - OPEN] SMT.NSI_PKG.LOC_SER_2_0_CUR
o_cur = [inout]

18.12 11:25:11:       Rows was return: 130

18.12 11:25:11: [WEB-01 - OPEN] SMT.SMT_NSI2_PKG.NOM_SER_LOC_CUR
o_cur = [inout], p_kod_ser = 0 [in]

18.12 11:25:11:       Rows was return: 1

18.12 11:25:12: [WEB-01 - EXEC] SMT_ADM_PKG.ASUT_USER_STAT
p_id_user = 8458 [inout], p_type_s = Вход. Инциденты. [in], p_id_session = 190004 [in], o_Err_Code = [inout], o_Err_Msg = [inout]

18.12 11:35:32: [WEB-01 - OPEN] SMT.INCIDENT2_PKG.INCIDENT_2_0_NLOC_SER_LIST_CUR
p_date_begin = 27.11.2019 [in], p_date_finish = 30.11.2019 [in], p_show_all = 1 [in], p_relation_type = 0 [in], p_access = 599003178 [in], p_kod_ser = 0 [in], p_nom_sec = -1 [in], p_nom_object = 0 [in], o_cur = [inout]

18.12 11:35:59:       Rows was return: 11

18.12 11:35:59: [WEB-01 - OPEN] SMT.INCIDENT2_PKG.INCIDENT_2_0_NLOC_SER_LIST_CUR
p_date_begin = 27.11.2019 [in], p_date_finish = 30.11.2019 [in], p_show_all = 1 [in], p_relation_type = 1 [in], p_access = 599003178 [in], p_kod_ser = 0 [in], p_nom_sec = -1 [in], p_nom_object = 0 [in], o_cur = [inout]

18.12 11:36:27:       Rows was return: 0

18.12 11:36:30: [WEB-01 - OPEN] SMT.SMT_NSI_PKG.ENABLE_TABSHEET_CUR
p_state_id = 10 [in], o_cur = [inout]

18.12 11:36:31:       Rows was return: 16

18.12 11:36:31: [WEB-01 - OPEN] SMT.SMT_NSI_PKG.SMT_NSI_STATES_CUR
o_cur = [inout], o_default = 10 [inout]

18.12 11:36:31:       Rows was return: 1

18.12 11:36:31: [WEB-01 - OPEN] SMT.SMT_NSI2_PKG.NSI_DOC_LIST_CUR
o_cur = [inout]

18.12 11:36:31:       Rows was return: 11

18.12 11:36:32: [WEB-01 - OPEN] SMT.INCIDENT_PKG.INCIDENT_2_0_RECORD_SHEET
p_sheet_id = 1032800 [in], o_cur = [inout]

18.12 11:36:32:       Rows was return: 1

18.12 11:36:33: [WEB-01 - OPEN] SMT.INCIDENT_PKG.INCIDENT_RUNNING_CUR
p_sheet_id = 1032800 [in], o_cur = [inout]

18.12 11:36:33:       Rows was return: 1

18.12 11:36:33: [WEB-01 - OPEN] SMT.INCIDENT_PKG.TEAM_EXECUTOR_CUR
p_sheet_id = 1032800 [in], o_cur = [inout]

18.12 11:36:33:       Rows was return: 1

18.12 11:36:33: [WEB-01 - OPEN] SMT.INCIDENT_PKG.TEAM_LEADER_CUR
p_sheet_id = 1032800 [in], p_sign = 0 [in], o_cur = [inout]

18.12 11:36:33:       Rows was return: 1

18.12 11:36:33: [WEB-01 - OPEN] SMT.INCIDENT_PKG.TEAM_LEADER_CUR
p_sheet_id = 1032800 [in], p_sign = 1 [in], o_cur = [inout]

18.12 11:36:33:       Rows was return: 1

18.12 11:36:33: [WEB-01 - OPEN] SMT.INCIDENT_PKG.ATTACH_CUR
p_sheet_id = 1032800 [in], o_cur = [inout]

18.12 11:36:33:       Rows was return: 1

18.12 11:36:33: [WEB-01 - OPEN] SMT.TEST_PKG.RELATED_INCIDENT_CHILD_CUR
p_parent_sheet_id = 1032800 [in], o_cur = [inout]

18.12 11:36:33:       Rows was return: 0

18.12 11:36:33: [WEB-01 - OPEN] SMT.INCIDENT_PKG.PAUSE_CUR
p_sheet_id = 1032800 [in], o_cur = [inout]

18.12 11:36:33:       Rows was return: 0

18.12 11:36:33: [WEB-01 - OPEN] SMT.INCIDENT_PKG.STORAGE_2_0_CUR
p_sheet_id = 1032800 [in], o_cur = [inout]

18.12 11:36:33:       Rows was return: 0

18.12 11:36:33: [WEB-01 - OPEN] SMT.INCIDENT_PKG.ESCALATION_CUR
p_sheet_id = 1032800 [in], o_cur = [inout]

18.12 11:36:33:       Rows was return: 0

18.12 11:36:33: [WEB-01 - OPEN] SMT.INCIDENT_PKG.ACTION_CUR
p_sheet_id = 1032800 [in], o_cur = [inout]

18.12 11:36:33:       Rows was return: 0

18.12 11:36:33: [WEB-01 - OPEN] SMT.NSI_PKG.EQ_TREE_NEW_CUR
o_cur = [inout]

18.12 11:36:34:       Rows was return: 2748

18.12 11:36:34: SystemType: lvl = 1 : 11

18.12 11:36:34: [WEB-01 - OPEN] SMT.NSI_PKG.NSI_SOLUTION_TYPE_TREE
o_cur = [inout]

18.12 11:36:34:       Rows was return: 5

18.12 11:36:34: [WEB-01 - OPEN] SMT.INCIDENT_PKG.EQ_NEW_CLASSIF_CUR
p_sheet_id = 1032800 [in], o_cur = [inout]

18.12 11:36:34:       Rows was return: 1

18.12 11:36:34: System: parent_class_id = 824 AND lvl = 2 : 10

18.12 11:36:34: Unit: parent_class_id = 959 AND lvl = 3 : 6

18.12 11:36:34: Detail: parent_class_id = 961 AND lvl = 4 : 0

18.12 11:36:34: [WEB-01 - OPEN] SMT.INCIDENT2_PKG.UNPLANNED_REPAIR_CUR
p_sheet_id = 1032800 [in], o_cur = [inout]

18.12 11:36:34:       Rows was return: 0

18.12 11:39:53: [WEB-01 - OPEN] SMT.SMT_NSI_PKG.ENABLE_TABSHEET_CUR
p_state_id = 10 [in], o_cur = [inout]

18.12 11:39:53:       Rows was return: 16

18.12 11:39:53: [WEB-01 - OPEN] SMT.SMT_NSI_PKG.SMT_NSI_STATES_CUR
o_cur = [inout], o_default = 10 [inout]

18.12 11:39:53:       Rows was return: 1

18.12 11:39:53: [WEB-01 - OPEN] SMT.SMT_NSI2_PKG.NSI_DOC_LIST_CUR
o_cur = [inout]

18.12 11:39:53:       Rows was return: 11

18.12 11:39:54: [WEB-01 - OPEN] SMT.INCIDENT_PKG.INCIDENT_2_0_RECORD_SHEET
p_sheet_id = 1032312 [in], o_cur = [inout]

18.12 11:39:55:       Rows was return: 1

18.12 11:39:55: [WEB-01 - OPEN] SMT.INCIDENT_PKG.INCIDENT_RUNNING_CUR
p_sheet_id = 1032312 [in], o_cur = [inout]

18.12 11:39:55:       Rows was return: 1

18.12 11:39:55: [WEB-01 - OPEN] SMT.INCIDENT_PKG.TEAM_EXECUTOR_CUR
p_sheet_id = 1032312 [in], o_cur = [inout]

18.12 11:39:56:       Rows was return: 1

18.12 11:39:56: [WEB-01 - OPEN] SMT.INCIDENT_PKG.TEAM_LEADER_CUR
p_sheet_id = 1032312 [in], p_sign = 0 [in], o_cur = [inout]

18.12 11:39:56:       Rows was return: 1

18.12 11:39:56: [WEB-01 - OPEN] SMT.INCIDENT_PKG.TEAM_LEADER_CUR
p_sheet_id = 1032312 [in], p_sign = 1 [in], o_cur = [inout]

18.12 11:39:56:       Rows was return: 1

18.12 11:39:56: [WEB-01 - OPEN] SMT.INCIDENT_PKG.ATTACH_CUR
p_sheet_id = 1032312 [in], o_cur = [inout]

18.12 11:39:56:       Rows was return: 1

18.12 11:39:56: [WEB-01 - OPEN] SMT.TEST_PKG.RELATED_INCIDENT_CHILD_CUR
p_parent_sheet_id = 1032312 [in], o_cur = [inout]

18.12 11:39:56:       Rows was return: 0

18.12 11:39:56: [WEB-01 - OPEN] SMT.INCIDENT_PKG.PAUSE_CUR
p_sheet_id = 1032312 [in], o_cur = [inout]

18.12 11:39:56:       Rows was return: 0

18.12 11:39:56: [WEB-01 - OPEN] SMT.INCIDENT_PKG.STORAGE_2_0_CUR
p_sheet_id = 1032312 [in], o_cur = [inout]

18.12 11:39:56:       Rows was return: 0

18.12 11:39:56: [WEB-01 - OPEN] SMT.INCIDENT_PKG.ESCALATION_CUR
p_sheet_id = 1032312 [in], o_cur = [inout]

18.12 11:39:56:       Rows was return: 0

18.12 11:39:56: [WEB-01 - OPEN] SMT.INCIDENT_PKG.ACTION_CUR
p_sheet_id = 1032312 [in], o_cur = [inout]

18.12 11:39:56:       Rows was return: 0

18.12 11:39:56: [WEB-01 - OPEN] SMT.NSI_PKG.EQ_TREE_NEW_CUR
o_cur = [inout]

18.12 11:39:56:       Rows was return: 2748

18.12 11:39:56: SystemType: lvl = 1 : 11

18.12 11:39:56: [WEB-01 - OPEN] SMT.NSI_PKG.NSI_SOLUTION_TYPE_TREE
o_cur = [inout]

18.12 11:39:56:       Rows was return: 5

18.12 11:39:56: [WEB-01 - OPEN] SMT.INCIDENT_PKG.EQ_NEW_CLASSIF_CUR
p_sheet_id = 1032312 [in], o_cur = [inout]

18.12 11:39:57:       Rows was return: 1

18.12 11:39:57: System: parent_class_id = 161 AND lvl = 2 : 53

18.12 11:39:57: Unit: parent_class_id = 486 AND lvl = 3 : 2

18.12 11:39:57: Detail: parent_class_id = 487 AND lvl = 4 : 0

18.12 11:39:57: [WEB-01 - OPEN] SMT.INCIDENT2_PKG.UNPLANNED_REPAIR_CUR
p_sheet_id = 1032312 [in], o_cur = [inout]

18.12 11:39:57:       Rows was return: 0

18.12 11:41:16: [WEB-01 - EXEC] SMT_ADM_PKG.ASUT_USER_STAT
p_id_user = 8458 [inout], p_type_s = Выход из ЕСМТ [in], p_id_session = 190004 [in], o_Err_Code = [inout], o_Err_Msg = [inout]

18.12 11:41:16: [WEB-01 - EXEC] SMT_ADM_PKG.ASUT_USER_STAT
p_id_user = 8458 [inout], p_type_s = Выход. Инциденты. [in], p_id_session = 190004 [in], o_Err_Code = [inout], o_Err_Msg = [inout]

18.12 11:41:27: [WEB-01 - EXEC] SMT.SMT_ADM_PKG.AUTHUSR
p_login = SuslovAA [in], p_pwd = VIAR1927 [in], p_kod_firm = [inout], p_firm_name = [inout], p_dol_name = [inout], p_user_id = [inout], p_access_pred_id = [inout], p_access_level_name = [inout], p_id_session = [inout], o_Err_Code = [inout], o_Err_Msg = [inout]

18.12 11:41:27: [WEB-01 - OPEN] SMT.ASUT_PERMISSION_PKG.GET_USER_FUNCTIONS
o_cur = [inout], i_asut_user_id = 8458 [in]

18.12 11:41:27:       Rows was return: 30

18.12 11:41:27: [WEB-01 - OPEN] SMT.U_USERS_ADMIN.U_USER_ADMIN_CUR
o_cur = [inout], p_user_id = 8458 [in]

18.12 11:41:27:       Rows was return: 42

18.12 11:41:27: [WEB-01 - OPEN] SMT.SMT_NSI_PKG.SMT_NSI_RESPONSIBLE_DPT_CUR
o_cur = [inout], o_default = 0 [inout]

18.12 11:41:27:       Rows was return: 308

18.12 11:41:27: [WEB-01 - OPEN] SMT.NSI_PKG.REASON_TREE_CUR
o_cur = [inout]

18.12 11:41:27:       Rows was return: 181

18.12 11:41:27: [WEB-01 - OPEN] SMT.NSI_PKG.NSI_UNIV_CUR
o_cur = [inout]

18.12 11:41:27:       Rows was return: 227

18.12 11:41:28: [WEB-01 - OPEN] SMT.NSI_PKG.TCH_FULL_LIST_CUR
o_cur = [inout]

18.12 11:41:31:       Rows was return: 1223

18.12 11:41:31: [WEB-01 - OPEN] SMT.SMT_NSI_PKG.SMT_NSI_DEPOT_PLAIN_CUR
p_road_kod = 0 [in], o_cur = [inout]

18.12 11:41:37:       Rows was return: 250

18.12 11:41:37: [WEB-01 - OPEN] SMT.NSI_PKG.NSI_STATION_CUR
o_cur = [inout]

18.12 11:41:38:       Rows was return: 15227

18.12 11:41:38: [WEB-01 - OPEN] SMT.NSI_PKG.NSI_PEREG_CUR
o_cur = [inout]

18.12 11:41:39:       Rows was return: 5919

18.12 11:41:39: [WEB-01 - OPEN] SMT.NSI_PKG.EQ_MFR_CUR
o_cur = [inout]

18.12 11:41:39:       Rows was return: 299

18.12 11:41:39: [WEB-01 - OPEN] SMT.SMT_REPORT_PKG.FIRM_TREE_CUR
p_id_user = 8458 [in], p_code_object = aIncident [in], o_cur = [inout]

18.12 11:41:39:       Rows was return: 244

18.12 11:41:39: [WEB-01 - OPEN] SMT.SMT_NSI_PKG.NSI_ENTER_DEPOT_REASON_CUR
o_cur = [inout]

18.12 11:41:39:       Rows was return: 21

18.12 11:41:39: [WEB-01 - OPEN] SMT.NSI_PKG.KASANT_STATE_SAFETY_CUR
o_cur = [inout]

18.12 11:41:39:       Rows was return: 727

18.12 11:41:39: [WEB-01 - OPEN] SMT.NSI_PKG.TCHR_FULL_LIST_CUR
o_cur = [inout]

18.12 11:41:39:       Rows was return: 231

18.12 11:41:39: [WEB-01 - OPEN] SMT.NSI_PKG.TCHR_LIST_CUR
p_id_user = 8458 [in], p_code_object = aIncident [in], o_cur = [inout]

18.12 11:41:39:       Rows was return: 229

18.12 11:41:39: [WEB-01 - OPEN] SMT.NSI_PKG.EQ_AGG_TYPE_CUR
o_cur = [inout]

18.12 11:41:39:       Rows was return: 101

18.12 11:41:42: [WEB-01 - OPEN] SMT.SMT_NSI_PKG.FTP_SETTINGS_CUR
o_cur = [inout]

18.12 11:41:42:       Rows was return: 1

18.12 11:41:42: [WEB-01 - OPEN] SMT.APP_NSI_PKG.FIRM_TREE_CUR
p_id_user = 8458 [in], p_code_object = aIncident [in], o_cur = [inout]

18.12 11:41:42:       Rows was return: 252

18.12 11:41:45: [WEB-01 - OPEN] SMT.SMT_NSI2_PKG.NSI_DOC_LIST_CUR
o_cur = [inout]

18.12 11:41:45:       Rows was return: 11

18.12 11:41:45: [WEB-01 - OPEN] SMT.NSI_PKG.LOC_SER_2_0_CUR
o_cur = [inout]

18.12 11:41:45:       Rows was return: 130

18.12 11:41:45: [WEB-01 - OPEN] SMT.SMT_NSI2_PKG.NOM_SER_LOC_CUR
o_cur = [inout], p_kod_ser = 0 [in]

18.12 11:41:45:       Rows was return: 1

18.12 11:41:45: [WEB-01 - EXEC] SMT_ADM_PKG.ASUT_USER_STAT
p_id_user = 8458 [inout], p_type_s = Вход. Инциденты. [in], p_id_session = 190005 [in], o_Err_Code = [inout], o_Err_Msg = [inout]

18.12 11:41:48: [WEB-01 - OPEN] SMT.INCIDENT2_PKG.INCIDENT_2_0_NLOC_SER_LIST_CUR
p_date_begin = 27.11.2019 [in], p_date_finish = 30.11.2019 [in], p_show_all = 1 [in], p_relation_type = 0 [in], p_access = 599003178 [in], p_kod_ser = 0 [in], p_nom_sec = -1 [in], p_nom_object = 0 [in], o_cur = [inout]

18.12 11:42:19:       Rows was return: 11

18.12 11:42:19: [WEB-01 - OPEN] SMT.INCIDENT2_PKG.INCIDENT_2_0_NLOC_SER_LIST_CUR
p_date_begin = 27.11.2019 [in], p_date_finish = 30.11.2019 [in], p_show_all = 1 [in], p_relation_type = 1 [in], p_access = 599003178 [in], p_kod_ser = 0 [in], p_nom_sec = -1 [in], p_nom_object = 0 [in], o_cur = [inout]

18.12 11:42:45:       Rows was return: 0

18.12 11:43:15: [WEB-01 - OPEN] SMT.SMT_NSI_PKG.ENABLE_TABSHEET_CUR
p_state_id = 10 [in], o_cur = [inout]

18.12 11:43:15:       Rows was return: 16

18.12 11:43:15: [WEB-01 - OPEN] SMT.SMT_NSI_PKG.SMT_NSI_STATES_CUR
o_cur = [inout], o_default = 10 [inout]

18.12 11:43:15:       Rows was return: 1

18.12 11:43:15: [WEB-01 - OPEN] SMT.SMT_NSI2_PKG.NSI_DOC_LIST_CUR
o_cur = [inout]

18.12 11:43:15:       Rows was return: 11

18.12 11:43:16: [WEB-01 - OPEN] SMT.INCIDENT_PKG.INCIDENT_2_0_RECORD_SHEET
p_sheet_id = 1032312 [in], o_cur = [inout]

18.12 11:43:16:       Rows was return: 1

18.12 11:43:17: [WEB-01 - OPEN] SMT.INCIDENT_PKG.INCIDENT_RUNNING_CUR
p_sheet_id = 1032312 [in], o_cur = [inout]

18.12 11:43:17:       Rows was return: 1

18.12 11:43:17: [WEB-01 - OPEN] SMT.INCIDENT_PKG.TEAM_EXECUTOR_CUR
p_sheet_id = 1032312 [in], o_cur = [inout]

18.12 11:43:17:       Rows was return: 1

18.12 11:43:17: [WEB-01 - OPEN] SMT.INCIDENT_PKG.TEAM_LEADER_CUR
p_sheet_id = 1032312 [in], p_sign = 0 [in], o_cur = [inout]

18.12 11:43:17:       Rows was return: 1

18.12 11:43:17: [WEB-01 - OPEN] SMT.INCIDENT_PKG.TEAM_LEADER_CUR
p_sheet_id = 1032312 [in], p_sign = 1 [in], o_cur = [inout]

18.12 11:43:17:       Rows was return: 1

18.12 11:43:17: [WEB-01 - OPEN] SMT.INCIDENT_PKG.ATTACH_CUR
p_sheet_id = 1032312 [in], o_cur = [inout]

18.12 11:43:17:       Rows was return: 1

18.12 11:43:17: [WEB-01 - OPEN] SMT.TEST_PKG.RELATED_INCIDENT_CHILD_CUR
p_parent_sheet_id = 1032312 [in], o_cur = [inout]

18.12 11:43:17:       Rows was return: 0

18.12 11:43:17: [WEB-01 - OPEN] SMT.INCIDENT_PKG.PAUSE_CUR
p_sheet_id = 1032312 [in], o_cur = [inout]

18.12 11:43:18:       Rows was return: 0

18.12 11:43:18: [WEB-01 - OPEN] SMT.INCIDENT_PKG.STORAGE_2_0_CUR
p_sheet_id = 1032312 [in], o_cur = [inout]

18.12 11:43:18:       Rows was return: 0

18.12 11:43:18: [WEB-01 - OPEN] SMT.INCIDENT_PKG.ESCALATION_CUR
p_sheet_id = 1032312 [in], o_cur = [inout]

18.12 11:43:18:       Rows was return: 0

18.12 11:43:18: [WEB-01 - OPEN] SMT.INCIDENT_PKG.ACTION_CUR
p_sheet_id = 1032312 [in], o_cur = [inout]

18.12 11:43:18:       Rows was return: 0

18.12 11:43:18: [WEB-01 - OPEN] SMT.NSI_PKG.EQ_TREE_NEW_CUR
o_cur = [inout]

18.12 11:43:18:       Rows was return: 2748

18.12 11:43:18: SystemType: lvl = 1 : 11

18.12 11:43:18: [WEB-01 - OPEN] SMT.NSI_PKG.NSI_SOLUTION_TYPE_TREE
o_cur = [inout]

18.12 11:43:22:       Rows was return: 5

18.12 11:43:22: [WEB-01 - OPEN] SMT.INCIDENT_PKG.EQ_NEW_CLASSIF_CUR
p_sheet_id = 1032312 [in], o_cur = [inout]

18.12 11:43:22:       Rows was return: 1

18.12 11:43:22: System: parent_class_id = 161 AND lvl = 2 : 53

18.12 11:43:22: Unit: parent_class_id = 486 AND lvl = 3 : 2

18.12 11:43:22: Detail: parent_class_id = 487 AND lvl = 4 : 0

18.12 11:43:22: [WEB-01 - OPEN] SMT.INCIDENT2_PKG.UNPLANNED_REPAIR_CUR
p_sheet_id = 1032312 [in], o_cur = [inout]

18.12 11:43:22:       Rows was return: 0

05.02 17:15:46: [WEB-01 - OPEN] SMT.SMT_NSI_PKG.ENABLE_TABSHEET_CUR
p_state_id = 3 [in], o_cur = [inout]

05.02 17:15:47:       Rows was return: 5

05.02 17:15:47: [WEB-01 - OPEN] SMT.SMT_NSI_PKG.SMT_NSI_STATES_CUR
o_cur = [inout], o_default = 3 [inout]

05.02 17:15:47:       Rows was return: 3

05.02 17:15:47: [WEB-01 - OPEN] SMT.SMT_NSI2_PKG.NSI_DOC_LIST_CUR
o_cur = [inout]

05.02 17:15:47:       Rows was return: 11

05.02 17:15:48: [WEB-01 - OPEN] SMT.INCIDENT_PKG.INCIDENT_2_0_RECORD_SHEET
p_sheet_id = 0 [in], o_cur = [inout]

05.02 17:15:48:       Rows was return: 0

05.02 17:15:49: [WEB-01 - OPEN] SMT.INCIDENT_PKG.INCIDENT_RUNNING_CUR
p_sheet_id = 0 [in], o_cur = [inout]

05.02 17:15:51:       Rows was return: 0

05.02 17:15:51: [WEB-01 - OPEN] SMT.INCIDENT_PKG.ATTACH_CUR
p_sheet_id = 0 [in], o_cur = [inout]

05.02 17:15:52:       Rows was return: 0

05.02 17:15:52: [WEB-01 - OPEN] SMT.TEST_PKG.RELATED_INCIDENT_CHILD_CUR
p_parent_sheet_id = 0 [in], o_cur = [inout]

05.02 17:15:52:       Rows was return: 0

05.02 17:15:52: [WEB-01 - OPEN] SMT.INCIDENT_PKG.PAUSE_CUR
p_sheet_id = 0 [in], o_cur = [inout]

05.02 17:15:52:       Rows was return: 0

05.02 17:15:52: [WEB-01 - OPEN] SMT.INCIDENT_PKG.STORAGE_2_0_CUR
p_sheet_id = 0 [in], o_cur = [inout]

05.02 17:15:52:       Rows was return: 0

05.02 17:15:52: [WEB-01 - OPEN] SMT.INCIDENT_PKG.ESCALATION_CUR
p_sheet_id = 0 [in], o_cur = [inout]

05.02 17:15:52:       Rows was return: 0

05.02 17:15:52: [WEB-01 - OPEN] SMT.INCIDENT_PKG.ACTION_CUR
p_sheet_id = 0 [in], o_cur = [inout]

05.02 17:15:52:       Rows was return: 0

05.02 17:15:52: [WEB-01 - OPEN] SMT.NSI_PKG.EQ_TREE_NEW_CUR
o_cur = [inout]

05.02 17:15:52:       Rows was return: 2748

05.02 17:15:52: SystemType: lvl = 1 : 11

05.02 17:15:52: [WEB-01 - OPEN] SMT.NSI_PKG.NSI_SOLUTION_TYPE_TREE
o_cur = [inout]

05.02 17:15:57:       Rows was return: 5

05.02 17:15:57: [WEB-01 - OPEN] SMT.INCIDENT_PKG.EQ_NEW_CLASSIF_CUR
p_sheet_id = 0 [in], o_cur = [inout]

05.02 17:15:58:       Rows was return: 0

05.02 17:15:58: System: parent_class_id = 0 AND lvl = 2 : 36

05.02 17:15:58: Unit: parent_class_id = 2965 AND lvl = 3 : 0

05.02 17:15:58: Detail: parent_class_id = 0 AND lvl = 4 : 64

05.02 17:16:38: [WEB-01 - OPEN] SMT.LOC_PARK_PKG.SEARCH_LOC_2_0_CUR
p_num_tpe = 12 [in], p_kod_ser = 0 [in], o_cur = [inout]

05.02 17:16:40:       Rows was return: 56

05.02 17:17:45: [WEB-01 - OPEN] SMT_PKG.TRAIN_SOST_CUR_2_0
p_kod_ser_asoup = 697 [in], p_nom_tpe = 12 [in], p_idx = 1 [in], p_date = 05.02.2020 17:15:47 [in], o_cur = [inout]

05.02 17:17:45:       Rows was return: 1

05.02 17:18:57: [WEB-01 - EXEC] SMT.INCIDENT_PKG.INCIDENT_2_0_IU
o_sheet_id = 0 [inout], o_sheet_no = [inout], p_id_object = 6970001200 [in], p_kod_ser = 697 [in], p_nom_loc = 12 [in], p_nom_sec = 1 [in], p_nom_tpe = 0012A/0012Б/0012B [in], p_n_sec = 1 [in], p_kod_depo = 6064 [in], p_kod_filial = 599003561 [in], p_kod_department = 599003196 [in], p_repair_base_firm_id = 8962 [in], p_owner_kod_filial = 599003313 [in], p_owner_kod_department = 599003361 [in], p_owner_tchr_id = 13310 [in], p_state_id = 3 [in], p_close_reason_id = 0 [in], p_source_type_id = 33 [in], p_source_info_id = 6064 [in], p_criticality_id = 13 [in], p_category_id = 83 [in], p_enter_depot_reason_id = 91 [in], p_date_fail = 05.02.2020 17:15:47 [in], p_date_diagnost_msg = 05.02.2020 17:15:47 [in], p_incident_descr = [in], p_incident_descr_e = тест [in], p_fail_type_place = 45 [in], p_fail_place_id = 6064 [in], p_kasant_idx_id = 258 [in], p_kasant_traffic_safety_id = 0 [in], p_kasant_state_id = 0 [in], p_kasant_delay_time = 0:00:00 [in], p_kasant_cnt_pass = 0 [in], p_kasant_cnt_cargo = 0 [in], p_kasant_fail_categ = 0 [in], p_change_user_id = 8458 [in], p_create_mode = 1 [in], o_Err_Code = [inout], o_Err_Msg = [inout]

05.02 17:19:12: ShowAppException: < URS-10 > : Ошибка сохранения Инцидента.
< URS-14 > : СОХРАНЕНИЕ ЛРИ: <IC-022>: Неверный код серии локомотива. [697]

05.02 17:19:12: ShowAppException TDMMain: < URS-10 > : Ошибка сохранения Инцидента.
< URS-14 > : СОХРАНЕНИЕ ЛРИ: <IC-022>: Неверный код серии локомотива. [697]

05.02 17:27:21: [WEB-01 - EXEC] SMT.SMT_ADM_PKG.AUTHUSR
p_login = SuslovAA [in], p_pwd = VIAR1927 [in], p_kod_firm = [inout], p_firm_name = [inout], p_dol_name = [inout], p_user_id = [inout], p_access_pred_id = [inout], p_access_level_name = [inout], p_id_session = [inout], o_Err_Code = [inout], o_Err_Msg = [inout]

05.02 17:27:21: [WEB-01 - OPEN] SMT.ASUT_PERMISSION_PKG.GET_USER_FUNCTIONS
o_cur = [inout], i_asut_user_id = 8458 [in]

05.02 17:27:21:       Rows was return: 30

05.02 17:27:21: [WEB-01 - OPEN] SMT.U_USERS_ADMIN.U_USER_ADMIN_CUR
o_cur = [inout], p_user_id = 8458 [in]

05.02 17:27:21:       Rows was return: 42

05.02 17:27:21: [WEB-01 - OPEN] SMT.SMT_NSI_PKG.SMT_NSI_RESPONSIBLE_DPT_CUR
o_cur = [inout], o_default = 0 [inout]

05.02 17:27:22:       Rows was return: 308

05.02 17:27:22: [WEB-01 - OPEN] SMT.NSI_PKG.REASON_TREE_CUR
o_cur = [inout]

05.02 17:27:22:       Rows was return: 181

05.02 17:27:22: [WEB-01 - OPEN] SMT.NSI_PKG.NSI_UNIV_CUR
o_cur = [inout]

05.02 17:27:22:       Rows was return: 227

05.02 17:27:22: [WEB-01 - OPEN] SMT.NSI_PKG.TCH_FULL_LIST_CUR
o_cur = [inout]

05.02 17:27:22:       Rows was return: 1223

05.02 17:27:22: [WEB-01 - OPEN] SMT.SMT_NSI_PKG.SMT_NSI_DEPOT_PLAIN_CUR
p_road_kod = 0 [in], o_cur = [inout]

05.02 17:27:26:       Rows was return: 250

05.02 17:27:26: [WEB-01 - OPEN] SMT.NSI_PKG.NSI_STATION_CUR
o_cur = [inout]

05.02 17:27:26:       Rows was return: 15227

05.02 17:27:26: [WEB-01 - OPEN] SMT.NSI_PKG.NSI_PEREG_CUR
o_cur = [inout]

05.02 17:27:32:       Rows was return: 5919

05.02 17:27:32: [WEB-01 - OPEN] SMT.NSI_PKG.EQ_MFR_CUR
o_cur = [inout]

05.02 17:27:33:       Rows was return: 299

05.02 17:27:33: [WEB-01 - OPEN] SMT.SMT_REPORT_PKG.FIRM_TREE_CUR
p_id_user = 8458 [in], p_code_object = aIncident [in], o_cur = [inout]

05.02 17:27:33:       Rows was return: 244

05.02 17:27:33: [WEB-01 - OPEN] SMT.SMT_NSI_PKG.NSI_ENTER_DEPOT_REASON_CUR
o_cur = [inout]

05.02 17:27:38:       Rows was return: 21

05.02 17:27:38: [WEB-01 - OPEN] SMT.NSI_PKG.KASANT_STATE_SAFETY_CUR
o_cur = [inout]

05.02 17:27:38:       Rows was return: 727

05.02 17:27:38: [WEB-01 - OPEN] SMT.NSI_PKG.TCHR_FULL_LIST_CUR
o_cur = [inout]

05.02 17:27:40:       Rows was return: 231

05.02 17:27:40: [WEB-01 - OPEN] SMT.NSI_PKG.TCHR_LIST_CUR
p_id_user = 8458 [in], p_code_object = aIncident [in], o_cur = [inout]

05.02 17:27:40:       Rows was return: 229

05.02 17:27:40: [WEB-01 - OPEN] SMT.NSI_PKG.EQ_AGG_TYPE_CUR
o_cur = [inout]

05.02 17:27:40:       Rows was return: 101

05.02 17:27:44: [WEB-01 - OPEN] SMT.SMT_NSI_PKG.FTP_SETTINGS_CUR
o_cur = [inout]

05.02 17:27:44:       Rows was return: 1

05.02 17:27:44: [WEB-01 - OPEN] SMT.APP_NSI_PKG.FIRM_TREE_CUR
p_id_user = 8458 [in], p_code_object = aIncident [in], o_cur = [inout]

05.02 17:27:44:       Rows was return: 252

05.02 17:27:48: [WEB-01 - OPEN] SMT.SMT_NSI2_PKG.NSI_DOC_LIST_CUR
o_cur = [inout]

05.02 17:27:48:       Rows was return: 11

05.02 17:27:49: [WEB-01 - OPEN] SMT.NSI_PKG.LOC_SER_2_0_CUR
o_cur = [inout]

05.02 17:27:49:       Rows was return: 131

05.02 17:27:49: [WEB-01 - OPEN] SMT.SMT_NSI2_PKG.NOM_SER_LOC_CUR
o_cur = [inout], p_kod_ser = 0 [in]

05.02 17:27:49:       Rows was return: 1

05.02 17:27:49: [WEB-01 - EXEC] SMT_ADM_PKG.ASUT_USER_STAT
p_id_user = 8458 [inout], p_type_s = Вход. Инциденты. [in], p_id_session = 192553 [in], o_Err_Code = [inout], o_Err_Msg = [inout]

05.02 17:27:51: [WEB-01 - OPEN] SMT.SMT_NSI_PKG.ENABLE_TABSHEET_CUR
p_state_id = 3 [in], o_cur = [inout]

05.02 17:27:51:       Rows was return: 5

05.02 17:27:51: [WEB-01 - OPEN] SMT.SMT_NSI_PKG.SMT_NSI_STATES_CUR
o_cur = [inout], o_default = 3 [inout]

05.02 17:27:51:       Rows was return: 3

05.02 17:27:51: [WEB-01 - OPEN] SMT.SMT_NSI2_PKG.NSI_DOC_LIST_CUR
o_cur = [inout]

05.02 17:27:51:       Rows was return: 11

05.02 17:27:53: [WEB-01 - OPEN] SMT.INCIDENT_PKG.INCIDENT_2_0_RECORD_SHEET
p_sheet_id = 0 [in], o_cur = [inout]

05.02 17:27:53:       Rows was return: 0

05.02 17:27:53: [WEB-01 - OPEN] SMT.INCIDENT_PKG.INCIDENT_RUNNING_CUR
p_sheet_id = 0 [in], o_cur = [inout]

05.02 17:27:53:       Rows was return: 0

05.02 17:27:53: [WEB-01 - OPEN] SMT.INCIDENT_PKG.ATTACH_CUR
p_sheet_id = 0 [in], o_cur = [inout]

05.02 17:27:53:       Rows was return: 0

05.02 17:27:53: [WEB-01 - OPEN] SMT.TEST_PKG.RELATED_INCIDENT_CHILD_CUR
p_parent_sheet_id = 0 [in], o_cur = [inout]

05.02 17:27:53:       Rows was return: 0

05.02 17:27:53: [WEB-01 - OPEN] SMT.INCIDENT_PKG.PAUSE_CUR
p_sheet_id = 0 [in], o_cur = [inout]

05.02 17:27:53:       Rows was return: 0

05.02 17:27:53: [WEB-01 - OPEN] SMT.INCIDENT_PKG.STORAGE_2_0_CUR
p_sheet_id = 0 [in], o_cur = [inout]

05.02 17:27:53:       Rows was return: 0

05.02 17:27:53: [WEB-01 - OPEN] SMT.INCIDENT_PKG.ESCALATION_CUR
p_sheet_id = 0 [in], o_cur = [inout]

05.02 17:27:53:       Rows was return: 0

05.02 17:27:53: [WEB-01 - OPEN] SMT.INCIDENT_PKG.ACTION_CUR
p_sheet_id = 0 [in], o_cur = [inout]

05.02 17:27:54:       Rows was return: 0

05.02 17:27:54: [WEB-01 - OPEN] SMT.NSI_PKG.EQ_TREE_NEW_CUR
o_cur = [inout]

05.02 17:27:54:       Rows was return: 2748

05.02 17:27:54: SystemType: lvl = 1 : 11

05.02 17:27:54: [WEB-01 - OPEN] SMT.NSI_PKG.NSI_SOLUTION_TYPE_TREE
o_cur = [inout]

05.02 17:27:54:       Rows was return: 5

05.02 17:27:54: [WEB-01 - OPEN] SMT.INCIDENT_PKG.EQ_NEW_CLASSIF_CUR
p_sheet_id = 0 [in], o_cur = [inout]

05.02 17:27:54:       Rows was return: 0

05.02 17:27:54: System: parent_class_id = 0 AND lvl = 2 : 36

05.02 17:27:54: Unit: parent_class_id = 2965 AND lvl = 3 : 0

05.02 17:27:54: Detail: parent_class_id = 0 AND lvl = 4 : 64

05.02 17:27:56: [WEB-01 - OPEN] SMT.LOC_PARK_PKG.SEARCH_LOC_2_0_CUR
p_num_tpe = 12 [in], p_kod_ser = 0 [in], o_cur = [inout]

05.02 17:27:56:       Rows was return: 56

05.02 17:55:02: [WEB-01 - OPEN] SMT.LOC_PARK_PKG.SEARCH_LOC_2_0_CUR
p_num_tpe = 12 [in], p_kod_ser = 0 [in], o_cur = [inout]

05.02 17:55:02:       Rows was return: 56

05.02 18:00:00: [WEB-01 - OPEN] SMT.INCIDENT2_PKG.INCIDENT_2_0_NLOC_SER_LIST_CUR
p_date_begin = 27.11.2019 [in], p_date_finish = 30.11.2019 [in], p_show_all = 1 [in], p_relation_type = 0 [in], p_access = 599003178 [in], p_kod_ser = 0 [in], p_nom_sec = -1 [in], p_nom_object = 0 [in], o_cur = [inout]

05.02 18:00:27:       Rows was return: 12

05.02 18:00:28: [WEB-01 - OPEN] SMT.INCIDENT2_PKG.INCIDENT_2_0_NLOC_SER_LIST_CUR
p_date_begin = 27.11.2019 [in], p_date_finish = 30.11.2019 [in], p_show_all = 1 [in], p_relation_type = 1 [in], p_access = 599003178 [in], p_kod_ser = 0 [in], p_nom_sec = -1 [in], p_nom_object = 0 [in], o_cur = [inout]

05.02 18:00:56:       Rows was return: 0

13.02 11:56:43: [WEB-01 - EXEC] SMT.SMT_ADM_PKG.AUTHUSR
p_login = SuslovAA [in], p_pwd = VIAR1927 [in], p_kod_firm = [inout], p_firm_name = [inout], p_dol_name = [inout], p_user_id = [inout], p_access_pred_id = [inout], p_access_level_name = [inout], p_id_session = [inout], o_Err_Code = [inout], o_Err_Msg = [inout]

13.02 11:56:43: [WEB-01 - OPEN] SMT.ASUT_PERMISSION_PKG.GET_USER_FUNCTIONS
o_cur = [inout], i_asut_user_id = 8458 [in]

13.02 11:56:43:       Rows was return: 30

13.02 11:56:43: [WEB-01 - OPEN] SMT.U_USERS_ADMIN.U_USER_ADMIN_CUR
o_cur = [inout], p_user_id = 8458 [in]

13.02 11:56:43:       Rows was return: 42

13.02 11:56:43: [WEB-01 - OPEN] SMT.SMT_NSI_PKG.SMT_NSI_RESPONSIBLE_DPT_CUR
o_cur = [inout], o_default = 0 [inout]

13.02 11:56:43:       Rows was return: 308

13.02 11:56:43: [WEB-01 - OPEN] SMT.NSI_PKG.REASON_TREE_CUR
o_cur = [inout]

13.02 11:56:44:       Rows was return: 181

13.02 11:56:44: [WEB-01 - OPEN] SMT.NSI_PKG.NSI_UNIV_CUR
o_cur = [inout]

13.02 11:56:44:       Rows was return: 228

13.02 11:56:44: [WEB-01 - OPEN] SMT.NSI_PKG.TCH_FULL_LIST_CUR
o_cur = [inout]

13.02 11:56:48:       Rows was return: 1223

13.02 11:56:48: [WEB-01 - OPEN] SMT.SMT_NSI_PKG.SMT_NSI_DEPOT_PLAIN_CUR
p_road_kod = 0 [in], o_cur = [inout]

13.02 11:56:54:       Rows was return: 250

13.02 11:56:54: [WEB-01 - OPEN] SMT.NSI_PKG.NSI_STATION_CUR
o_cur = [inout]

13.02 11:56:55:       Rows was return: 15227

13.02 11:56:55: [WEB-01 - OPEN] SMT.NSI_PKG.NSI_PEREG_CUR
o_cur = [inout]

13.02 11:56:55:       Rows was return: 5919

13.02 11:56:55: [WEB-01 - OPEN] SMT.NSI_PKG.EQ_MFR_CUR
o_cur = [inout]

13.02 11:56:55:       Rows was return: 299

13.02 11:56:55: [WEB-01 - OPEN] SMT.SMT_REPORT_PKG.FIRM_TREE_CUR
p_id_user = 8458 [in], p_code_object = aIncident [in], o_cur = [inout]

13.02 11:56:55:       Rows was return: 244

13.02 11:56:55: [WEB-01 - OPEN] SMT.SMT_NSI_PKG.NSI_ENTER_DEPOT_REASON_CUR
o_cur = [inout]

13.02 11:56:55:       Rows was return: 21

13.02 11:56:55: [WEB-01 - OPEN] SMT.NSI_PKG.KASANT_STATE_SAFETY_CUR
o_cur = [inout]

13.02 11:56:55:       Rows was return: 727

13.02 11:56:55: [WEB-01 - OPEN] SMT.NSI_PKG.TCHR_FULL_LIST_CUR
o_cur = [inout]

13.02 11:56:55:       Rows was return: 231

13.02 11:56:55: [WEB-01 - OPEN] SMT.NSI_PKG.TCHR_LIST_CUR
p_id_user = 8458 [in], p_code_object = aIncident [in], o_cur = [inout]

13.02 11:56:55:       Rows was return: 229

13.02 11:56:55: [WEB-01 - OPEN] SMT.NSI_PKG.EQ_AGG_TYPE_CUR
o_cur = [inout]

13.02 11:56:55:       Rows was return: 101

13.02 12:02:31: [WEB-01 - EXEC] SMT_ADM_PKG.ASUT_USER_STAT
p_id_user = 8458 [inout], p_type_s = Выход из ЕСМТ [in], p_id_session = 217136 [in], o_Err_Code = [inout], o_Err_Msg = [inout]

